[2019-08-08 17:21:17,604] - Logs.py] - INFO: 打开浏览器成功
[2019-08-08 17:21:17,694] - Logs.py] - INFO: 输入账号成功
[2019-08-08 17:21:17,775] - Logs.py] - INFO: 输入密码成功
[2019-08-08 17:21:18,357] - Logs.py] - INFO: 点击登陆成功
[2019-08-08 17:21:18,955] - Logs.py] - INFO: 点击供电数据共享中心成功
[2019-08-08 17:21:19,497] - Logs.py] - INFO: 点击系统管理成功
[2019-08-08 17:21:19,666] - Logs.py] - INFO: 点击平台管理成功
[2019-08-08 17:21:20,528] - Logs.py] - INFO: 点击添加按钮成功
[2019-08-08 17:21:20,712] - Logs.py] - INFO: 输入平台名称成功
[2019-08-08 17:21:21,103] - Logs.py] - INFO: 输入平台编号成功
[2019-08-08 17:21:21,630] - Logs.py] - INFO: 输入发布地址成功
[2019-08-08 17:21:22,161] - Logs.py] - INFO: 输入系统描述成功
[2019-08-08 17:21:22,245] - Logs.py] - INFO: 点击保存按钮成功
[2019-08-08 17:21:22,341] - Logs.py] - INFO: 点击修改按钮成功
[2019-08-08 17:21:22,509] - Logs.py] - INFO: 修改平台名称成功
[2019-08-08 17:21:22,579] - Logs.py] - INFO: 点击保存按钮成功
[2019-08-08 17:21:22,651] - Logs.py] - INFO: 等待查询按钮出现成功
[2019-08-08 17:21:22,814] - Logs.py] - INFO: 输入查询条件成功
[2019-08-08 17:21:23,941] - Logs.py] - INFO: 点击查询按钮成功
[2019-08-08 17:21:23,959] - Logs.py] - ERROR: 验证平台名称异常
[2019-08-08 17:22:15,432] - Logs.py] - INFO: 打开浏览器成功
[2019-08-08 17:22:15,523] - Logs.py] - INFO: 输入账号成功
[2019-08-08 17:22:15,607] - Logs.py] - INFO: 输入密码成功
[2019-08-08 17:22:16,246] - Logs.py] - INFO: 点击登陆成功
[2019-08-08 17:22:16,707] - Logs.py] - INFO: 点击供电数据共享中心成功
[2019-08-08 17:22:17,260] - Logs.py] - INFO: 点击系统管理成功
[2019-08-08 17:22:17,460] - Logs.py] - INFO: 点击平台管理成功
[2019-08-08 17:22:18,418] - Logs.py] - INFO: 点击添加按钮成功
[2019-08-08 17:22:18,614] - Logs.py] - INFO: 输入平台名称成功
[2019-08-08 17:22:18,884] - Logs.py] - INFO: 输入平台编号成功
[2019-08-08 17:22:19,469] - Logs.py] - INFO: 输入发布地址成功
[2019-08-08 17:22:20,046] - Logs.py] - INFO: 输入系统描述成功
[2019-08-08 17:22:20,133] - Logs.py] - INFO: 点击保存按钮成功
[2019-08-08 17:22:20,243] - Logs.py] - INFO: 点击修改按钮成功
[2019-08-08 17:22:20,415] - Logs.py] - INFO: 修改平台名称成功
[2019-08-08 17:22:20,509] - Logs.py] - INFO: 点击保存按钮成功
[2019-08-08 17:22:20,565] - Logs.py] - INFO: 等待查询按钮出现成功
[2019-08-08 17:22:20,659] - Logs.py] - INFO: 输入查询条件成功
[2019-08-08 17:22:21,782] - Logs.py] - INFO: 点击查询按钮成功
[2019-08-08 17:22:21,801] - Logs.py] - ERROR: 验证平台名称异常
