[2019-11-15 15:33:11,667] - Logs.py] - INFO: 打开浏览器成功
[2019-11-15 15:33:13,765] - Logs.py] - ERROR: 对输入框元素进行操作,未找到该元素!
[2019-11-15 15:33:13,767] - Logs.py] - ERROR: 输入账号异常
[2019-11-15 15:33:13,828] - Logs.py] - ERROR: 点击供电数据共享中心异常
[2019-11-15 15:33:13,921] - Logs.py] - ERROR: 点击修改按钮异常
[2019-11-15 15:33:13,942] - Logs.py] - ERROR: 等待查询按钮出现异常
[2019-11-15 15:43:21,418] - Logs.py] - INFO: 打开浏览器成功
[2019-11-15 15:43:23,503] - Logs.py] - ERROR: 对输入框元素进行操作,未找到该元素!
[2019-11-15 15:43:23,505] - Logs.py] - ERROR: 输入账号异常
[2019-11-15 15:44:56,547] - Logs.py] - INFO: 打开浏览器成功
[2019-11-15 15:45:27,473] - Logs.py] - ERROR: 对输入框元素进行操作,未找到该元素!
[2019-11-15 15:48:37,725] - Logs.py] - INFO: 打开浏览器成功
[2019-11-15 15:48:37,906] - Logs.py] - INFO: 输入账号成功
[2019-11-15 15:48:38,084] - Logs.py] - INFO: 输入密码成功
[2019-11-15 15:48:38,248] - Logs.py] - INFO: 点击登陆成功
[2019-11-15 15:48:48,568] - Logs.py] - ERROR: 元素等待超时/未找到该元素
[2019-11-15 15:48:48,569] - Logs.py] - INFO: 等待系统导航出现成功
[2019-11-15 15:48:50,965] - Logs.py] - INFO: 关闭浏览器成功
[2019-11-15 15:51:04,680] - Logs.py] - INFO: 打开浏览器成功
[2019-11-15 15:51:04,878] - Logs.py] - INFO: 输入账号成功
[2019-11-15 15:51:05,063] - Logs.py] - INFO: 输入密码成功
[2019-11-15 15:51:05,206] - Logs.py] - INFO: 点击登陆成功
[2019-11-15 15:51:15,506] - Logs.py] - ERROR: 元素等待超时/未找到该元素
[2019-11-15 15:51:15,507] - Logs.py] - INFO: 等待系统导航出现成功
[2019-11-15 15:51:17,825] - Logs.py] - INFO: 关闭浏览器成功
[2019-11-15 15:54:49,735] - Logs.py] - INFO: 打开浏览器成功
[2019-11-15 15:54:49,979] - Logs.py] - INFO: 输入账号成功
[2019-11-15 15:54:50,169] - Logs.py] - INFO: 输入密码成功
[2019-11-15 15:54:50,326] - Logs.py] - INFO: 点击登陆成功
[2019-11-15 15:55:00,578] - Logs.py] - ERROR: 元素等待超时/未找到该元素
[2019-11-15 15:55:00,579] - Logs.py] - INFO: 等待系统导航出现成功
[2019-11-15 15:55:02,938] - Logs.py] - INFO: 关闭浏览器成功
[2019-11-15 16:04:54,082] - Logs.py] - INFO: 打开浏览器成功
[2019-11-15 16:04:54,284] - Logs.py] - INFO: 输入账号成功
[2019-11-15 16:04:54,467] - Logs.py] - INFO: 输入密码成功
[2019-11-15 16:04:54,617] - Logs.py] - INFO: 点击登陆成功
[2019-11-15 16:05:04,870] - Logs.py] - ERROR: 元素等待超时/未找到该元素
[2019-11-15 16:05:04,871] - Logs.py] - INFO: 等待系统导航出现成功
[2019-11-15 16:05:07,219] - Logs.py] - INFO: 关闭浏览器成功
[2019-11-15 16:10:28,821] - Logs.py] - INFO: 打开浏览器成功
[2019-11-15 16:10:29,066] - Logs.py] - INFO: 输入账号成功
[2019-11-15 16:10:29,255] - Logs.py] - INFO: 输入密码成功
[2019-11-15 16:10:29,410] - Logs.py] - INFO: 点击登陆成功
[2019-11-15 16:10:39,732] - Logs.py] - ERROR: 元素等待超时/未找到该元素
[2019-11-15 16:10:39,733] - Logs.py] - INFO: 等待系统导航出现成功
[2019-11-15 16:10:42,036] - Logs.py] - INFO: 关闭浏览器成功
[2019-11-15 16:24:13,112] - Logs.py] - INFO: 打开浏览器成功
[2019-11-15 16:24:19,208] - Logs.py] - INFO: 输入账号成功
[2019-11-15 16:24:20,414] - Logs.py] - INFO: 输入密码成功
[2019-11-15 16:24:21,649] - Logs.py] - INFO: 点击登陆成功
[2019-11-15 16:46:27,930] - Logs.py] - INFO: 打开浏览器成功
[2019-11-15 16:46:56,279] - Logs.py] - INFO: 打开浏览器成功
[2019-11-15 16:46:56,657] - Logs.py] - INFO: 输入账号成功
[2019-11-15 16:46:57,046] - Logs.py] - INFO: 输入密码成功
[2019-11-15 16:46:57,376] - Logs.py] - INFO: 点击登陆成功
[2019-11-15 16:47:07,840] - Logs.py] - ERROR: 元素等待超时/未找到该元素
[2019-11-15 16:47:07,844] - Logs.py] - INFO: 等待系统导航出现成功
[2019-11-15 16:47:10,405] - Logs.py] - INFO: 关闭浏览器成功
[2019-11-15 17:01:15,858] - Logs.py] - INFO: 打开浏览器成功
[2019-11-15 17:01:16,111] - Logs.py] - INFO: 输入账号成功
[2019-11-15 17:01:16,313] - Logs.py] - INFO: 输入密码成功
[2019-11-15 17:01:16,469] - Logs.py] - INFO: 点击登陆成功
[2019-11-15 17:01:16,579] - Logs.py] - ERROR: 文本是否一样异常
[2019-11-15 17:01:18,703] - Logs.py] - ERROR: 元素点击操作，找不到该元素
[2019-11-15 17:01:18,704] - Logs.py] - ERROR: 鼠标点击系统导航异常
[2019-11-15 17:01:20,980] - Logs.py] - ERROR: 对输入框元素进行操作,未找到该元素!
[2019-11-15 17:01:20,981] - Logs.py] - ERROR: 输入查询条件异常
[2019-11-15 17:01:23,124] - Logs.py] - ERROR: 元素点击操作，找不到该元素
[2019-11-15 17:01:23,125] - Logs.py] - ERROR: 点击修改按钮异常
[2019-11-15 17:01:25,261] - Logs.py] - ERROR: 元素点击操作，找不到该元素
[2019-11-15 17:01:25,261] - Logs.py] - ERROR: 删除按钮异常
[2019-11-15 17:01:25,426] - Logs.py] - INFO: 鼠标点击系统导航成功
[2019-11-15 17:01:25,528] - Logs.py] - ERROR: 等待时间异常
[2019-11-15 17:01:27,927] - Logs.py] - ERROR: 对输入框元素进行操作,未找到该元素!
[2019-11-15 17:01:27,928] - Logs.py] - ERROR: 输入查询条件异常
[2019-11-15 17:01:30,069] - Logs.py] - ERROR: 元素点击操作，找不到该元素
[2019-11-15 17:01:30,071] - Logs.py] - ERROR: 点击修改按钮异常
[2019-11-15 17:01:32,251] - Logs.py] - ERROR: 元素点击操作，找不到该元素
[2019-11-15 17:01:32,251] - Logs.py] - ERROR: 点击删除按钮异常
[2019-11-15 17:01:32,417] - Logs.py] - INFO: 鼠标点击系统导航成功
[2019-11-15 17:01:32,514] - Logs.py] - ERROR: 等待时间异常
[2019-11-15 17:01:34,666] - Logs.py] - ERROR: 对输入框元素进行操作,未找到该元素!
[2019-11-15 17:01:34,668] - Logs.py] - ERROR: 输入查询条件异常
[2019-11-15 17:01:36,853] - Logs.py] - ERROR: 元素点击操作，找不到该元素
[2019-11-15 17:01:36,853] - Logs.py] - ERROR: 点击修改按钮异常
[2019-11-15 17:01:38,823] - Logs.py] - ERROR: 元素点击操作，找不到该元素
[2019-11-15 17:01:38,823] - Logs.py] - ERROR: 点击删除按钮异常
[2019-11-15 17:01:38,957] - Logs.py] - ERROR: 元素点击操作，找不到该元素
[2019-11-15 17:01:38,957] - Logs.py] - ERROR: 鼠标点击系统导航异常
[2019-11-15 17:01:39,072] - Logs.py] - ERROR: 对输入框元素进行操作,未找到该元素!
[2019-11-15 17:01:39,072] - Logs.py] - ERROR: 输入查询条件异常
[2019-11-15 17:01:39,180] - Logs.py] - ERROR: 元素点击操作，找不到该元素
[2019-11-15 17:01:39,181] - Logs.py] - ERROR: 点击删除按钮异常
[2019-11-15 17:01:39,282] - Logs.py] - ERROR: 元素点击操作，找不到该元素
[2019-11-15 17:01:39,282] - Logs.py] - ERROR: 鼠标点击系统导航异常
[2019-11-15 17:01:39,390] - Logs.py] - ERROR: 对输入框元素进行操作,未找到该元素!
[2019-11-15 17:01:39,390] - Logs.py] - ERROR: 输入查询条件异常
[2019-11-15 17:01:39,492] - Logs.py] - ERROR: 元素点击操作，找不到该元素
[2019-11-15 17:01:39,493] - Logs.py] - ERROR: 点击修改按钮异常
[2019-11-15 17:01:39,619] - Logs.py] - ERROR: 元素点击操作，找不到该元素
[2019-11-15 17:01:39,620] - Logs.py] - ERROR: 点击删除按钮异常
[2019-11-15 17:01:39,729] - Logs.py] - ERROR: 元素点击操作，找不到该元素
[2019-11-15 17:01:39,730] - Logs.py] - ERROR: 鼠标点击系统导航异常
[2019-11-15 17:01:39,836] - Logs.py] - ERROR: 对输入框元素进行操作,未找到该元素!
[2019-11-15 17:01:39,837] - Logs.py] - ERROR: 输入查询条件异常
[2019-11-15 17:01:39,941] - Logs.py] - ERROR: 元素点击操作，找不到该元素
[2019-11-15 17:01:39,941] - Logs.py] - ERROR: 点击删除按钮异常
[2019-11-15 17:01:40,054] - Logs.py] - ERROR: 元素点击操作，找不到该元素
[2019-11-15 17:01:40,055] - Logs.py] - ERROR: 鼠标点击系统导航异常
[2019-11-15 17:01:40,153] - Logs.py] - ERROR: 对输入框元素进行操作,未找到该元素!
[2019-11-15 17:01:40,154] - Logs.py] - ERROR: 输入查询条件异常
[2019-11-15 17:01:40,255] - Logs.py] - ERROR: 元素点击操作，找不到该元素
[2019-11-15 17:01:40,255] - Logs.py] - ERROR: 点击删除按钮异常
[2019-11-15 17:05:30,308] - Logs.py] - INFO: 打开浏览器成功
[2019-11-15 17:05:30,775] - Logs.py] - INFO: 输入账号成功
[2019-11-15 17:05:31,179] - Logs.py] - INFO: 输入密码成功
[2019-11-15 17:05:31,524] - Logs.py] - INFO: 点击登陆成功
[2019-11-15 17:05:33,844] - Logs.py] - ERROR: 文本是否一样异常
[2019-11-15 17:07:36,762] - Logs.py] - INFO: 打开浏览器成功
[2019-11-15 17:07:36,975] - Logs.py] - INFO: 输入账号成功
[2019-11-15 17:07:37,192] - Logs.py] - INFO: 输入密码成功
[2019-11-15 17:07:37,351] - Logs.py] - INFO: 点击登陆成功
[2019-11-15 17:07:39,506] - Logs.py] - ERROR: 文本是否一样异常
[2019-11-15 17:09:02,333] - Logs.py] - INFO: 打开浏览器成功
[2019-11-15 17:09:02,709] - Logs.py] - INFO: 输入账号成功
[2019-11-15 17:09:03,101] - Logs.py] - INFO: 输入密码成功
[2019-11-15 17:09:03,458] - Logs.py] - INFO: 点击登陆成功
[2019-11-15 17:09:50,875] - Logs.py] - ERROR: 文本是否一样异常
[2019-11-15 17:21:28,574] - Logs.py] - INFO: 打开浏览器成功
[2019-11-15 17:21:29,113] - Logs.py] - INFO: 输入账号成功
[2019-11-15 17:21:29,585] - Logs.py] - INFO: 输入密码成功
[2019-11-15 17:21:30,017] - Logs.py] - INFO: 点击登陆成功
[2019-11-15 17:23:58,459] - Logs.py] - INFO: 打开浏览器成功
[2019-11-15 17:24:03,986] - Logs.py] - INFO: 输入账号成功
[2019-11-15 17:24:05,179] - Logs.py] - INFO: 输入密码成功
[2019-11-15 17:24:07,020] - Logs.py] - INFO: 点击登陆成功
[2019-11-15 17:25:32,005] - Logs.py] - INFO: 打开浏览器成功
[2019-11-15 17:25:51,235] - Logs.py] - INFO: 输入账号成功
[2019-11-15 17:25:52,174] - Logs.py] - INFO: 输入密码成功
[2019-11-15 17:25:53,445] - Logs.py] - INFO: 点击登陆成功
[2019-11-15 17:26:04,067] - Logs.py] - INFO: Sleep等待
[2019-11-15 17:29:11,991] - Logs.py] - INFO: 打开浏览器成功
[2019-11-15 17:29:12,376] - Logs.py] - INFO: 输入账号成功
[2019-11-15 17:29:12,771] - Logs.py] - INFO: 输入密码成功
[2019-11-15 17:29:13,110] - Logs.py] - INFO: 点击登陆成功
[2019-11-15 17:29:23,111] - Logs.py] - INFO: Sleep等待
[2019-11-15 17:30:20,825] - Logs.py] - INFO: 文本是否一样成功
[2019-11-15 17:30:27,327] - Logs.py] - INFO: 关闭浏览器成功
[2019-11-15 17:44:16,339] - Logs.py] - ERROR: 元素点击操作，找不到该元素
[2019-11-15 17:44:16,340] - Logs.py] - ERROR: 鼠标点击系统导航异常
[2019-11-15 17:44:16,436] - Logs.py] - ERROR: 对输入框元素进行操作,未找到该元素!
[2019-11-15 17:44:16,436] - Logs.py] - ERROR: 输入查询条件异常
[2019-11-15 17:44:16,537] - Logs.py] - ERROR: 元素点击操作，找不到该元素
[2019-11-15 17:44:16,537] - Logs.py] - ERROR: 点击修改按钮异常
[2019-11-15 17:44:16,633] - Logs.py] - ERROR: 元素点击操作，找不到该元素
[2019-11-15 17:44:16,634] - Logs.py] - ERROR: 删除按钮异常
[2019-11-15 17:44:16,729] - Logs.py] - ERROR: 元素点击操作，找不到该元素
[2019-11-15 17:44:16,730] - Logs.py] - ERROR: 鼠标点击系统导航异常
[2019-11-15 17:44:16,831] - Logs.py] - ERROR: 对输入框元素进行操作,未找到该元素!
[2019-11-15 17:44:16,832] - Logs.py] - ERROR: 输入查询条件异常
[2019-11-15 17:44:16,929] - Logs.py] - ERROR: 元素点击操作，找不到该元素
[2019-11-15 17:44:16,929] - Logs.py] - ERROR: 点击修改按钮异常
[2019-11-15 17:44:17,027] - Logs.py] - ERROR: 元素点击操作，找不到该元素
[2019-11-15 17:44:17,028] - Logs.py] - ERROR: 点击删除按钮异常
[2019-11-15 17:44:17,123] - Logs.py] - ERROR: 元素点击操作，找不到该元素
[2019-11-15 17:44:17,124] - Logs.py] - ERROR: 鼠标点击系统导航异常
[2019-11-15 17:44:17,226] - Logs.py] - ERROR: 对输入框元素进行操作,未找到该元素!
[2019-11-15 17:44:17,226] - Logs.py] - ERROR: 输入查询条件异常
[2019-11-15 17:44:17,322] - Logs.py] - ERROR: 元素点击操作，找不到该元素
[2019-11-15 17:44:17,322] - Logs.py] - ERROR: 点击修改按钮异常
[2019-11-15 17:44:17,419] - Logs.py] - ERROR: 元素点击操作，找不到该元素
[2019-11-15 17:44:17,419] - Logs.py] - ERROR: 点击删除按钮异常
[2019-11-15 17:44:17,516] - Logs.py] - ERROR: 元素点击操作，找不到该元素
[2019-11-15 17:44:17,516] - Logs.py] - ERROR: 鼠标点击系统导航异常
[2019-11-15 17:44:17,623] - Logs.py] - ERROR: 对输入框元素进行操作,未找到该元素!
[2019-11-15 17:44:17,623] - Logs.py] - ERROR: 输入查询条件异常
[2019-11-15 17:44:17,726] - Logs.py] - ERROR: 元素点击操作，找不到该元素
[2019-11-15 17:44:17,726] - Logs.py] - ERROR: 点击删除按钮异常
[2019-11-15 17:44:17,830] - Logs.py] - ERROR: 元素点击操作，找不到该元素
[2019-11-15 17:44:17,830] - Logs.py] - ERROR: 鼠标点击系统导航异常
[2019-11-15 17:44:17,934] - Logs.py] - ERROR: 对输入框元素进行操作,未找到该元素!
[2019-11-15 17:44:17,934] - Logs.py] - ERROR: 输入查询条件异常
[2019-11-15 17:44:18,036] - Logs.py] - ERROR: 元素点击操作，找不到该元素
[2019-11-15 17:44:18,037] - Logs.py] - ERROR: 点击修改按钮异常
[2019-11-15 17:44:18,133] - Logs.py] - ERROR: 元素点击操作，找不到该元素
[2019-11-15 17:44:18,133] - Logs.py] - ERROR: 点击删除按钮异常
[2019-11-15 17:44:18,229] - Logs.py] - ERROR: 元素点击操作，找不到该元素
[2019-11-15 17:44:18,230] - Logs.py] - ERROR: 鼠标点击系统导航异常
[2019-11-15 17:44:18,322] - Logs.py] - ERROR: 对输入框元素进行操作,未找到该元素!
[2019-11-15 17:44:18,323] - Logs.py] - ERROR: 输入查询条件异常
[2019-11-15 17:44:18,426] - Logs.py] - ERROR: 元素点击操作，找不到该元素
[2019-11-15 17:44:18,426] - Logs.py] - ERROR: 点击删除按钮异常
[2019-11-15 17:44:18,528] - Logs.py] - ERROR: 元素点击操作，找不到该元素
[2019-11-15 17:44:18,528] - Logs.py] - ERROR: 鼠标点击系统导航异常
[2019-11-15 17:44:18,625] - Logs.py] - ERROR: 对输入框元素进行操作,未找到该元素!
[2019-11-15 17:44:18,626] - Logs.py] - ERROR: 输入查询条件异常
[2019-11-15 17:44:18,721] - Logs.py] - ERROR: 元素点击操作，找不到该元素
[2019-11-15 17:44:18,722] - Logs.py] - ERROR: 点击删除按钮异常
[2019-11-15 17:44:39,323] - Logs.py] - ERROR: 元素点击操作，找不到该元素
[2019-11-15 17:44:39,323] - Logs.py] - ERROR: 鼠标点击系统导航异常
[2019-11-15 17:44:39,418] - Logs.py] - ERROR: 对输入框元素进行操作,未找到该元素!
[2019-11-15 17:44:39,419] - Logs.py] - ERROR: 输入查询条件异常
[2019-11-15 17:44:39,517] - Logs.py] - ERROR: 元素点击操作，找不到该元素
[2019-11-15 17:44:39,518] - Logs.py] - ERROR: 点击修改按钮异常
[2019-11-15 17:44:39,611] - Logs.py] - ERROR: 元素点击操作，找不到该元素
[2019-11-15 17:44:39,611] - Logs.py] - ERROR: 删除按钮异常
[2019-11-15 17:44:39,705] - Logs.py] - ERROR: 元素点击操作，找不到该元素
[2019-11-15 17:44:39,706] - Logs.py] - ERROR: 鼠标点击系统导航异常
[2019-11-15 17:44:39,806] - Logs.py] - ERROR: 对输入框元素进行操作,未找到该元素!
[2019-11-15 17:44:39,807] - Logs.py] - ERROR: 输入查询条件异常
[2019-11-15 17:44:39,901] - Logs.py] - ERROR: 元素点击操作，找不到该元素
[2019-11-15 17:44:39,902] - Logs.py] - ERROR: 点击修改按钮异常
[2019-11-15 17:44:39,996] - Logs.py] - ERROR: 元素点击操作，找不到该元素
[2019-11-15 17:44:39,996] - Logs.py] - ERROR: 点击删除按钮异常
[2019-11-15 17:44:40,093] - Logs.py] - ERROR: 元素点击操作，找不到该元素
[2019-11-15 17:44:40,094] - Logs.py] - ERROR: 鼠标点击系统导航异常
[2019-11-15 17:44:40,194] - Logs.py] - ERROR: 对输入框元素进行操作,未找到该元素!
[2019-11-15 17:44:40,194] - Logs.py] - ERROR: 输入查询条件异常
[2019-11-15 17:44:40,289] - Logs.py] - ERROR: 元素点击操作，找不到该元素
[2019-11-15 17:44:40,289] - Logs.py] - ERROR: 点击修改按钮异常
[2019-11-15 17:44:40,384] - Logs.py] - ERROR: 元素点击操作，找不到该元素
[2019-11-15 17:44:40,384] - Logs.py] - ERROR: 点击删除按钮异常
[2019-11-15 17:44:40,478] - Logs.py] - ERROR: 元素点击操作，找不到该元素
[2019-11-15 17:44:40,478] - Logs.py] - ERROR: 鼠标点击系统导航异常
[2019-11-15 17:44:40,581] - Logs.py] - ERROR: 对输入框元素进行操作,未找到该元素!
[2019-11-15 17:44:40,581] - Logs.py] - ERROR: 输入查询条件异常
[2019-11-15 17:44:40,682] - Logs.py] - ERROR: 元素点击操作，找不到该元素
[2019-11-15 17:44:40,682] - Logs.py] - ERROR: 点击删除按钮异常
[2019-11-15 17:44:40,786] - Logs.py] - ERROR: 元素点击操作，找不到该元素
[2019-11-15 17:44:40,787] - Logs.py] - ERROR: 鼠标点击系统导航异常
[2019-11-15 17:44:40,887] - Logs.py] - ERROR: 对输入框元素进行操作,未找到该元素!
[2019-11-15 17:44:40,887] - Logs.py] - ERROR: 输入查询条件异常
[2019-11-15 17:44:40,993] - Logs.py] - ERROR: 元素点击操作，找不到该元素
[2019-11-15 17:44:40,994] - Logs.py] - ERROR: 点击修改按钮异常
[2019-11-15 17:44:41,089] - Logs.py] - ERROR: 元素点击操作，找不到该元素
[2019-11-15 17:44:41,090] - Logs.py] - ERROR: 点击删除按钮异常
[2019-11-15 17:44:41,187] - Logs.py] - ERROR: 元素点击操作，找不到该元素
[2019-11-15 17:44:41,187] - Logs.py] - ERROR: 鼠标点击系统导航异常
[2019-11-15 17:44:41,291] - Logs.py] - ERROR: 对输入框元素进行操作,未找到该元素!
[2019-11-15 17:44:41,292] - Logs.py] - ERROR: 输入查询条件异常
[2019-11-15 17:44:41,393] - Logs.py] - ERROR: 元素点击操作，找不到该元素
[2019-11-15 17:44:41,393] - Logs.py] - ERROR: 点击删除按钮异常
[2019-11-15 17:44:41,489] - Logs.py] - ERROR: 元素点击操作，找不到该元素
[2019-11-15 17:44:41,490] - Logs.py] - ERROR: 鼠标点击系统导航异常
[2019-11-15 17:44:41,585] - Logs.py] - ERROR: 对输入框元素进行操作,未找到该元素!
[2019-11-15 17:44:41,585] - Logs.py] - ERROR: 输入查询条件异常
[2019-11-15 17:44:41,679] - Logs.py] - ERROR: 元素点击操作，找不到该元素
[2019-11-15 17:44:41,680] - Logs.py] - ERROR: 点击删除按钮异常
[2019-11-15 17:49:10,772] - Logs.py] - INFO: 打开浏览器成功
[2019-11-15 17:49:10,975] - Logs.py] - INFO: 输入账号成功
[2019-11-15 17:49:11,196] - Logs.py] - INFO: 输入密码成功
[2019-11-15 17:49:11,344] - Logs.py] - INFO: 点击登陆成功
[2019-11-15 17:49:21,450] - Logs.py] - INFO: Sleep等待
[2019-11-15 17:49:21,452] - Logs.py] - INFO: Sleep一下成功
[2019-11-15 17:49:21,647] - Logs.py] - INFO: 文本是否一样成功
[2019-11-15 17:49:24,003] - Logs.py] - INFO: 关闭浏览器成功
