[2020-05-26 14:22:24,590] - Logs.py] - INFO: 打开浏览器成功
[2020-05-26 14:22:26,924] - Logs.py] - ERROR: 对输入框元素进行操作,未找到该元素!
[2020-05-26 14:22:26,926] - Logs.py] - ERROR: 输入账号异常
[2020-05-26 14:26:50,331] - Logs.py] - INFO: 打开浏览器成功
[2020-05-26 14:26:52,499] - Logs.py] - ERROR: 对输入框元素进行操作,未找到该元素!
[2020-05-26 14:26:52,501] - Logs.py] - ERROR: 输入账号异常
[2020-05-26 14:27:53,857] - Logs.py] - INFO: 打开浏览器成功
[2020-05-26 14:27:54,109] - Logs.py] - INFO: 输入账号成功
[2020-05-26 14:27:54,235] - Logs.py] - INFO: 输入密码成功
[2020-05-26 14:27:54,311] - Logs.py] - INFO: 点击登陆成功
[2020-05-26 14:27:56,561] - Logs.py] - INFO: 关闭浏览器成功
[2020-05-26 14:56:11,714] - Logs.py] - INFO: 打开浏览器成功
[2020-05-26 14:56:11,832] - Logs.py] - INFO: 输入账号成功
[2020-05-26 14:56:11,966] - Logs.py] - INFO: 输入密码成功
[2020-05-26 14:56:12,037] - Logs.py] - INFO: 点击登陆成功
[2020-05-26 14:56:15,548] - Logs.py] - INFO: 关闭浏览器成功
[2020-05-26 16:43:25,819] - Logs.py] - INFO: 打开浏览器成功
[2020-05-26 16:43:25,944] - Logs.py] - INFO: 输入账号成功
[2020-05-26 16:43:26,066] - Logs.py] - INFO: 输入密码成功
[2020-05-26 16:43:26,133] - Logs.py] - INFO: 点击登陆成功
[2020-05-26 16:43:28,385] - Logs.py] - ERROR: 元素点击操作，找不到该元素
[2020-05-26 16:43:28,387] - Logs.py] - ERROR: 点击安全生产指挥异常
[2020-05-26 16:47:38,694] - Logs.py] - INFO: 打开浏览器成功
[2020-05-26 16:47:38,839] - Logs.py] - INFO: 输入账号成功
[2020-05-26 16:47:38,999] - Logs.py] - INFO: 输入密码成功
[2020-05-26 16:47:39,077] - Logs.py] - INFO: 点击登陆成功
[2020-05-26 16:47:41,368] - Logs.py] - ERROR: 元素点击操作，找不到该元素
[2020-05-26 16:47:41,370] - Logs.py] - ERROR: 点击安全生产指挥异常
[2020-05-26 16:55:36,584] - Logs.py] - INFO: 打开浏览器成功
[2020-05-26 16:55:36,730] - Logs.py] - INFO: 输入账号成功
[2020-05-26 16:55:36,850] - Logs.py] - INFO: 输入密码成功
[2020-05-26 16:55:36,916] - Logs.py] - INFO: 点击登陆成功
[2020-05-26 16:55:39,118] - Logs.py] - INFO: 关闭浏览器成功
[2020-05-26 16:56:23,173] - Logs.py] - INFO: 打开浏览器成功
[2020-05-26 16:56:23,338] - Logs.py] - INFO: 输入账号成功
[2020-05-26 16:56:23,459] - Logs.py] - INFO: 输入密码成功
[2020-05-26 16:56:23,534] - Logs.py] - INFO: 点击登陆成功
[2020-05-26 16:56:25,610] - Logs.py] - ERROR: 元素点击操作，找不到该元素
[2020-05-26 16:56:25,611] - Logs.py] - ERROR: 点击安全生产指挥异常
