[2021-12-09 14:29:54,759] - Logs.py] - INFO: 打开浏览器成功
[2021-12-09 14:29:54,790] - Logs.py] - INFO: 输入账号成功
[2021-12-09 14:29:54,808] - Logs.py] - INFO: 输入密码成功
[2021-12-09 14:30:00,058] - Logs.py] - INFO: 点击登陆成功
[2021-12-09 14:30:02,076] - Logs.py] - ERROR: 元素点击操作，找不到该元素
[2021-12-09 14:30:02,076] - Logs.py] - ERROR: 点击异常
[2021-12-09 14:30:17,130] - Logs.py] - INFO: 打开浏览器成功
[2021-12-09 14:30:17,152] - Logs.py] - INFO: 输入账号成功
[2021-12-09 14:30:17,166] - Logs.py] - INFO: 输入密码成功
[2021-12-09 14:30:27,412] - Logs.py] - INFO: 点击登陆成功
[2021-12-09 14:30:29,421] - Logs.py] - ERROR: 元素点击操作，找不到该元素
[2021-12-09 14:30:29,422] - Logs.py] - ERROR: 点击异常
[2021-12-09 14:30:50,913] - Logs.py] - INFO: 打开浏览器成功
[2021-12-09 14:30:50,932] - Logs.py] - INFO: 输入账号成功
[2021-12-09 14:30:50,943] - Logs.py] - INFO: 输入密码成功
[2021-12-09 14:31:01,184] - Logs.py] - INFO: 点击登陆成功
[2021-12-09 14:31:03,208] - Logs.py] - ERROR: 元素点击操作，找不到该元素
[2021-12-09 14:31:03,209] - Logs.py] - ERROR: 点击异常
[2021-12-09 14:31:56,141] - Logs.py] - INFO: 打开浏览器成功
[2021-12-09 14:31:56,164] - Logs.py] - INFO: 输入账号成功
[2021-12-09 14:31:56,179] - Logs.py] - INFO: 输入密码成功
[2021-12-09 14:32:06,427] - Logs.py] - INFO: 点击登陆成功
[2021-12-09 14:32:08,446] - Logs.py] - ERROR: 元素点击操作，找不到该元素
[2021-12-09 14:32:08,446] - Logs.py] - ERROR: 点击异常
[2021-12-09 14:33:33,531] - Logs.py] - INFO: 打开浏览器成功
[2021-12-09 14:33:33,556] - Logs.py] - INFO: 输入账号成功
[2021-12-09 14:33:33,568] - Logs.py] - INFO: 输入密码成功
[2021-12-09 14:33:43,811] - Logs.py] - INFO: 点击登陆成功
[2021-12-09 14:33:43,814] - Logs.py] - ERROR: 点击异常
[2021-12-09 14:36:43,076] - Logs.py] - INFO: 打开浏览器成功
[2021-12-09 14:36:43,104] - Logs.py] - INFO: 输入账号成功
[2021-12-09 14:36:43,122] - Logs.py] - INFO: 输入密码成功
[2021-12-09 14:36:53,363] - Logs.py] - INFO: 点击登陆成功
[2021-12-09 14:37:50,882] - Logs.py] - INFO: 打开浏览器成功
[2021-12-09 14:37:50,912] - Logs.py] - INFO: 输入账号成功
[2021-12-09 14:37:50,929] - Logs.py] - INFO: 输入密码成功
[2021-12-09 14:38:01,170] - Logs.py] - INFO: 点击登陆成功
[2021-12-09 14:38:01,171] - Logs.py] - ERROR: 点击http://f2e.callme.work/projects/sonic-saber/#/index异常
[2021-12-09 14:39:06,409] - Logs.py] - INFO: 打开浏览器成功
[2021-12-09 14:39:06,431] - Logs.py] - INFO: 输入账号成功
[2021-12-09 14:39:06,446] - Logs.py] - INFO: 输入密码成功
[2021-12-09 14:39:16,683] - Logs.py] - INFO: 点击登陆成功
[2021-12-09 14:39:16,912] - Logs.py] - INFO: 点击成功
[2021-12-09 14:41:19,659] - Logs.py] - INFO: 打开浏览器成功
[2021-12-09 14:41:19,681] - Logs.py] - INFO: 输入账号成功
[2021-12-09 14:41:19,697] - Logs.py] - INFO: 输入密码成功
[2021-12-09 14:41:29,932] - Logs.py] - INFO: 点击登陆成功
[2021-12-09 14:41:31,951] - Logs.py] - ERROR: 元素点击操作，找不到该元素
[2021-12-09 14:41:31,952] - Logs.py] - ERROR: 点击/html/body/div[1]/div[1]/div/nav/div[1]/div[2]/div[2]/div[1]/div[2]/div异常
[2021-12-09 14:41:42,287] - Logs.py] - INFO: 打开浏览器成功
[2021-12-09 14:41:42,309] - Logs.py] - INFO: 输入账号成功
[2021-12-09 14:41:42,323] - Logs.py] - INFO: 输入密码成功
[2021-12-09 14:41:52,550] - Logs.py] - INFO: 点击登陆成功
[2021-12-09 14:41:52,774] - Logs.py] - INFO: 点击成功
[2021-12-09 14:44:40,842] - Logs.py] - INFO: 打开浏览器成功
[2021-12-09 14:44:40,868] - Logs.py] - INFO: 输入账号成功
[2021-12-09 14:44:40,888] - Logs.py] - INFO: 输入密码成功
[2021-12-09 14:44:51,133] - Logs.py] - INFO: 点击登陆成功
[2021-12-09 14:45:18,855] - Logs.py] - INFO: 打开浏览器成功
[2021-12-09 14:45:18,882] - Logs.py] - INFO: 输入账号成功
[2021-12-09 14:45:18,901] - Logs.py] - INFO: 输入密码成功
[2021-12-09 14:45:29,147] - Logs.py] - INFO: 点击登陆成功
[2021-12-09 14:49:07,263] - Logs.py] - INFO: 打开浏览器成功
[2021-12-09 14:49:07,269] - Logs.py] - ERROR: 输入账号异常
[2021-12-09 14:50:46,329] - Logs.py] - INFO: 打开浏览器成功
[2021-12-09 14:52:30,084] - Logs.py] - INFO: 打开浏览器成功
[2021-12-09 14:52:30,091] - Logs.py] - ERROR: 输入账号异常
[2021-12-09 14:53:28,910] - Logs.py] - ERROR: 打开浏览器异常
[2021-12-09 14:54:17,940] - Logs.py] - INFO: 打开浏览器成功
[2021-12-09 14:54:17,966] - Logs.py] - INFO: 输入账号成功
[2021-12-09 14:54:17,983] - Logs.py] - INFO: 输入密码成功
[2021-12-09 14:54:50,817] - Logs.py] - INFO: 打开浏览器成功
[2021-12-09 14:54:50,842] - Logs.py] - INFO: 输入账号成功
[2021-12-09 14:54:50,859] - Logs.py] - INFO: 输入密码成功
[2021-12-09 14:55:00,867] - Logs.py] - ERROR: 点击登陆异常
[2021-12-09 14:56:12,389] - Logs.py] - INFO: 打开浏览器成功
[2021-12-09 14:56:12,415] - Logs.py] - INFO: 输入账号成功
[2021-12-09 14:56:12,434] - Logs.py] - INFO: 输入密码成功
[2021-12-09 14:56:22,685] - Logs.py] - INFO: 点击登陆成功
[2021-12-09 14:56:22,911] - Logs.py] - INFO: 点击成功
[2021-12-09 14:56:24,208] - Logs.py] - INFO: 点击成功
[2021-12-09 15:02:37,723] - Logs.py] - INFO: 打开浏览器成功
[2021-12-09 15:02:37,749] - Logs.py] - INFO: 输入账号成功
[2021-12-09 15:02:37,767] - Logs.py] - INFO: 输入密码成功
[2021-12-09 15:02:48,015] - Logs.py] - INFO: 点击登陆成功
[2021-12-09 15:02:48,257] - Logs.py] - INFO: 点击成功
[2021-12-09 15:02:49,561] - Logs.py] - INFO: 点击成功
[2021-12-09 15:02:52,580] - Logs.py] - ERROR: 对输入框元素进行操作,未找到该元素!
[2021-12-09 15:02:52,580] - Logs.py] - ERROR: 点击//*[@id="input-3292"]异常
[2021-12-09 15:07:47,982] - Logs.py] - INFO: 打开浏览器成功
[2021-12-09 15:07:48,007] - Logs.py] - INFO: 输入账号成功
[2021-12-09 15:07:48,022] - Logs.py] - INFO: 输入密码成功
[2021-12-09 15:07:58,258] - Logs.py] - INFO: 点击登陆成功
[2021-12-09 15:07:58,505] - Logs.py] - INFO: 点击成功
[2021-12-09 15:07:59,807] - Logs.py] - INFO: 点击成功
[2021-12-09 15:08:49,632] - Logs.py] - INFO: 打开浏览器成功
[2021-12-09 15:08:49,657] - Logs.py] - INFO: 输入账号成功
[2021-12-09 15:08:49,679] - Logs.py] - INFO: 输入密码成功
[2021-12-09 15:08:59,920] - Logs.py] - INFO: 点击登陆成功
[2021-12-09 15:09:00,150] - Logs.py] - INFO: 点击成功
[2021-12-09 15:09:01,464] - Logs.py] - INFO: 点击成功
[2021-12-09 15:09:03,774] - Logs.py] - INFO: 点击成功
[2021-12-09 18:08:05,950] - Logs.py] - INFO: 打开浏览器成功
[2021-12-09 18:08:05,976] - Logs.py] - INFO: 输入账号成功
[2021-12-09 18:08:05,989] - Logs.py] - INFO: 输入密码成功
[2021-12-09 18:08:16,227] - Logs.py] - INFO: 点击登陆成功
[2021-12-09 18:08:16,463] - Logs.py] - INFO: 点击成功
[2021-12-09 18:08:17,756] - Logs.py] - INFO: 点击成功
[2021-12-09 18:08:20,046] - Logs.py] - INFO: 点击成功
