[2022-02-07 14:28:46,952] - Logs.py] - INFO: 打开浏览器成功
[2022-02-07 14:28:46,978] - Logs.py] - INFO: 输入账号成功
[2022-02-07 14:28:46,992] - Logs.py] - INFO: 输入密码成功
[2022-02-07 14:28:47,046] - Logs.py] - INFO: 保存页面截图成功
[2022-02-07 14:28:54,848] - Logs.py] - INFO: 清理成功
[2022-02-07 14:28:57,106] - Logs.py] - INFO: 点击登陆成功
[2022-02-07 14:28:59,119] - Logs.py] - ERROR: 找不到该元素/html/body/div[1]/div[1]/div/header/div/div[1]/img
[2022-02-07 14:28:59,119] - Logs.py] - INFO: 点击登陆成功
[2022-02-07 14:28:59,177] - Logs.py] - INFO: 保存页面截图成功
[2022-02-07 14:28:59,335] - Logs.py] - INFO: 清理成功
[2022-02-07 14:29:01,596] - Logs.py] - INFO: 点击登陆成功
[2022-02-07 14:29:03,612] - Logs.py] - ERROR: 找不到该元素/html/body/div[1]/div[1]/div/header/div/div[1]/img
[2022-02-07 14:29:03,612] - Logs.py] - INFO: 点击登陆成功
[2022-02-07 14:29:03,659] - Logs.py] - INFO: 保存页面截图成功
[2022-02-07 14:29:03,804] - Logs.py] - INFO: 清理成功
[2022-02-07 14:29:06,074] - Logs.py] - INFO: 点击登陆成功
[2022-02-07 14:29:08,093] - Logs.py] - ERROR: 找不到该元素/html/body/div[1]/div[1]/div/header/div/div[1]/img
[2022-02-07 14:29:08,093] - Logs.py] - INFO: 点击登陆成功
[2022-02-07 14:29:08,143] - Logs.py] - INFO: 保存页面截图成功
[2022-02-07 14:29:08,288] - Logs.py] - INFO: 清理成功
[2022-02-07 14:29:10,561] - Logs.py] - INFO: 点击登陆成功
[2022-02-07 14:29:12,584] - Logs.py] - ERROR: 找不到该元素/html/body/div[1]/div[1]/div/header/div/div[1]/img
[2022-02-07 14:29:12,584] - Logs.py] - INFO: 点击登陆成功
[2022-02-07 14:29:12,631] - Logs.py] - INFO: 保存页面截图成功
[2022-02-07 14:29:12,774] - Logs.py] - INFO: 清理成功
[2022-02-07 14:29:15,043] - Logs.py] - INFO: 点击登陆成功
[2022-02-07 14:29:17,068] - Logs.py] - ERROR: 找不到该元素/html/body/div[1]/div[1]/div/header/div/div[1]/img
[2022-02-07 14:29:17,068] - Logs.py] - INFO: 点击登陆成功
[2022-02-07 14:29:17,116] - Logs.py] - INFO: 保存页面截图成功
[2022-02-07 14:29:17,262] - Logs.py] - INFO: 清理成功
[2022-02-07 14:29:19,527] - Logs.py] - INFO: 点击登陆成功
[2022-02-07 14:29:21,546] - Logs.py] - ERROR: 找不到该元素/html/body/div[1]/div[1]/div/header/div/div[1]/img
[2022-02-07 14:29:21,548] - Logs.py] - INFO: 点击登陆成功
[2022-02-07 14:29:21,601] - Logs.py] - INFO: 保存页面截图成功
[2022-02-07 14:29:21,752] - Logs.py] - INFO: 清理成功
[2022-02-07 14:29:24,001] - Logs.py] - INFO: 点击登陆成功
[2022-02-07 14:29:26,023] - Logs.py] - ERROR: 找不到该元素/html/body/div[1]/div[1]/div/header/div/div[1]/img
[2022-02-07 14:29:26,023] - Logs.py] - INFO: 点击登陆成功
[2022-02-07 14:29:26,071] - Logs.py] - INFO: 保存页面截图成功
[2022-02-07 14:29:26,218] - Logs.py] - INFO: 清理成功
[2022-02-07 14:29:28,487] - Logs.py] - INFO: 点击登陆成功
[2022-02-07 14:29:30,507] - Logs.py] - ERROR: 找不到该元素/html/body/div[1]/div[1]/div/header/div/div[1]/img
[2022-02-07 14:29:30,508] - Logs.py] - INFO: 点击登陆成功
[2022-02-07 14:29:30,560] - Logs.py] - INFO: 保存页面截图成功
[2022-02-07 14:29:30,716] - Logs.py] - INFO: 清理成功
[2022-02-07 14:29:32,994] - Logs.py] - INFO: 点击登陆成功
[2022-02-07 14:29:35,011] - Logs.py] - ERROR: 找不到该元素/html/body/div[1]/div[1]/div/header/div/div[1]/img
[2022-02-07 14:29:35,011] - Logs.py] - INFO: 点击登陆成功
[2022-02-07 14:29:35,059] - Logs.py] - INFO: 保存页面截图成功
[2022-02-07 14:29:35,207] - Logs.py] - INFO: 清理成功
[2022-02-07 14:29:37,491] - Logs.py] - INFO: 点击登陆成功
[2022-02-07 14:29:39,507] - Logs.py] - ERROR: 找不到该元素/html/body/div[1]/div[1]/div/header/div/div[1]/img
[2022-02-07 14:29:39,508] - Logs.py] - INFO: 点击登陆成功
[2022-02-07 14:29:39,554] - Logs.py] - INFO: 保存页面截图成功
[2022-02-07 14:29:39,693] - Logs.py] - INFO: 清理成功
[2022-02-07 14:29:41,960] - Logs.py] - INFO: 点击登陆成功
[2022-02-07 14:29:43,989] - Logs.py] - ERROR: 找不到该元素/html/body/div[1]/div[1]/div/header/div/div[1]/img
[2022-02-07 14:29:43,989] - Logs.py] - INFO: 点击登陆成功
[2022-02-07 14:29:44,036] - Logs.py] - INFO: 保存页面截图成功
[2022-02-07 14:29:44,174] - Logs.py] - INFO: 清理成功
[2022-02-07 14:29:46,420] - Logs.py] - INFO: 点击登陆成功
[2022-02-07 14:29:48,445] - Logs.py] - ERROR: 找不到该元素/html/body/div[1]/div[1]/div/header/div/div[1]/img
[2022-02-07 14:29:48,446] - Logs.py] - INFO: 点击登陆成功
[2022-02-07 14:29:48,493] - Logs.py] - INFO: 保存页面截图成功
[2022-02-07 14:29:48,636] - Logs.py] - INFO: 清理成功
[2022-02-07 14:29:50,906] - Logs.py] - INFO: 点击登陆成功
[2022-02-07 14:29:52,920] - Logs.py] - ERROR: 找不到该元素/html/body/div[1]/div[1]/div/header/div/div[1]/img
[2022-02-07 14:29:52,920] - Logs.py] - INFO: 点击登陆成功
[2022-02-07 14:29:52,967] - Logs.py] - INFO: 保存页面截图成功
[2022-02-07 14:29:53,106] - Logs.py] - INFO: 清理成功
[2022-02-07 14:29:55,380] - Logs.py] - INFO: 点击登陆成功
[2022-02-07 14:29:57,400] - Logs.py] - ERROR: 找不到该元素/html/body/div[1]/div[1]/div/header/div/div[1]/img
[2022-02-07 14:29:57,402] - Logs.py] - INFO: 点击登陆成功
[2022-02-07 14:29:57,453] - Logs.py] - INFO: 保存页面截图成功
[2022-02-07 14:29:57,606] - Logs.py] - INFO: 清理成功
[2022-02-07 14:29:59,868] - Logs.py] - INFO: 点击登陆成功
[2022-02-07 14:29:59,876] - Logs.py] - INFO: 点击登陆成功
[2022-02-07 14:30:00,171] - Logs.py] - INFO: 点击成功
[2022-02-07 14:30:01,469] - Logs.py] - INFO: 点击成功
[2022-02-07 14:30:03,767] - Logs.py] - INFO: 点击成功
