[2022-01-26 11:22:41,910] - Logs.py] - ERROR: 打开浏览器异常
[2022-01-26 11:24:11,986] - Logs.py] - INFO: 打开浏览器成功
[2022-01-26 11:24:12,016] - Logs.py] - INFO: 输入账号成功
[2022-01-26 11:24:12,033] - Logs.py] - INFO: 输入密码成功
[2022-01-26 11:26:13,434] - Logs.py] - INFO: 打开浏览器成功
[2022-01-26 11:26:13,460] - Logs.py] - INFO: 输入账号成功
[2022-01-26 11:26:13,483] - Logs.py] - INFO: 输入密码成功
[2022-01-26 11:26:26,981] - Logs.py] - INFO: 打开浏览器成功
[2022-01-26 11:26:27,011] - Logs.py] - INFO: 输入账号成功
[2022-01-26 11:26:27,027] - Logs.py] - INFO: 输入密码成功
[2022-01-26 11:26:41,959] - Logs.py] - INFO: 打开浏览器成功
[2022-01-26 11:26:41,990] - Logs.py] - INFO: 输入账号成功
[2022-01-26 11:26:42,012] - Logs.py] - INFO: 输入密码成功
[2022-01-26 11:35:38,714] - Logs.py] - INFO: 打开浏览器成功
[2022-01-26 11:35:38,751] - Logs.py] - INFO: 输入账号成功
[2022-01-26 11:35:38,778] - Logs.py] - INFO: 输入密码成功
[2022-01-26 11:36:04,109] - Logs.py] - INFO: 打开浏览器成功
[2022-01-26 11:36:04,141] - Logs.py] - INFO: 输入账号成功
[2022-01-26 11:36:04,162] - Logs.py] - INFO: 输入密码成功
[2022-01-26 11:37:17,591] - Logs.py] - INFO: 打开浏览器成功
[2022-01-26 11:37:17,620] - Logs.py] - INFO: 输入账号成功
[2022-01-26 11:37:17,639] - Logs.py] - INFO: 输入密码成功
[2022-01-26 11:38:02,458] - Logs.py] - INFO: 打开浏览器成功
[2022-01-26 11:38:02,497] - Logs.py] - INFO: 输入账号成功
[2022-01-26 11:38:02,520] - Logs.py] - INFO: 输入密码成功
[2022-01-26 11:41:51,735] - Logs.py] - INFO: 打开浏览器成功
[2022-01-26 11:41:51,763] - Logs.py] - INFO: 输入账号成功
[2022-01-26 11:41:51,780] - Logs.py] - INFO: 输入密码成功
[2022-01-26 13:44:47,029] - Logs.py] - INFO: 打开浏览器成功
[2022-01-26 13:44:47,061] - Logs.py] - INFO: 输入账号成功
[2022-01-26 13:44:47,078] - Logs.py] - INFO: 输入密码成功
[2022-01-26 13:58:54,737] - Logs.py] - INFO: 打开浏览器成功
[2022-01-26 13:58:54,765] - Logs.py] - INFO: 输入账号成功
[2022-01-26 13:58:54,783] - Logs.py] - INFO: 输入密码成功
[2022-01-26 13:59:52,753] - Logs.py] - INFO: 打开浏览器成功
[2022-01-26 13:59:52,780] - Logs.py] - INFO: 输入账号成功
[2022-01-26 13:59:52,797] - Logs.py] - INFO: 输入密码成功
[2022-01-26 14:00:35,479] - Logs.py] - INFO: 打开浏览器成功
[2022-01-26 14:00:35,506] - Logs.py] - INFO: 输入账号成功
[2022-01-26 14:00:35,523] - Logs.py] - INFO: 输入密码成功
[2022-01-26 14:00:39,828] - Logs.py] - INFO: 打开浏览器成功
[2022-01-26 14:00:39,861] - Logs.py] - INFO: 输入账号成功
[2022-01-26 14:00:39,888] - Logs.py] - INFO: 输入密码成功
[2022-01-26 14:02:37,834] - Logs.py] - INFO: 打开浏览器成功
[2022-01-26 14:02:37,864] - Logs.py] - INFO: 输入账号成功
[2022-01-26 14:02:37,887] - Logs.py] - INFO: 输入密码成功
[2022-01-26 14:05:00,408] - Logs.py] - INFO: 打开浏览器成功
[2022-01-26 14:05:00,436] - Logs.py] - INFO: 输入账号成功
[2022-01-26 14:05:00,459] - Logs.py] - INFO: 输入密码成功
[2022-01-26 14:06:27,703] - Logs.py] - INFO: 打开浏览器成功
[2022-01-26 14:06:27,732] - Logs.py] - INFO: 输入账号成功
[2022-01-26 14:06:27,754] - Logs.py] - INFO: 输入密码成功
[2022-01-26 14:07:03,614] - Logs.py] - INFO: 打开浏览器成功
[2022-01-26 14:07:03,639] - Logs.py] - INFO: 输入账号成功
[2022-01-26 14:07:03,656] - Logs.py] - INFO: 输入密码成功
[2022-01-26 14:08:30,598] - Logs.py] - INFO: 打开浏览器成功
[2022-01-26 14:08:30,631] - Logs.py] - INFO: 输入账号成功
[2022-01-26 14:08:30,656] - Logs.py] - INFO: 输入密码成功
[2022-01-26 14:09:45,945] - Logs.py] - INFO: 打开浏览器成功
[2022-01-26 14:09:45,972] - Logs.py] - INFO: 输入账号成功
[2022-01-26 14:09:45,989] - Logs.py] - INFO: 输入密码成功
[2022-01-26 14:11:32,336] - Logs.py] - INFO: 打开浏览器成功
[2022-01-26 14:11:32,370] - Logs.py] - INFO: 输入账号成功
[2022-01-26 14:11:32,396] - Logs.py] - INFO: 输入密码成功
[2022-01-26 14:11:32,421] - Logs.py] - ERROR: 111222
[2022-01-26 14:11:56,679] - Logs.py] - INFO: 打开浏览器成功
[2022-01-26 14:11:56,712] - Logs.py] - INFO: 输入账号成功
[2022-01-26 14:11:56,736] - Logs.py] - INFO: 输入密码成功
[2022-01-26 14:11:56,759] - Logs.py] - ERROR: 111222
[2022-01-26 14:25:07,281] - Logs.py] - INFO: 打开浏览器成功
[2022-01-26 14:25:07,313] - Logs.py] - INFO: 输入账号成功
[2022-01-26 14:25:07,332] - Logs.py] - INFO: 输入密码成功
[2022-01-26 14:25:07,353] - Logs.py] - ERROR: 111222
[2022-01-26 14:25:31,019] - Logs.py] - INFO: 打开浏览器成功
[2022-01-26 14:25:31,048] - Logs.py] - INFO: 输入账号成功
[2022-01-26 14:25:31,071] - Logs.py] - INFO: 输入密码成功
[2022-01-26 14:25:57,255] - Logs.py] - INFO: 打开浏览器成功
[2022-01-26 14:25:57,311] - Logs.py] - ERROR: 对输入框元素进行操作,未找到该元素!
[2022-01-26 14:25:57,311] - Logs.py] - ERROR: 输入账号异常
[2022-01-26 14:26:07,920] - Logs.py] - INFO: 打开浏览器成功
[2022-01-26 14:26:07,960] - Logs.py] - INFO: 输入账号成功
[2022-01-26 14:26:07,990] - Logs.py] - INFO: 输入密码成功
[2022-01-26 14:29:58,371] - Logs.py] - INFO: 打开浏览器成功
[2022-01-26 14:29:58,404] - Logs.py] - INFO: 输入账号成功
[2022-01-26 14:29:58,423] - Logs.py] - INFO: 输入密码成功
[2022-01-26 14:29:58,443] - Logs.py] - ERROR: 111222
[2022-01-26 14:32:40,303] - Logs.py] - INFO: 打开浏览器成功
[2022-01-26 14:32:40,330] - Logs.py] - INFO: 输入账号成功
[2022-01-26 14:32:40,347] - Logs.py] - INFO: 输入密码成功
[2022-01-26 14:32:42,370] - Logs.py] - ERROR: 111222
[2022-01-26 14:35:58,336] - Logs.py] - INFO: 打开浏览器成功
[2022-01-26 14:35:58,366] - Logs.py] - INFO: 输入账号成功
[2022-01-26 14:35:58,383] - Logs.py] - INFO: 输入密码成功
[2022-01-26 14:36:00,415] - Logs.py] - ERROR: 保存页面截图失败
[2022-01-26 14:41:36,554] - Logs.py] - INFO: 打开浏览器成功
[2022-01-26 14:41:36,583] - Logs.py] - INFO: 输入账号成功
[2022-01-26 14:41:36,601] - Logs.py] - INFO: 输入密码成功
[2022-01-26 14:41:38,626] - Logs.py] - ERROR: 保存页面截图失败
[2022-01-26 14:43:38,258] - Logs.py] - INFO: 打开浏览器成功
[2022-01-26 14:43:38,289] - Logs.py] - INFO: 输入账号成功
[2022-01-26 14:43:38,312] - Logs.py] - INFO: 输入密码成功
[2022-01-26 14:43:40,349] - Logs.py] - ERROR: 保存页面截图失败
[2022-01-26 14:45:54,807] - Logs.py] - INFO: 打开浏览器成功
[2022-01-26 14:45:54,840] - Logs.py] - INFO: 输入账号成功
[2022-01-26 14:45:54,861] - Logs.py] - INFO: 输入密码成功
[2022-01-26 14:45:56,892] - Logs.py] - ERROR: 保存页面截图失败
[2022-01-26 14:46:58,577] - Logs.py] - INFO: 打开浏览器成功
[2022-01-26 14:46:58,602] - Logs.py] - INFO: 输入账号成功
[2022-01-26 14:46:58,628] - Logs.py] - INFO: 输入密码成功
[2022-01-26 14:47:00,652] - Logs.py] - ERROR: 保存页面截图失败
[2022-01-26 14:52:02,456] - Logs.py] - INFO: 打开浏览器成功
[2022-01-26 14:52:02,553] - Logs.py] - INFO: 输入账号成功
[2022-01-26 14:52:02,610] - Logs.py] - INFO: 输入密码成功
[2022-01-26 14:52:04,680] - Logs.py] - ERROR: 保存页面截图失败
[2022-01-26 14:56:37,436] - Logs.py] - INFO: 打开浏览器成功
[2022-01-26 14:56:37,464] - Logs.py] - INFO: 输入账号成功
[2022-01-26 14:56:37,485] - Logs.py] - INFO: 输入密码成功
[2022-01-26 14:56:39,518] - Logs.py] - ERROR: 保存页面截图失败
[2022-01-26 15:02:17,305] - Logs.py] - INFO: 打开浏览器成功
[2022-01-26 15:02:17,334] - Logs.py] - INFO: 输入账号成功
[2022-01-26 15:02:17,358] - Logs.py] - INFO: 输入密码成功
[2022-01-26 15:02:19,384] - Logs.py] - ERROR: 保存页面截图失败
[2022-01-26 15:04:47,045] - Logs.py] - INFO: 打开浏览器成功
[2022-01-26 15:04:47,076] - Logs.py] - INFO: 输入账号成功
[2022-01-26 15:04:47,095] - Logs.py] - INFO: 输入密码成功
[2022-01-26 15:05:38,844] - Logs.py] - ERROR: 保存页面截图失败
[2022-01-26 15:05:47,457] - Logs.py] - INFO: 打开浏览器成功
[2022-01-26 15:05:47,507] - Logs.py] - INFO: 输入账号成功
[2022-01-26 15:05:47,531] - Logs.py] - INFO: 输入密码成功
[2022-01-26 15:05:54,906] - Logs.py] - ERROR: 保存页面截图失败
[2022-01-26 15:17:23,255] - Logs.py] - INFO: 打开浏览器成功
[2022-01-26 15:17:23,288] - Logs.py] - INFO: 输入账号成功
[2022-01-26 15:17:23,319] - Logs.py] - INFO: 输入密码成功
[2022-01-26 15:17:25,356] - Logs.py] - ERROR: 保存页面截图失败
[2022-01-26 15:19:52,884] - Logs.py] - INFO: 打开浏览器成功
[2022-01-26 15:19:52,917] - Logs.py] - INFO: 输入账号成功
[2022-01-26 15:19:52,935] - Logs.py] - INFO: 输入密码成功
[2022-01-26 15:19:54,954] - Logs.py] - ERROR: 保存页面截图失败
[2022-01-26 15:21:47,736] - Logs.py] - INFO: 打开浏览器成功
[2022-01-26 15:21:47,765] - Logs.py] - INFO: 输入账号成功
[2022-01-26 15:21:47,785] - Logs.py] - INFO: 输入密码成功
[2022-01-26 15:21:49,901] - Logs.py] - INFO: 保存页面截图成功
[2022-01-26 15:21:50,136] - Logs.py] - INFO: 点击登陆成功
[2022-01-26 15:21:52,052] - Logs.py] - INFO: 打开浏览器成功
[2022-01-26 15:21:52,078] - Logs.py] - INFO: 输入账号成功
[2022-01-26 15:21:52,098] - Logs.py] - INFO: 输入密码成功
[2022-01-26 15:21:52,149] - Logs.py] - ERROR: 元素点击操作，找不到该元素
[2022-01-26 15:21:52,150] - Logs.py] - ERROR: 点击/html/body/div[1]/div[1]/div/nav/div[1]/div[2]/div[2]/div[1]/div[2]/div异常
[2022-01-26 15:22:39,271] - Logs.py] - INFO: 保存页面截图成功
[2022-01-26 15:22:39,324] - Logs.py] - ERROR: 元素点击操作，找不到该元素
[2022-01-26 15:22:39,339] - Logs.py] - ERROR: 点击登陆异常
[2022-01-26 15:22:47,704] - Logs.py] - INFO: 打开浏览器成功
[2022-01-26 15:22:47,729] - Logs.py] - INFO: 输入账号成功
[2022-01-26 15:22:47,748] - Logs.py] - INFO: 输入密码成功
[2022-01-26 15:24:22,202] - Logs.py] - INFO: 打开浏览器成功
[2022-01-26 15:24:22,226] - Logs.py] - INFO: 输入账号成功
[2022-01-26 15:24:22,243] - Logs.py] - INFO: 输入密码成功
[2022-01-26 15:24:24,312] - Logs.py] - INFO: 保存页面截图成功
[2022-01-26 15:28:48,797] - Logs.py] - INFO: 打开浏览器成功
[2022-01-26 15:28:48,828] - Logs.py] - INFO: 输入账号成功
[2022-01-26 15:28:48,846] - Logs.py] - INFO: 输入密码成功
[2022-01-26 15:29:26,878] - Logs.py] - INFO: 打开浏览器成功
[2022-01-26 15:29:26,910] - Logs.py] - INFO: 输入账号成功
[2022-01-26 15:29:26,929] - Logs.py] - INFO: 输入密码成功
[2022-01-26 15:32:51,792] - Logs.py] - INFO: 打开浏览器成功
[2022-01-26 15:32:51,814] - Logs.py] - INFO: 输入账号成功
[2022-01-26 15:32:51,830] - Logs.py] - INFO: 输入密码成功
[2022-01-26 15:32:52,896] - Logs.py] - INFO: 保存页面截图成功
[2022-01-26 15:32:52,901] - Logs.py] - ERROR: 识别验证码失败（包括保存截图和识别截图）
[2022-01-26 15:35:01,705] - Logs.py] - INFO: 打开浏览器成功
[2022-01-26 15:35:01,736] - Logs.py] - INFO: 输入账号成功
[2022-01-26 15:35:01,755] - Logs.py] - INFO: 输入密码成功
[2022-01-26 15:35:02,822] - Logs.py] - INFO: 保存页面截图成功
[2022-01-26 15:37:06,734] - Logs.py] - INFO: 打开浏览器成功
[2022-01-26 15:37:06,764] - Logs.py] - INFO: 输入账号成功
[2022-01-26 15:37:06,782] - Logs.py] - INFO: 输入密码成功
[2022-01-26 15:37:07,848] - Logs.py] - INFO: 保存页面截图成功
[2022-01-26 15:41:41,555] - Logs.py] - INFO: 打开浏览器成功
[2022-01-26 15:41:41,583] - Logs.py] - INFO: 输入账号成功
[2022-01-26 15:41:41,604] - Logs.py] - INFO: 输入密码成功
[2022-01-26 15:41:42,676] - Logs.py] - INFO: 保存页面截图成功
[2022-01-26 15:42:52,586] - Logs.py] - ERROR: 元素点击操作，找不到该元素
[2022-01-26 15:42:52,587] - Logs.py] - ERROR: 点击登陆异常
[2022-01-26 15:43:15,507] - Logs.py] - INFO: 打开浏览器成功
[2022-01-26 15:43:15,523] - Logs.py] - INFO: 输入账号成功
[2022-01-26 15:43:15,538] - Logs.py] - INFO: 输入密码成功
[2022-01-26 15:43:16,602] - Logs.py] - INFO: 保存页面截图成功
[2022-01-26 15:43:39,761] - Logs.py] - INFO: 点击登陆成功
[2022-01-26 15:43:41,783] - Logs.py] - ERROR: 元素点击操作，找不到该元素
[2022-01-26 15:43:41,783] - Logs.py] - ERROR: 点击/html/body/div[1]/div[1]/div/nav/div[1]/div[2]/div[2]/div[1]/div[2]/div异常
[2022-01-26 15:43:50,108] - Logs.py] - INFO: 打开浏览器成功
[2022-01-26 15:43:50,139] - Logs.py] - INFO: 输入账号成功
[2022-01-26 15:43:50,158] - Logs.py] - INFO: 输入密码成功
[2022-01-26 15:43:51,210] - Logs.py] - INFO: 保存页面截图成功
[2022-01-26 15:49:34,830] - Logs.py] - ERROR: 元素点击操作，找不到该元素
[2022-01-26 15:49:34,830] - Logs.py] - ERROR: 点击登陆异常
[2022-01-26 15:49:43,476] - Logs.py] - INFO: 打开浏览器成功
[2022-01-26 15:49:43,506] - Logs.py] - INFO: 输入账号成功
[2022-01-26 15:49:43,529] - Logs.py] - INFO: 输入密码成功
[2022-01-26 15:49:44,587] - Logs.py] - INFO: 保存页面截图成功
[2022-01-26 15:49:58,114] - Logs.py] - INFO: 点击登陆成功
[2022-01-26 15:50:00,128] - Logs.py] - ERROR: 元素点击操作，找不到该元素
[2022-01-26 15:50:00,129] - Logs.py] - ERROR: 点击/html/body/div[1]/div[1]/div/nav/div[1]/div[2]/div[2]/div[1]/div[2]/div异常
[2022-01-26 15:51:27,736] - Logs.py] - INFO: 打开浏览器成功
[2022-01-26 15:51:27,751] - Logs.py] - INFO: 输入账号成功
[2022-01-26 15:51:27,783] - Logs.py] - INFO: 输入密码成功
[2022-01-26 15:51:28,843] - Logs.py] - INFO: 保存页面截图成功
[2022-01-26 15:52:01,470] - Logs.py] - INFO: 打开浏览器成功
[2022-01-26 15:52:01,501] - Logs.py] - INFO: 输入账号成功
[2022-01-26 15:52:01,519] - Logs.py] - INFO: 输入密码成功
[2022-01-26 15:52:02,581] - Logs.py] - INFO: 保存页面截图成功
[2022-01-26 15:52:22,393] - Logs.py] - INFO: 打开浏览器成功
[2022-01-26 15:52:22,420] - Logs.py] - INFO: 输入账号成功
[2022-01-26 15:52:22,438] - Logs.py] - INFO: 输入密码成功
[2022-01-26 15:52:23,491] - Logs.py] - INFO: 保存页面截图成功
[2022-01-26 15:52:42,656] - Logs.py] - INFO: 打开浏览器成功
[2022-01-26 15:52:42,691] - Logs.py] - INFO: 输入账号成功
[2022-01-26 15:52:42,714] - Logs.py] - INFO: 输入密码成功
[2022-01-26 15:52:43,771] - Logs.py] - INFO: 保存页面截图成功
[2022-01-26 15:53:09,229] - Logs.py] - INFO: 打开浏览器成功
[2022-01-26 15:53:09,256] - Logs.py] - INFO: 输入账号成功
[2022-01-26 15:53:09,274] - Logs.py] - INFO: 输入密码成功
[2022-01-26 15:53:10,330] - Logs.py] - INFO: 保存页面截图成功
[2022-01-26 15:53:21,862] - Logs.py] - INFO: 打开浏览器成功
[2022-01-26 15:53:21,892] - Logs.py] - INFO: 输入账号成功
[2022-01-26 15:53:21,913] - Logs.py] - INFO: 输入密码成功
[2022-01-26 15:53:22,964] - Logs.py] - INFO: 保存页面截图成功
[2022-01-26 15:53:33,613] - Logs.py] - INFO: 打开浏览器成功
[2022-01-26 15:53:33,641] - Logs.py] - INFO: 输入账号成功
[2022-01-26 15:53:33,663] - Logs.py] - INFO: 输入密码成功
[2022-01-26 15:53:34,704] - Logs.py] - INFO: 保存页面截图成功
[2022-01-26 15:53:45,364] - Logs.py] - INFO: 打开浏览器成功
[2022-01-26 15:53:45,397] - Logs.py] - INFO: 输入账号成功
[2022-01-26 15:53:45,415] - Logs.py] - INFO: 输入密码成功
[2022-01-26 15:53:46,474] - Logs.py] - INFO: 保存页面截图成功
[2022-01-26 15:54:00,538] - Logs.py] - INFO: 打开浏览器成功
[2022-01-26 15:54:00,567] - Logs.py] - INFO: 输入账号成功
[2022-01-26 15:54:00,586] - Logs.py] - INFO: 输入密码成功
[2022-01-26 15:54:01,643] - Logs.py] - INFO: 保存页面截图成功
[2022-01-26 15:55:44,483] - Logs.py] - INFO: 打开浏览器成功
[2022-01-26 15:55:44,514] - Logs.py] - INFO: 输入账号成功
[2022-01-26 15:55:44,530] - Logs.py] - INFO: 输入密码成功
[2022-01-26 15:55:45,598] - Logs.py] - INFO: 保存页面截图成功
[2022-01-26 16:14:06,881] - Logs.py] - ERROR: 对输入框元素进行操作,未找到该元素!
[2022-01-26 16:14:06,882] - Logs.py] - ERROR: 点击/html/body/div/div[1]/div/div[2]/div[2]/ul/li[3]/button异常
[2022-01-26 16:14:22,559] - Logs.py] - INFO: 打开浏览器成功
[2022-01-26 16:14:22,590] - Logs.py] - INFO: 输入账号成功
[2022-01-26 16:14:22,606] - Logs.py] - INFO: 输入密码成功
[2022-01-26 16:15:04,077] - Logs.py] - INFO: 打开浏览器成功
[2022-01-26 16:15:04,111] - Logs.py] - INFO: 输入账号成功
[2022-01-26 16:15:04,134] - Logs.py] - INFO: 输入密码成功
[2022-01-26 16:15:05,202] - Logs.py] - INFO: 保存页面截图成功
[2022-01-26 16:15:31,791] - Logs.py] - INFO: 保存页面截图成功
[2022-01-26 16:15:33,028] - Logs.py] - INFO: 保存页面截图成功
[2022-01-26 16:15:34,261] - Logs.py] - INFO: 保存页面截图成功
[2022-01-26 16:15:35,498] - Logs.py] - INFO: 保存页面截图成功
[2022-01-26 16:15:36,830] - Logs.py] - INFO: 保存页面截图成功
[2022-01-26 16:15:38,138] - Logs.py] - INFO: 保存页面截图成功
[2022-01-26 16:15:39,093] - Logs.py] - INFO: 打开浏览器成功
[2022-01-26 16:15:39,122] - Logs.py] - INFO: 输入账号成功
[2022-01-26 16:15:39,141] - Logs.py] - INFO: 输入密码成功
[2022-01-26 16:15:39,439] - Logs.py] - INFO: 保存页面截图成功
[2022-01-26 16:15:40,213] - Logs.py] - INFO: 保存页面截图成功
[2022-01-26 16:15:40,672] - Logs.py] - INFO: 保存页面截图成功
[2022-01-26 16:15:41,913] - Logs.py] - INFO: 保存页面截图成功
[2022-01-26 16:15:43,157] - Logs.py] - INFO: 保存页面截图成功
[2022-01-26 16:15:44,380] - Logs.py] - INFO: 保存页面截图成功
[2022-01-26 16:15:45,598] - Logs.py] - INFO: 保存页面截图成功
[2022-01-26 16:15:46,837] - Logs.py] - INFO: 保存页面截图成功
[2022-01-26 16:15:48,058] - Logs.py] - INFO: 保存页面截图成功
[2022-01-26 16:15:49,285] - Logs.py] - INFO: 保存页面截图成功
[2022-01-26 16:15:50,496] - Logs.py] - INFO: 保存页面截图成功
[2022-01-26 16:15:51,725] - Logs.py] - INFO: 保存页面截图成功
[2022-01-26 16:15:52,954] - Logs.py] - INFO: 保存页面截图成功
[2022-01-26 16:15:54,175] - Logs.py] - INFO: 保存页面截图成功
[2022-01-26 16:15:56,344] - Logs.py] - ERROR: 元素点击操作，找不到该元素
[2022-01-26 16:15:56,344] - Logs.py] - ERROR: 点击/html/body/div[1]/div[1]/div/nav/div[1]/div[2]/div[2]/div[1]/div[2]/div异常
[2022-01-26 16:16:34,039] - Logs.py] - INFO: 保存页面截图成功
[2022-01-26 16:16:35,275] - Logs.py] - INFO: 保存页面截图成功
[2022-01-26 16:16:36,512] - Logs.py] - INFO: 保存页面截图成功
[2022-01-26 16:16:37,767] - Logs.py] - INFO: 保存页面截图成功
[2022-01-26 16:16:39,147] - Logs.py] - ERROR: 保存验证码截图失败
[2022-01-26 16:16:40,159] - Logs.py] - ERROR: 保存验证码截图失败
[2022-01-26 16:16:41,173] - Logs.py] - ERROR: 保存验证码截图失败
[2022-01-26 16:16:41,948] - Logs.py] - INFO: 打开浏览器成功
[2022-01-26 16:16:41,963] - Logs.py] - INFO: 输入账号成功
[2022-01-26 16:16:41,995] - Logs.py] - INFO: 输入密码成功
[2022-01-26 16:16:42,180] - Logs.py] - ERROR: 保存验证码截图失败
[2022-01-26 16:16:43,060] - Logs.py] - INFO: 保存页面截图成功
[2022-01-26 16:16:43,195] - Logs.py] - ERROR: 保存验证码截图失败
[2022-01-26 16:16:44,212] - Logs.py] - ERROR: 保存验证码截图失败
[2022-01-26 16:16:45,216] - Logs.py] - ERROR: 保存验证码截图失败
[2022-01-26 16:16:46,228] - Logs.py] - ERROR: 保存验证码截图失败
[2022-01-26 16:16:47,244] - Logs.py] - ERROR: 保存验证码截图失败
[2022-01-26 16:16:48,255] - Logs.py] - ERROR: 保存验证码截图失败
[2022-01-26 16:16:49,260] - Logs.py] - ERROR: 保存验证码截图失败
[2022-01-26 16:16:50,276] - Logs.py] - ERROR: 保存验证码截图失败
[2022-01-26 16:16:51,288] - Logs.py] - ERROR: 保存验证码截图失败
[2022-01-26 16:16:52,305] - Logs.py] - ERROR: 保存验证码截图失败
[2022-01-26 16:16:53,319] - Logs.py] - ERROR: 保存验证码截图失败
[2022-01-26 16:16:53,329] - Logs.py] - ERROR: 元素点击操作，找不到该元素
[2022-01-26 16:16:53,330] - Logs.py] - ERROR: 点击/html/body/div[1]/div[1]/div/nav/div[1]/div[2]/div[2]/div[1]/div[2]/div异常
[2022-01-26 16:18:46,194] - Logs.py] - INFO: 打开浏览器成功
[2022-01-26 16:18:46,217] - Logs.py] - INFO: 输入账号成功
[2022-01-26 16:18:46,230] - Logs.py] - INFO: 输入密码成功
[2022-01-26 16:18:47,288] - Logs.py] - INFO: 保存页面截图成功
[2022-01-26 16:18:48,692] - Logs.py] - INFO: 点击登陆成功
[2022-01-26 16:18:49,756] - Logs.py] - INFO: 保存页面截图成功
[2022-01-26 16:18:51,136] - Logs.py] - INFO: 点击登陆成功
[2022-01-26 16:18:52,197] - Logs.py] - INFO: 保存页面截图成功
[2022-01-26 16:18:53,583] - Logs.py] - INFO: 点击登陆成功
[2022-01-26 16:18:54,635] - Logs.py] - INFO: 保存页面截图成功
[2022-01-26 16:18:56,019] - Logs.py] - INFO: 点击登陆成功
[2022-01-26 16:18:57,076] - Logs.py] - INFO: 保存页面截图成功
[2022-01-26 16:18:58,465] - Logs.py] - INFO: 点击登陆成功
[2022-01-26 16:18:59,522] - Logs.py] - INFO: 保存页面截图成功
[2022-01-26 16:19:00,901] - Logs.py] - INFO: 点击登陆成功
[2022-01-26 16:19:01,962] - Logs.py] - INFO: 保存页面截图成功
[2022-01-26 16:19:03,342] - Logs.py] - INFO: 点击登陆成功
[2022-01-26 16:19:04,401] - Logs.py] - INFO: 保存页面截图成功
[2022-01-26 16:19:05,772] - Logs.py] - INFO: 点击登陆成功
[2022-01-26 16:19:06,823] - Logs.py] - INFO: 保存页面截图成功
[2022-01-26 16:19:08,195] - Logs.py] - INFO: 点击登陆成功
[2022-01-26 16:19:09,257] - Logs.py] - INFO: 保存页面截图成功
[2022-01-26 16:19:10,624] - Logs.py] - INFO: 点击登陆成功
[2022-01-26 16:19:11,692] - Logs.py] - INFO: 保存页面截图成功
[2022-01-26 16:19:13,206] - Logs.py] - INFO: 点击登陆成功
[2022-01-26 16:19:14,285] - Logs.py] - INFO: 保存页面截图成功
[2022-01-26 16:19:15,745] - Logs.py] - INFO: 点击登陆成功
[2022-01-26 16:19:16,813] - Logs.py] - INFO: 保存页面截图成功
[2022-01-26 16:19:18,196] - Logs.py] - INFO: 点击登陆成功
[2022-01-26 16:19:19,263] - Logs.py] - INFO: 保存页面截图成功
[2022-01-26 16:19:20,667] - Logs.py] - INFO: 点击登陆成功
[2022-01-26 16:19:21,724] - Logs.py] - INFO: 保存页面截图成功
[2022-01-26 16:19:23,089] - Logs.py] - INFO: 点击登陆成功
[2022-01-26 16:19:24,160] - Logs.py] - INFO: 保存页面截图成功
[2022-01-26 16:19:26,054] - Logs.py] - INFO: 点击登陆成功
[2022-01-26 16:20:22,424] - Logs.py] - INFO: 打开浏览器成功
[2022-01-26 16:20:22,445] - Logs.py] - INFO: 输入账号成功
[2022-01-26 16:20:22,456] - Logs.py] - INFO: 输入密码成功
[2022-01-26 16:20:23,517] - Logs.py] - INFO: 保存页面截图成功
[2022-01-26 16:20:24,926] - Logs.py] - INFO: 点击登陆成功
[2022-01-26 16:20:25,989] - Logs.py] - INFO: 保存页面截图成功
[2022-01-26 16:20:27,360] - Logs.py] - INFO: 点击登陆成功
[2022-01-26 16:20:28,429] - Logs.py] - INFO: 保存页面截图成功
[2022-01-26 16:20:29,798] - Logs.py] - INFO: 点击登陆成功
[2022-01-26 16:20:30,860] - Logs.py] - INFO: 保存页面截图成功
[2022-01-26 16:20:32,218] - Logs.py] - INFO: 点击登陆成功
[2022-01-26 16:20:33,274] - Logs.py] - INFO: 保存页面截图成功
[2022-01-26 16:20:34,656] - Logs.py] - INFO: 点击登陆成功
[2022-01-26 16:20:35,705] - Logs.py] - INFO: 保存页面截图成功
[2022-01-26 16:20:37,089] - Logs.py] - INFO: 点击登陆成功
[2022-01-26 16:20:38,150] - Logs.py] - INFO: 保存页面截图成功
[2022-01-26 16:20:39,519] - Logs.py] - INFO: 点击登陆成功
[2022-01-26 16:20:40,591] - Logs.py] - INFO: 保存页面截图成功
[2022-01-26 16:20:41,972] - Logs.py] - INFO: 点击登陆成功
[2022-01-26 16:20:43,032] - Logs.py] - INFO: 保存页面截图成功
[2022-01-26 16:20:44,398] - Logs.py] - INFO: 点击登陆成功
[2022-01-26 16:20:45,460] - Logs.py] - INFO: 保存页面截图成功
[2022-01-26 16:20:46,846] - Logs.py] - INFO: 点击登陆成功
[2022-01-26 16:20:47,898] - Logs.py] - INFO: 保存页面截图成功
[2022-01-26 16:20:49,254] - Logs.py] - INFO: 点击登陆成功
[2022-01-26 16:20:50,315] - Logs.py] - INFO: 保存页面截图成功
[2022-01-26 16:20:51,676] - Logs.py] - INFO: 点击登陆成功
[2022-01-26 16:20:52,728] - Logs.py] - INFO: 保存页面截图成功
[2022-01-26 16:20:54,093] - Logs.py] - INFO: 点击登陆成功
[2022-01-26 16:20:55,157] - Logs.py] - INFO: 保存页面截图成功
[2022-01-26 16:20:56,545] - Logs.py] - INFO: 点击登陆成功
[2022-01-26 16:20:57,604] - Logs.py] - INFO: 保存页面截图成功
[2022-01-26 16:20:59,472] - Logs.py] - INFO: 点击登陆成功
[2022-01-26 16:21:24,635] - Logs.py] - INFO: 打开浏览器成功
[2022-01-26 16:21:24,662] - Logs.py] - INFO: 输入账号成功
[2022-01-26 16:21:24,679] - Logs.py] - INFO: 输入密码成功
[2022-01-26 16:21:25,750] - Logs.py] - INFO: 保存页面截图成功
[2022-01-26 16:21:27,152] - Logs.py] - INFO: 点击登陆成功
[2022-01-26 16:21:28,210] - Logs.py] - INFO: 保存页面截图成功
[2022-01-26 16:21:29,605] - Logs.py] - INFO: 点击登陆成功
[2022-01-26 16:21:30,660] - Logs.py] - INFO: 保存页面截图成功
[2022-01-26 16:21:32,044] - Logs.py] - INFO: 点击登陆成功
[2022-01-26 16:21:33,101] - Logs.py] - INFO: 保存页面截图成功
[2022-01-26 16:21:34,468] - Logs.py] - INFO: 点击登陆成功
[2022-01-26 16:21:35,525] - Logs.py] - INFO: 保存页面截图成功
[2022-01-26 16:21:36,925] - Logs.py] - INFO: 点击登陆成功
[2022-01-26 16:21:37,978] - Logs.py] - INFO: 保存页面截图成功
[2022-01-26 16:21:39,861] - Logs.py] - INFO: 点击登陆成功
[2022-01-26 16:21:59,881] - Logs.py] - INFO: 打开浏览器成功
[2022-01-26 16:21:59,913] - Logs.py] - INFO: 输入账号成功
[2022-01-26 16:21:59,930] - Logs.py] - INFO: 输入密码成功
[2022-01-26 16:22:00,994] - Logs.py] - INFO: 保存页面截图成功
[2022-01-26 16:22:49,915] - Logs.py] - INFO: 打开浏览器成功
[2022-01-26 16:22:49,941] - Logs.py] - INFO: 输入账号成功
[2022-01-26 16:22:49,955] - Logs.py] - INFO: 输入密码成功
[2022-01-26 16:22:51,013] - Logs.py] - INFO: 保存页面截图成功
[2022-01-26 16:22:53,417] - Logs.py] - INFO: 点击登陆成功
[2022-01-26 16:22:54,471] - Logs.py] - INFO: 保存页面截图成功
[2022-01-26 16:22:56,856] - Logs.py] - INFO: 点击登陆成功
[2022-01-26 16:22:57,925] - Logs.py] - INFO: 保存页面截图成功
[2022-01-26 16:23:00,302] - Logs.py] - INFO: 点击登陆成功
[2022-01-26 16:23:01,359] - Logs.py] - INFO: 保存页面截图成功
[2022-01-26 16:23:03,744] - Logs.py] - INFO: 点击登陆成功
[2022-01-26 16:23:04,798] - Logs.py] - INFO: 保存页面截图成功
[2022-01-26 16:23:07,169] - Logs.py] - INFO: 点击登陆成功
[2022-01-26 16:23:08,223] - Logs.py] - INFO: 保存页面截图成功
[2022-01-26 16:23:10,597] - Logs.py] - INFO: 点击登陆成功
[2022-01-26 16:23:11,659] - Logs.py] - INFO: 保存页面截图成功
[2022-01-26 16:23:14,030] - Logs.py] - INFO: 点击登陆成功
[2022-01-26 16:23:15,093] - Logs.py] - INFO: 保存页面截图成功
[2022-01-26 16:23:17,480] - Logs.py] - INFO: 点击登陆成功
[2022-01-26 16:23:18,543] - Logs.py] - INFO: 保存页面截图成功
[2022-01-26 16:23:20,920] - Logs.py] - INFO: 点击登陆成功
[2022-01-26 16:23:21,980] - Logs.py] - INFO: 保存页面截图成功
[2022-01-26 16:23:24,380] - Logs.py] - INFO: 点击登陆成功
[2022-01-26 16:23:25,441] - Logs.py] - INFO: 保存页面截图成功
[2022-01-26 16:23:27,744] - Logs.py] - INFO: 点击登陆成功
[2022-01-26 16:23:28,819] - Logs.py] - ERROR: 保存验证码截图失败
[2022-01-26 16:23:55,873] - Logs.py] - INFO: 打开浏览器成功
[2022-01-26 16:23:55,903] - Logs.py] - INFO: 输入账号成功
[2022-01-26 16:23:55,922] - Logs.py] - INFO: 输入密码成功
[2022-01-26 16:23:56,976] - Logs.py] - INFO: 保存页面截图成功
[2022-01-26 16:24:02,396] - Logs.py] - INFO: 点击登陆成功
[2022-01-26 16:24:23,515] - Logs.py] - INFO: 打开浏览器成功
[2022-01-26 16:24:23,548] - Logs.py] - INFO: 输入账号成功
[2022-01-26 16:24:23,567] - Logs.py] - INFO: 输入密码成功
[2022-01-26 16:24:24,626] - Logs.py] - INFO: 保存页面截图成功
[2022-01-26 16:24:30,056] - Logs.py] - INFO: 点击登陆成功
[2022-01-26 16:24:45,142] - Logs.py] - INFO: 打开浏览器成功
[2022-01-26 16:24:45,174] - Logs.py] - INFO: 输入账号成功
[2022-01-26 16:24:45,192] - Logs.py] - INFO: 输入密码成功
[2022-01-26 16:24:46,249] - Logs.py] - INFO: 保存页面截图成功
[2022-01-26 16:24:51,717] - Logs.py] - INFO: 点击登陆成功
[2022-01-26 16:41:00,795] - Logs.py] - INFO: 打开浏览器成功
[2022-01-26 16:41:00,821] - Logs.py] - INFO: 输入账号成功
[2022-01-26 16:41:00,835] - Logs.py] - INFO: 输入密码成功
[2022-01-26 16:41:01,884] - Logs.py] - INFO: 保存页面截图成功
[2022-01-26 16:41:07,567] - Logs.py] - INFO: 点击登陆成功
[2022-01-26 16:41:09,578] - Logs.py] - ERROR: 找不到该元素/html/body/div[1]/div[1]/div/nav/div[1]/div[2]/div[1]/div/div[2]/div
[2022-01-26 16:41:09,579] - Logs.py] - INFO: 点击登陆成功
[2022-01-26 16:41:10,625] - Logs.py] - INFO: 保存页面截图成功
[2022-01-26 16:41:16,044] - Logs.py] - INFO: 点击登陆成功
[2022-01-26 16:41:18,060] - Logs.py] - ERROR: 找不到该元素/html/body/div[1]/div[1]/div/nav/div[1]/div[2]/div[1]/div/div[2]/div
[2022-01-26 16:41:18,060] - Logs.py] - INFO: 点击登陆成功
[2022-01-26 16:41:19,126] - Logs.py] - INFO: 保存页面截图成功
[2022-01-26 16:41:24,517] - Logs.py] - INFO: 点击登陆成功
[2022-01-26 16:41:26,528] - Logs.py] - ERROR: 找不到该元素/html/body/div[1]/div[1]/div/nav/div[1]/div[2]/div[1]/div/div[2]/div
[2022-01-26 16:41:26,528] - Logs.py] - INFO: 点击登陆成功
[2022-01-26 16:41:27,579] - Logs.py] - INFO: 保存页面截图成功
[2022-01-26 16:41:32,956] - Logs.py] - INFO: 点击登陆成功
[2022-01-26 16:41:34,977] - Logs.py] - ERROR: 找不到该元素/html/body/div[1]/div[1]/div/nav/div[1]/div[2]/div[1]/div/div[2]/div
[2022-01-26 16:41:34,977] - Logs.py] - INFO: 点击登陆成功
[2022-01-26 16:41:36,042] - Logs.py] - INFO: 保存页面截图成功
[2022-01-26 16:41:41,448] - Logs.py] - INFO: 点击登陆成功
[2022-01-26 16:41:43,463] - Logs.py] - ERROR: 找不到该元素/html/body/div[1]/div[1]/div/nav/div[1]/div[2]/div[1]/div/div[2]/div
[2022-01-26 16:41:43,463] - Logs.py] - INFO: 点击登陆成功
[2022-01-26 16:41:44,509] - Logs.py] - INFO: 保存页面截图成功
[2022-01-26 16:41:49,924] - Logs.py] - INFO: 点击登陆成功
[2022-01-26 16:41:51,944] - Logs.py] - ERROR: 找不到该元素/html/body/div[1]/div[1]/div/nav/div[1]/div[2]/div[1]/div/div[2]/div
[2022-01-26 16:41:51,946] - Logs.py] - INFO: 点击登陆成功
[2022-01-26 16:41:53,000] - Logs.py] - INFO: 保存页面截图成功
[2022-01-26 16:41:58,391] - Logs.py] - INFO: 点击登陆成功
[2022-01-26 16:42:00,399] - Logs.py] - ERROR: 找不到该元素/html/body/div[1]/div[1]/div/nav/div[1]/div[2]/div[1]/div/div[2]/div
[2022-01-26 16:42:00,399] - Logs.py] - INFO: 点击登陆成功
[2022-01-26 16:42:01,462] - Logs.py] - INFO: 保存页面截图成功
[2022-01-26 16:42:06,847] - Logs.py] - INFO: 点击登陆成功
[2022-01-26 16:42:08,868] - Logs.py] - ERROR: 找不到该元素/html/body/div[1]/div[1]/div/nav/div[1]/div[2]/div[1]/div/div[2]/div
[2022-01-26 16:42:08,868] - Logs.py] - INFO: 点击登陆成功
[2022-01-26 16:42:09,937] - Logs.py] - INFO: 保存页面截图成功
[2022-01-26 16:42:15,343] - Logs.py] - INFO: 点击登陆成功
[2022-01-26 16:42:17,360] - Logs.py] - ERROR: 找不到该元素/html/body/div[1]/div[1]/div/nav/div[1]/div[2]/div[1]/div/div[2]/div
[2022-01-26 16:42:17,361] - Logs.py] - INFO: 点击登陆成功
[2022-01-26 16:42:18,431] - Logs.py] - INFO: 保存页面截图成功
[2022-01-26 16:42:23,801] - Logs.py] - INFO: 点击登陆成功
[2022-01-26 16:42:25,814] - Logs.py] - ERROR: 找不到该元素/html/body/div[1]/div[1]/div/nav/div[1]/div[2]/div[1]/div/div[2]/div
[2022-01-26 16:42:25,815] - Logs.py] - INFO: 点击登陆成功
[2022-01-26 16:42:26,875] - Logs.py] - INFO: 保存页面截图成功
[2022-01-26 16:42:32,268] - Logs.py] - INFO: 点击登陆成功
[2022-01-26 16:42:34,302] - Logs.py] - ERROR: 找不到该元素/html/body/div[1]/div[1]/div/nav/div[1]/div[2]/div[1]/div/div[2]/div
[2022-01-26 16:42:34,302] - Logs.py] - INFO: 点击登陆成功
[2022-01-26 16:42:43,061] - Logs.py] - INFO: 打开浏览器成功
[2022-01-26 16:42:43,085] - Logs.py] - INFO: 输入账号成功
[2022-01-26 16:42:43,101] - Logs.py] - INFO: 输入密码成功
[2022-01-26 16:42:43,154] - Logs.py] - INFO: 保存页面截图成功
[2022-01-26 16:42:44,559] - Logs.py] - INFO: 点击登陆成功
[2022-01-26 16:42:46,579] - Logs.py] - ERROR: 找不到该元素/html/body/div[1]/div[1]/div/nav/div[1]/div[2]/div[1]/div/div[2]/div
[2022-01-26 16:42:46,579] - Logs.py] - INFO: 点击登陆成功
[2022-01-26 16:42:46,626] - Logs.py] - INFO: 保存页面截图成功
[2022-01-26 16:42:48,008] - Logs.py] - INFO: 点击登陆成功
[2022-01-26 16:42:48,047] - Logs.py] - INFO: 点击登陆成功
[2022-01-26 16:42:48,101] - Logs.py] - INFO: 保存页面截图成功
[2022-01-26 16:42:50,127] - Logs.py] - ERROR: 保存验证码截图失败
[2022-01-26 16:42:52,137] - Logs.py] - ERROR: 元素操作异常+/html/body/div/div[1]/div/div[2]/div[2]/ul/div/li[1]/input
[2022-01-26 16:42:52,138] - Logs.py] - ERROR: 点击登陆异常
[2022-01-26 16:44:18,472] - Logs.py] - INFO: 打开浏览器成功
[2022-01-26 16:44:18,500] - Logs.py] - INFO: 输入账号成功
[2022-01-26 16:44:18,513] - Logs.py] - INFO: 输入密码成功
[2022-01-26 16:44:18,570] - Logs.py] - INFO: 保存页面截图成功
[2022-01-26 16:44:19,963] - Logs.py] - INFO: 点击登陆成功
[2022-01-26 16:44:21,982] - Logs.py] - ERROR: 找不到该元素/html/body/div[1]/div[1]/div/nav/div[1]/div[2]/div[1]/div/div[2]/div
[2022-01-26 16:44:21,983] - Logs.py] - INFO: 点击登陆成功
[2022-01-26 16:44:24,001] - Logs.py] - ERROR: 元素点击操作，找不到该元素
[2022-01-26 16:44:24,002] - Logs.py] - ERROR: 点击/html/body/div[1]/div[1]/div/nav/div[1]/div[2]/div[2]/div[1]/div[2]/div异常
[2022-01-26 16:46:17,532] - Logs.py] - INFO: 打开浏览器成功
[2022-01-26 16:46:17,565] - Logs.py] - INFO: 输入账号成功
[2022-01-26 16:46:17,583] - Logs.py] - INFO: 输入密码成功
[2022-01-26 16:46:17,636] - Logs.py] - INFO: 保存页面截图成功
[2022-01-26 16:46:19,062] - Logs.py] - INFO: 点击登陆成功
[2022-01-26 16:46:21,081] - Logs.py] - ERROR: 找不到该元素/html/body/div[1]/div[1]/div/nav/div[1]/div[2]/div[1]/div/div[2]/div
[2022-01-26 16:47:49,620] - Logs.py] - INFO: 打开浏览器成功
[2022-01-26 16:47:49,652] - Logs.py] - INFO: 输入账号成功
[2022-01-26 16:47:49,671] - Logs.py] - INFO: 输入密码成功
[2022-01-26 16:47:49,723] - Logs.py] - INFO: 保存页面截图成功
[2022-01-26 16:47:51,170] - Logs.py] - INFO: 点击登陆成功
[2022-01-26 16:47:53,194] - Logs.py] - ERROR: 找不到该元素/html/body/div[1]/div[1]/div/nav/div[1]/div[2]/div[1]/div/div[2]/div
[2022-01-26 16:47:53,195] - Logs.py] - INFO: 点击登陆成功
[2022-01-26 16:48:08,437] - Logs.py] - INFO: 打开浏览器成功
[2022-01-26 16:48:08,453] - Logs.py] - INFO: 输入账号成功
[2022-01-26 16:48:08,468] - Logs.py] - INFO: 输入密码成功
[2022-01-26 16:48:08,522] - Logs.py] - INFO: 保存页面截图成功
[2022-01-26 16:48:09,944] - Logs.py] - INFO: 点击登陆成功
[2022-01-26 16:48:11,966] - Logs.py] - ERROR: 找不到该元素/html/body/div[1]/div[1]/div/nav/div[1]/div[2]/div[1]/div/div[2]/div
[2022-01-26 16:48:11,966] - Logs.py] - INFO: 点击登陆成功
[2022-01-26 16:48:12,013] - Logs.py] - INFO: 保存页面截图成功
[2022-01-26 16:48:13,401] - Logs.py] - INFO: 点击登陆成功
[2022-01-26 16:48:15,420] - Logs.py] - ERROR: 找不到该元素/html/body/div[1]/div[1]/div/nav/div[1]/div[2]/div[1]/div/div[2]/div
[2022-01-26 16:48:15,420] - Logs.py] - INFO: 点击登陆成功
[2022-01-26 16:48:15,466] - Logs.py] - INFO: 保存页面截图成功
[2022-01-26 16:48:16,836] - Logs.py] - INFO: 点击登陆成功
[2022-01-26 16:48:18,855] - Logs.py] - ERROR: 找不到该元素/html/body/div[1]/div[1]/div/nav/div[1]/div[2]/div[1]/div/div[2]/div
[2022-01-26 16:48:18,855] - Logs.py] - INFO: 点击登陆成功
[2022-01-26 16:48:18,903] - Logs.py] - INFO: 保存页面截图成功
[2022-01-26 16:48:20,315] - Logs.py] - INFO: 点击登陆成功
[2022-01-26 16:48:22,332] - Logs.py] - ERROR: 找不到该元素/html/body/div[1]/div[1]/div/nav/div[1]/div[2]/div[1]/div/div[2]/div
[2022-01-26 16:48:22,333] - Logs.py] - INFO: 点击登陆成功
[2022-01-26 16:48:22,381] - Logs.py] - INFO: 保存页面截图成功
[2022-01-26 16:48:23,767] - Logs.py] - INFO: 点击登陆成功
[2022-01-26 16:48:25,788] - Logs.py] - ERROR: 找不到该元素/html/body/div[1]/div[1]/div/nav/div[1]/div[2]/div[1]/div/div[2]/div
[2022-01-26 16:48:25,789] - Logs.py] - INFO: 点击登陆成功
[2022-01-26 16:48:25,838] - Logs.py] - INFO: 保存页面截图成功
[2022-01-26 16:48:27,219] - Logs.py] - INFO: 点击登陆成功
[2022-01-26 16:48:29,235] - Logs.py] - ERROR: 找不到该元素/html/body/div[1]/div[1]/div/nav/div[1]/div[2]/div[1]/div/div[2]/div
[2022-01-26 16:48:29,235] - Logs.py] - INFO: 点击登陆成功
[2022-01-26 16:48:29,284] - Logs.py] - INFO: 保存页面截图成功
[2022-01-26 16:48:30,655] - Logs.py] - INFO: 点击登陆成功
[2022-01-26 16:48:32,679] - Logs.py] - ERROR: 找不到该元素/html/body/div[1]/div[1]/div/nav/div[1]/div[2]/div[1]/div/div[2]/div
[2022-01-26 16:48:32,679] - Logs.py] - INFO: 点击登陆成功
[2022-01-26 16:48:32,731] - Logs.py] - INFO: 保存页面截图成功
[2022-01-26 16:48:34,097] - Logs.py] - INFO: 点击登陆成功
[2022-01-26 16:48:36,120] - Logs.py] - ERROR: 找不到该元素/html/body/div[1]/div[1]/div/nav/div[1]/div[2]/div[1]/div/div[2]/div
[2022-01-26 16:48:36,121] - Logs.py] - INFO: 点击登陆成功
[2022-01-26 16:48:36,170] - Logs.py] - INFO: 保存页面截图成功
[2022-01-26 16:48:37,558] - Logs.py] - INFO: 点击登陆成功
[2022-01-26 16:48:39,570] - Logs.py] - ERROR: 找不到该元素/html/body/div[1]/div[1]/div/nav/div[1]/div[2]/div[1]/div/div[2]/div
[2022-01-26 16:48:39,570] - Logs.py] - INFO: 点击登陆成功
[2022-01-26 16:48:39,617] - Logs.py] - INFO: 保存页面截图成功
[2022-01-26 16:48:40,976] - Logs.py] - INFO: 点击登陆成功
[2022-01-26 16:48:42,988] - Logs.py] - ERROR: 找不到该元素/html/body/div[1]/div[1]/div/nav/div[1]/div[2]/div[1]/div/div[2]/div
[2022-01-26 16:48:42,989] - Logs.py] - INFO: 点击登陆成功
[2022-01-26 16:48:43,040] - Logs.py] - INFO: 保存页面截图成功
[2022-01-26 16:48:44,410] - Logs.py] - INFO: 点击登陆成功
[2022-01-26 16:48:46,424] - Logs.py] - ERROR: 找不到该元素/html/body/div[1]/div[1]/div/nav/div[1]/div[2]/div[1]/div/div[2]/div
[2022-01-26 16:48:46,424] - Logs.py] - INFO: 点击登陆成功
[2022-01-26 16:48:46,474] - Logs.py] - INFO: 保存页面截图成功
[2022-01-26 16:48:47,841] - Logs.py] - INFO: 点击登陆成功
[2022-01-26 16:48:49,866] - Logs.py] - ERROR: 找不到该元素/html/body/div[1]/div[1]/div/nav/div[1]/div[2]/div[1]/div/div[2]/div
[2022-01-26 16:48:49,866] - Logs.py] - INFO: 点击登陆成功
[2022-01-26 16:48:49,916] - Logs.py] - INFO: 保存页面截图成功
[2022-01-26 16:48:51,326] - Logs.py] - INFO: 点击登陆成功
[2022-01-26 16:48:53,345] - Logs.py] - ERROR: 找不到该元素/html/body/div[1]/div[1]/div/nav/div[1]/div[2]/div[1]/div/div[2]/div
[2022-01-26 16:48:53,345] - Logs.py] - INFO: 点击登陆成功
[2022-01-26 16:48:53,396] - Logs.py] - INFO: 保存页面截图成功
[2022-01-26 16:48:54,776] - Logs.py] - INFO: 点击登陆成功
[2022-01-26 16:48:56,796] - Logs.py] - ERROR: 找不到该元素/html/body/div[1]/div[1]/div/nav/div[1]/div[2]/div[1]/div/div[2]/div
[2022-01-26 16:48:56,796] - Logs.py] - INFO: 点击登陆成功
[2022-01-26 16:48:56,846] - Logs.py] - INFO: 保存页面截图成功
[2022-01-26 16:48:58,214] - Logs.py] - INFO: 点击登陆成功
[2022-01-26 16:49:00,230] - Logs.py] - ERROR: 找不到该元素/html/body/div[1]/div[1]/div/nav/div[1]/div[2]/div[1]/div/div[2]/div
[2022-01-26 16:49:00,230] - Logs.py] - INFO: 点击登陆成功
[2022-01-26 16:49:00,284] - Logs.py] - INFO: 保存页面截图成功
[2022-01-26 16:49:01,654] - Logs.py] - INFO: 点击登陆成功
[2022-01-26 16:49:03,673] - Logs.py] - ERROR: 找不到该元素/html/body/div[1]/div[1]/div/nav/div[1]/div[2]/div[1]/div/div[2]/div
[2022-01-26 16:49:03,673] - Logs.py] - INFO: 点击登陆成功
[2022-01-26 16:49:03,756] - Logs.py] - INFO: 保存页面截图成功
[2022-01-26 16:49:05,204] - Logs.py] - INFO: 点击登陆成功
[2022-01-26 16:49:06,832] - Logs.py] - ERROR: 找不到该元素/html/body/div[1]/div[1]/div/nav/div[1]/div[2]/div[1]/div/div[2]/div
[2022-01-26 16:49:06,832] - Logs.py] - INFO: 点击登陆成功
[2022-01-26 16:49:06,841] - Logs.py] - ERROR: 保存验证码截图失败
[2022-01-26 16:49:06,942] - Logs.py] - ERROR: 元素操作异常+/html/body/div/div[1]/div/div[2]/div[2]/ul/div/li[1]/input
[2022-01-26 16:49:06,943] - Logs.py] - ERROR: 点击登陆异常
[2022-01-26 16:49:17,743] - Logs.py] - INFO: 打开浏览器成功
[2022-01-26 16:49:17,763] - Logs.py] - INFO: 输入账号成功
[2022-01-26 16:49:17,779] - Logs.py] - INFO: 输入密码成功
[2022-01-26 16:49:17,826] - Logs.py] - INFO: 保存页面截图成功
[2022-01-26 16:49:19,247] - Logs.py] - INFO: 点击登陆成功
[2022-01-26 16:49:21,257] - Logs.py] - ERROR: 找不到该元素/html/body/div[1]/div[1]/div/nav/div[1]/div[2]/div[1]/div/div[2]/div
[2022-01-26 16:49:21,257] - Logs.py] - INFO: 点击登陆成功
[2022-01-26 16:49:21,306] - Logs.py] - INFO: 保存页面截图成功
[2022-01-26 16:49:22,697] - Logs.py] - INFO: 点击登陆成功
[2022-01-26 16:49:24,710] - Logs.py] - ERROR: 找不到该元素/html/body/div[1]/div[1]/div/nav/div[1]/div[2]/div[1]/div/div[2]/div
[2022-01-26 16:49:24,710] - Logs.py] - INFO: 点击登陆成功
[2022-01-26 16:49:24,760] - Logs.py] - INFO: 保存页面截图成功
[2022-01-26 16:49:26,140] - Logs.py] - INFO: 点击登陆成功
[2022-01-26 16:49:28,161] - Logs.py] - ERROR: 找不到该元素/html/body/div[1]/div[1]/div/nav/div[1]/div[2]/div[1]/div/div[2]/div
[2022-01-26 16:49:28,162] - Logs.py] - INFO: 点击登陆成功
[2022-01-26 16:49:28,210] - Logs.py] - INFO: 保存页面截图成功
[2022-01-26 16:49:29,612] - Logs.py] - INFO: 点击登陆成功
[2022-01-26 16:49:31,629] - Logs.py] - ERROR: 找不到该元素/html/body/div[1]/div[1]/div/nav/div[1]/div[2]/div[1]/div/div[2]/div
[2022-01-26 16:49:31,630] - Logs.py] - INFO: 点击登陆成功
[2022-01-26 16:49:31,678] - Logs.py] - INFO: 保存页面截图成功
[2022-01-26 16:49:33,048] - Logs.py] - INFO: 点击登陆成功
[2022-01-26 16:49:35,064] - Logs.py] - ERROR: 找不到该元素/html/body/div[1]/div[1]/div/nav/div[1]/div[2]/div[1]/div/div[2]/div
[2022-01-26 16:49:35,064] - Logs.py] - INFO: 点击登陆成功
[2022-01-26 16:49:35,111] - Logs.py] - INFO: 保存页面截图成功
[2022-01-26 16:49:36,481] - Logs.py] - INFO: 点击登陆成功
[2022-01-26 16:49:38,498] - Logs.py] - ERROR: 找不到该元素/html/body/div[1]/div[1]/div/nav/div[1]/div[2]/div[1]/div/div[2]/div
[2022-01-26 16:49:38,499] - Logs.py] - INFO: 点击登陆成功
[2022-01-26 16:49:38,548] - Logs.py] - INFO: 保存页面截图成功
[2022-01-26 16:49:39,935] - Logs.py] - INFO: 点击登陆成功
[2022-01-26 16:49:41,946] - Logs.py] - ERROR: 找不到该元素/html/body/div[1]/div[1]/div/nav/div[1]/div[2]/div[1]/div/div[2]/div
[2022-01-26 16:49:41,946] - Logs.py] - INFO: 点击登陆成功
[2022-01-26 16:49:41,993] - Logs.py] - INFO: 保存页面截图成功
[2022-01-26 16:49:43,369] - Logs.py] - INFO: 点击登陆成功
[2022-01-26 16:49:45,386] - Logs.py] - ERROR: 找不到该元素/html/body/div[1]/div[1]/div/nav/div[1]/div[2]/div[1]/div/div[2]/div
[2022-01-26 16:49:45,387] - Logs.py] - INFO: 点击登陆成功
[2022-01-26 16:49:45,433] - Logs.py] - INFO: 保存页面截图成功
[2022-01-26 16:49:46,650] - Logs.py] - ERROR: 元素点击操作，找不到该元素
[2022-01-26 16:49:46,650] - Logs.py] - ERROR: 点击登陆异常
[2022-01-26 16:49:46,650] - Logs.py] - ERROR: 元素操作异常+/html/body/div/div[1]/div/div[2]/div[2]/ul/div/li[1]/input
[2022-01-26 16:49:46,650] - Logs.py] - ERROR: 点击登陆异常
[2022-01-26 16:51:03,527] - Logs.py] - INFO: 打开浏览器成功
[2022-01-26 16:51:03,549] - Logs.py] - INFO: 输入账号成功
[2022-01-26 16:51:03,565] - Logs.py] - INFO: 输入密码成功
[2022-01-26 16:51:03,612] - Logs.py] - INFO: 保存页面截图成功
[2022-01-26 16:51:05,042] - Logs.py] - INFO: 点击登陆成功
[2022-01-26 16:51:07,058] - Logs.py] - ERROR: 找不到该元素/html/body/div[1]/div[1]/div/nav/div[1]/div[2]/div[1]/div/div[2]/div
[2022-01-26 16:51:07,058] - Logs.py] - INFO: 点击登陆成功
[2022-01-26 16:51:07,109] - Logs.py] - INFO: 保存页面截图成功
[2022-01-26 16:51:08,489] - Logs.py] - INFO: 点击登陆成功
[2022-01-26 16:51:10,511] - Logs.py] - ERROR: 找不到该元素/html/body/div[1]/div[1]/div/nav/div[1]/div[2]/div[1]/div/div[2]/div
[2022-01-26 16:51:10,512] - Logs.py] - INFO: 点击登陆成功
[2022-01-26 16:51:10,547] - Logs.py] - INFO: 保存页面截图成功
[2022-01-26 16:51:11,916] - Logs.py] - INFO: 点击登陆成功
[2022-01-26 16:51:13,923] - Logs.py] - ERROR: 找不到该元素/html/body/div[1]/div[1]/div/nav/div[1]/div[2]/div[1]/div/div[2]/div
[2022-01-26 16:51:13,923] - Logs.py] - INFO: 点击登陆成功
[2022-01-26 16:51:13,971] - Logs.py] - INFO: 保存页面截图成功
[2022-01-26 16:51:15,343] - Logs.py] - INFO: 点击登陆成功
[2022-01-26 16:51:17,361] - Logs.py] - ERROR: 找不到该元素/html/body/div[1]/div[1]/div/nav/div[1]/div[2]/div[1]/div/div[2]/div
[2022-01-26 16:51:17,361] - Logs.py] - INFO: 点击登陆成功
[2022-01-26 16:51:17,409] - Logs.py] - INFO: 保存页面截图成功
[2022-01-26 16:51:18,784] - Logs.py] - INFO: 点击登陆成功
[2022-01-26 16:51:20,801] - Logs.py] - ERROR: 找不到该元素/html/body/div[1]/div[1]/div/nav/div[1]/div[2]/div[1]/div/div[2]/div
[2022-01-26 16:51:20,801] - Logs.py] - INFO: 点击登陆成功
[2022-01-26 16:51:20,847] - Logs.py] - INFO: 保存页面截图成功
[2022-01-26 16:51:22,205] - Logs.py] - INFO: 点击登陆成功
[2022-01-26 16:51:24,226] - Logs.py] - ERROR: 找不到该元素/html/body/div[1]/div[1]/div/nav/div[1]/div[2]/div[1]/div/div[2]/div
[2022-01-26 16:51:24,226] - Logs.py] - INFO: 点击登陆成功
[2022-01-26 16:51:24,273] - Logs.py] - INFO: 保存页面截图成功
[2022-01-26 16:51:25,664] - Logs.py] - INFO: 点击登陆成功
[2022-01-26 16:51:27,265] - Logs.py] - ERROR: 找不到该元素/html/body/div[1]/div[1]/div/nav/div[1]/div[2]/div[1]/div/div[2]/div
[2022-01-26 16:51:27,266] - Logs.py] - INFO: 点击登陆成功
[2022-01-26 16:51:27,272] - Logs.py] - ERROR: 保存验证码截图失败
[2022-01-26 16:51:27,302] - Logs.py] - ERROR: 元素操作异常+/html/body/div/div[1]/div/div[2]/div[2]/ul/div/li[1]/input
[2022-01-26 16:51:27,302] - Logs.py] - ERROR: 点击登陆异常
[2022-01-26 16:52:07,845] - Logs.py] - INFO: 打开浏览器成功
[2022-01-26 16:52:07,875] - Logs.py] - INFO: 输入账号成功
[2022-01-26 16:52:07,892] - Logs.py] - INFO: 输入密码成功
[2022-01-26 16:52:07,946] - Logs.py] - INFO: 保存页面截图成功
[2022-01-26 16:52:09,369] - Logs.py] - INFO: 点击登陆成功
[2022-01-26 16:52:11,390] - Logs.py] - ERROR: 找不到该元素/html/body/div[1]/div[1]/div/nav/div[1]/div[2]/div[1]/div/div[2]/div
[2022-01-26 16:52:11,391] - Logs.py] - INFO: 点击登陆成功
[2022-01-26 16:52:11,437] - Logs.py] - INFO: 保存页面截图成功
[2022-01-26 16:52:12,826] - Logs.py] - INFO: 点击登陆成功
[2022-01-26 16:52:14,844] - Logs.py] - ERROR: 找不到该元素/html/body/div[1]/div[1]/div/nav/div[1]/div[2]/div[1]/div/div[2]/div
[2022-01-26 16:52:14,844] - Logs.py] - INFO: 点击登陆成功
[2022-01-26 16:52:14,893] - Logs.py] - INFO: 保存页面截图成功
[2022-01-26 16:52:16,265] - Logs.py] - INFO: 点击登陆成功
[2022-01-26 16:52:18,280] - Logs.py] - ERROR: 找不到该元素/html/body/div[1]/div[1]/div/nav/div[1]/div[2]/div[1]/div/div[2]/div
[2022-01-26 16:52:18,281] - Logs.py] - INFO: 点击登陆成功
[2022-01-26 16:52:18,328] - Logs.py] - INFO: 保存页面截图成功
[2022-01-26 16:52:19,716] - Logs.py] - INFO: 点击登陆成功
[2022-01-26 16:52:21,733] - Logs.py] - ERROR: 找不到该元素/html/body/div[1]/div[1]/div/nav/div[1]/div[2]/div[1]/div/div[2]/div
[2022-01-26 16:52:21,733] - Logs.py] - INFO: 点击登陆成功
[2022-01-26 16:52:21,772] - Logs.py] - INFO: 保存页面截图成功
[2022-01-26 16:52:23,132] - Logs.py] - INFO: 点击登陆成功
[2022-01-26 16:52:25,158] - Logs.py] - ERROR: 找不到该元素/html/body/div[1]/div[1]/div/nav/div[1]/div[2]/div[1]/div/div[2]/div
[2022-01-26 16:52:25,158] - Logs.py] - INFO: 点击登陆成功
[2022-01-26 16:52:25,205] - Logs.py] - INFO: 保存页面截图成功
[2022-01-26 16:52:26,586] - Logs.py] - INFO: 点击登陆成功
[2022-01-26 16:52:28,604] - Logs.py] - ERROR: 找不到该元素/html/body/div[1]/div[1]/div/nav/div[1]/div[2]/div[1]/div/div[2]/div
[2022-01-26 16:52:28,604] - Logs.py] - INFO: 点击登陆成功
[2022-01-26 16:52:28,645] - Logs.py] - INFO: 保存页面截图成功
[2022-01-26 16:52:30,049] - Logs.py] - INFO: 点击登陆成功
[2022-01-26 16:52:32,064] - Logs.py] - ERROR: 找不到该元素/html/body/div[1]/div[1]/div/nav/div[1]/div[2]/div[1]/div/div[2]/div
[2022-01-26 16:52:32,064] - Logs.py] - INFO: 点击登陆成功
[2022-01-26 16:52:32,105] - Logs.py] - INFO: 保存页面截图成功
[2022-01-26 16:52:33,483] - Logs.py] - INFO: 点击登陆成功
[2022-01-26 16:52:35,500] - Logs.py] - ERROR: 找不到该元素/html/body/div[1]/div[1]/div/nav/div[1]/div[2]/div[1]/div/div[2]/div
[2022-01-26 16:52:35,501] - Logs.py] - INFO: 点击登陆成功
[2022-01-26 16:52:35,553] - Logs.py] - INFO: 保存页面截图成功
[2022-01-26 16:52:36,927] - Logs.py] - INFO: 点击登陆成功
[2022-01-26 16:52:48,321] - Logs.py] - INFO: 打开浏览器成功
[2022-01-26 16:52:48,357] - Logs.py] - INFO: 输入账号成功
[2022-01-26 16:52:48,376] - Logs.py] - INFO: 输入密码成功
[2022-01-26 16:52:48,472] - Logs.py] - INFO: 保存页面截图成功
[2022-01-26 16:53:02,008] - Logs.py] - INFO: 打开浏览器成功
[2022-01-26 16:53:02,033] - Logs.py] - INFO: 输入账号成功
[2022-01-26 16:53:02,053] - Logs.py] - INFO: 输入密码成功
[2022-01-26 16:53:02,105] - Logs.py] - INFO: 保存页面截图成功
[2022-01-26 16:53:03,523] - Logs.py] - INFO: 点击登陆成功
[2022-01-26 16:53:05,550] - Logs.py] - ERROR: 找不到该元素/html/body/div[1]/div[1]/div/nav/div[1]/div[2]/div[1]/div/div[2]/div
[2022-01-26 16:53:05,551] - Logs.py] - INFO: 点击登陆成功
[2022-01-26 16:53:05,604] - Logs.py] - INFO: 保存页面截图成功
[2022-01-26 16:53:06,998] - Logs.py] - INFO: 点击登陆成功
[2022-01-26 16:53:09,023] - Logs.py] - ERROR: 找不到该元素/html/body/div[1]/div[1]/div/nav/div[1]/div[2]/div[1]/div/div[2]/div
[2022-01-26 16:53:09,024] - Logs.py] - INFO: 点击登陆成功
[2022-01-26 16:53:09,075] - Logs.py] - INFO: 保存页面截图成功
[2022-01-26 16:53:10,488] - Logs.py] - INFO: 点击登陆成功
[2022-01-26 16:53:12,517] - Logs.py] - ERROR: 找不到该元素/html/body/div[1]/div[1]/div/nav/div[1]/div[2]/div[1]/div/div[2]/div
[2022-01-26 16:53:12,518] - Logs.py] - INFO: 点击登陆成功
[2022-01-26 16:53:12,626] - Logs.py] - INFO: 保存页面截图成功
[2022-01-26 16:53:14,042] - Logs.py] - INFO: 点击登陆成功
[2022-01-26 16:53:16,061] - Logs.py] - ERROR: 找不到该元素/html/body/div[1]/div[1]/div/nav/div[1]/div[2]/div[1]/div/div[2]/div
[2022-01-26 16:53:16,062] - Logs.py] - INFO: 点击登陆成功
[2022-01-26 16:53:16,114] - Logs.py] - INFO: 保存页面截图成功
[2022-01-26 16:53:17,512] - Logs.py] - INFO: 点击登陆成功
[2022-01-26 16:53:19,535] - Logs.py] - ERROR: 找不到该元素/html/body/div[1]/div[1]/div/nav/div[1]/div[2]/div[1]/div/div[2]/div
[2022-01-26 16:53:19,536] - Logs.py] - INFO: 点击登陆成功
[2022-01-26 16:53:19,585] - Logs.py] - INFO: 保存页面截图成功
[2022-01-26 16:53:21,003] - Logs.py] - INFO: 点击登陆成功
[2022-01-26 16:53:23,019] - Logs.py] - ERROR: 找不到该元素/html/body/div[1]/div[1]/div/nav/div[1]/div[2]/div[1]/div/div[2]/div
[2022-01-26 16:53:23,019] - Logs.py] - INFO: 点击登陆成功
[2022-01-26 16:53:23,076] - Logs.py] - INFO: 保存页面截图成功
[2022-01-26 16:53:24,486] - Logs.py] - INFO: 点击登陆成功
[2022-01-26 16:53:26,503] - Logs.py] - ERROR: 找不到该元素/html/body/div[1]/div[1]/div/nav/div[1]/div[2]/div[1]/div/div[2]/div
[2022-01-26 16:53:26,504] - Logs.py] - INFO: 点击登陆成功
[2022-01-26 16:53:26,560] - Logs.py] - INFO: 保存页面截图成功
[2022-01-26 16:53:27,952] - Logs.py] - INFO: 点击登陆成功
[2022-01-26 16:53:29,971] - Logs.py] - ERROR: 找不到该元素/html/body/div[1]/div[1]/div/nav/div[1]/div[2]/div[1]/div/div[2]/div
[2022-01-26 16:53:29,972] - Logs.py] - INFO: 点击登陆成功
[2022-01-26 16:53:30,024] - Logs.py] - INFO: 保存页面截图成功
[2022-01-26 16:53:31,448] - Logs.py] - INFO: 点击登陆成功
[2022-01-26 16:53:33,469] - Logs.py] - ERROR: 找不到该元素/html/body/div[1]/div[1]/div/nav/div[1]/div[2]/div[1]/div/div[2]/div
[2022-01-26 16:53:33,470] - Logs.py] - INFO: 点击登陆成功
[2022-01-26 16:53:33,531] - Logs.py] - INFO: 保存页面截图成功
[2022-01-26 16:53:34,948] - Logs.py] - INFO: 点击登陆成功
[2022-01-26 16:53:36,974] - Logs.py] - ERROR: 找不到该元素/html/body/div[1]/div[1]/div/nav/div[1]/div[2]/div[1]/div/div[2]/div
[2022-01-26 16:53:36,974] - Logs.py] - INFO: 点击登陆成功
[2022-01-26 16:53:37,024] - Logs.py] - INFO: 保存页面截图成功
[2022-01-26 16:53:38,437] - Logs.py] - INFO: 点击登陆成功
[2022-01-26 16:53:40,452] - Logs.py] - ERROR: 找不到该元素/html/body/div[1]/div[1]/div/nav/div[1]/div[2]/div[1]/div/div[2]/div
[2022-01-26 16:53:40,453] - Logs.py] - INFO: 点击登陆成功
[2022-01-26 16:53:40,508] - Logs.py] - INFO: 保存页面截图成功
[2022-01-26 16:53:41,944] - Logs.py] - INFO: 点击登陆成功
[2022-01-26 16:53:43,966] - Logs.py] - ERROR: 找不到该元素/html/body/div[1]/div[1]/div/nav/div[1]/div[2]/div[1]/div/div[2]/div
[2022-01-26 16:53:43,967] - Logs.py] - INFO: 点击登陆成功
[2022-01-26 16:53:44,020] - Logs.py] - INFO: 保存页面截图成功
[2022-01-26 16:53:45,388] - Logs.py] - INFO: 点击登陆成功
[2022-01-26 16:53:47,402] - Logs.py] - ERROR: 找不到该元素/html/body/div[1]/div[1]/div/nav/div[1]/div[2]/div[1]/div/div[2]/div
[2022-01-26 16:53:47,403] - Logs.py] - INFO: 点击登陆成功
[2022-01-26 16:53:47,453] - Logs.py] - INFO: 保存页面截图成功
[2022-01-26 16:53:48,840] - Logs.py] - INFO: 点击登陆成功
[2022-01-26 16:53:50,858] - Logs.py] - ERROR: 找不到该元素/html/body/div[1]/div[1]/div/nav/div[1]/div[2]/div[1]/div/div[2]/div
[2022-01-26 16:53:50,858] - Logs.py] - INFO: 点击登陆成功
[2022-01-26 16:53:50,915] - Logs.py] - INFO: 保存页面截图成功
[2022-01-26 16:53:52,334] - Logs.py] - INFO: 点击登陆成功
[2022-01-26 16:53:54,354] - Logs.py] - ERROR: 找不到该元素/html/body/div[1]/div[1]/div/nav/div[1]/div[2]/div[1]/div/div[2]/div
[2022-01-26 16:53:54,354] - Logs.py] - INFO: 点击登陆成功
[2022-01-26 16:53:54,407] - Logs.py] - INFO: 保存页面截图成功
[2022-01-26 16:53:55,787] - Logs.py] - INFO: 点击登陆成功
[2022-01-26 16:53:57,806] - Logs.py] - ERROR: 找不到该元素/html/body/div[1]/div[1]/div/nav/div[1]/div[2]/div[1]/div/div[2]/div
[2022-01-26 16:53:57,807] - Logs.py] - INFO: 点击登陆成功
[2022-01-26 16:53:57,856] - Logs.py] - INFO: 保存页面截图成功
[2022-01-26 16:53:59,249] - Logs.py] - INFO: 点击登陆成功
[2022-01-26 16:54:01,275] - Logs.py] - ERROR: 找不到该元素/html/body/div[1]/div[1]/div/nav/div[1]/div[2]/div[1]/div/div[2]/div
[2022-01-26 16:54:01,275] - Logs.py] - INFO: 点击登陆成功
[2022-01-26 16:54:01,322] - Logs.py] - INFO: 保存页面截图成功
[2022-01-26 16:54:02,703] - Logs.py] - INFO: 点击登陆成功
[2022-01-26 16:54:04,725] - Logs.py] - ERROR: 找不到该元素/html/body/div[1]/div[1]/div/nav/div[1]/div[2]/div[1]/div/div[2]/div
[2022-01-26 16:54:04,726] - Logs.py] - INFO: 点击登陆成功
[2022-01-26 16:54:04,777] - Logs.py] - INFO: 保存页面截图成功
[2022-01-26 16:54:06,165] - Logs.py] - INFO: 点击登陆成功
[2022-01-26 16:54:08,190] - Logs.py] - ERROR: 找不到该元素/html/body/div[1]/div[1]/div/nav/div[1]/div[2]/div[1]/div/div[2]/div
[2022-01-26 16:54:08,190] - Logs.py] - INFO: 点击登陆成功
[2022-01-26 16:54:08,237] - Logs.py] - INFO: 保存页面截图成功
[2022-01-26 16:54:09,629] - Logs.py] - INFO: 点击登陆成功
[2022-01-26 16:54:11,643] - Logs.py] - ERROR: 找不到该元素/html/body/div[1]/div[1]/div/nav/div[1]/div[2]/div[1]/div/div[2]/div
[2022-01-26 16:54:11,644] - Logs.py] - INFO: 点击登陆成功
[2022-01-26 16:54:13,655] - Logs.py] - ERROR: 元素点击操作，找不到该元素
[2022-01-26 16:54:13,656] - Logs.py] - ERROR: 点击/html/body/div[1]/div[1]/div/nav/div[1]/div[2]/div[2]/div[1]/div[2]/div异常
[2022-01-26 16:54:59,980] - Logs.py] - INFO: 打开浏览器成功
[2022-01-26 16:55:00,017] - Logs.py] - INFO: 输入账号成功
[2022-01-26 16:55:00,033] - Logs.py] - INFO: 输入密码成功
[2022-01-26 16:55:00,085] - Logs.py] - INFO: 保存页面截图成功
[2022-01-26 16:55:01,508] - Logs.py] - INFO: 点击登陆成功
[2022-01-26 16:55:03,539] - Logs.py] - ERROR: 找不到该元素/html/body/div[1]/div[1]/div/header/div/div[1]/img
[2022-01-26 16:55:03,539] - Logs.py] - INFO: 点击登陆成功
[2022-01-26 16:55:03,580] - Logs.py] - INFO: 保存页面截图成功
[2022-01-26 16:55:04,971] - Logs.py] - INFO: 点击登陆成功
[2022-01-26 16:55:06,992] - Logs.py] - ERROR: 找不到该元素/html/body/div[1]/div[1]/div/header/div/div[1]/img
[2022-01-26 16:55:06,993] - Logs.py] - INFO: 点击登陆成功
[2022-01-26 16:55:07,042] - Logs.py] - INFO: 保存页面截图成功
[2022-01-26 16:55:08,420] - Logs.py] - INFO: 点击登陆成功
[2022-01-26 16:55:10,443] - Logs.py] - ERROR: 找不到该元素/html/body/div[1]/div[1]/div/header/div/div[1]/img
[2022-01-26 16:55:10,443] - Logs.py] - INFO: 点击登陆成功
[2022-01-26 16:55:10,492] - Logs.py] - INFO: 保存页面截图成功
[2022-01-26 16:55:11,856] - Logs.py] - INFO: 点击登陆成功
[2022-01-26 16:55:13,864] - Logs.py] - ERROR: 找不到该元素/html/body/div[1]/div[1]/div/header/div/div[1]/img
[2022-01-26 16:55:13,865] - Logs.py] - INFO: 点击登陆成功
[2022-01-26 16:55:13,922] - Logs.py] - INFO: 保存页面截图成功
[2022-01-26 16:55:15,306] - Logs.py] - INFO: 点击登陆成功
[2022-01-26 16:55:17,321] - Logs.py] - ERROR: 找不到该元素/html/body/div[1]/div[1]/div/header/div/div[1]/img
[2022-01-26 16:55:17,321] - Logs.py] - INFO: 点击登陆成功
[2022-01-26 16:55:17,362] - Logs.py] - INFO: 保存页面截图成功
[2022-01-26 16:55:19,258] - Logs.py] - INFO: 点击登陆成功
[2022-01-26 16:55:21,266] - Logs.py] - ERROR: 找不到该元素/html/body/div[1]/div[1]/div/header/div/div[1]/img
[2022-01-26 16:55:21,267] - Logs.py] - INFO: 点击登陆成功
[2022-01-26 16:55:21,318] - Logs.py] - INFO: 保存页面截图成功
[2022-01-26 16:55:23,222] - Logs.py] - INFO: 点击登陆成功
[2022-01-26 16:55:25,230] - Logs.py] - ERROR: 找不到该元素/html/body/div[1]/div[1]/div/header/div/div[1]/img
[2022-01-26 16:55:25,230] - Logs.py] - INFO: 点击登陆成功
[2022-01-26 16:55:25,265] - Logs.py] - INFO: 保存页面截图成功
[2022-01-26 16:55:27,139] - Logs.py] - INFO: 点击登陆成功
[2022-01-26 16:55:29,156] - Logs.py] - ERROR: 找不到该元素/html/body/div[1]/div[1]/div/header/div/div[1]/img
[2022-01-26 16:55:29,156] - Logs.py] - INFO: 点击登陆成功
[2022-01-26 16:55:29,198] - Logs.py] - INFO: 保存页面截图成功
[2022-01-26 16:55:31,153] - Logs.py] - INFO: 点击登陆成功
[2022-01-26 16:55:33,164] - Logs.py] - ERROR: 找不到该元素/html/body/div[1]/div[1]/div/header/div/div[1]/img
[2022-01-26 16:55:33,164] - Logs.py] - INFO: 点击登陆成功
[2022-01-26 16:55:33,205] - Logs.py] - INFO: 保存页面截图成功
[2022-01-26 16:55:35,102] - Logs.py] - INFO: 点击登陆成功
[2022-01-26 16:55:37,107] - Logs.py] - ERROR: 找不到该元素/html/body/div[1]/div[1]/div/header/div/div[1]/img
[2022-01-26 16:55:37,107] - Logs.py] - INFO: 点击登陆成功
[2022-01-26 16:55:37,154] - Logs.py] - INFO: 保存页面截图成功
[2022-01-26 16:55:39,034] - Logs.py] - INFO: 点击登陆成功
[2022-01-26 16:55:41,050] - Logs.py] - ERROR: 找不到该元素/html/body/div[1]/div[1]/div/header/div/div[1]/img
[2022-01-26 16:55:41,051] - Logs.py] - INFO: 点击登陆成功
[2022-01-26 16:55:41,092] - Logs.py] - INFO: 保存页面截图成功
[2022-01-26 16:55:42,955] - Logs.py] - INFO: 点击登陆成功
[2022-01-26 16:55:44,970] - Logs.py] - ERROR: 找不到该元素/html/body/div[1]/div[1]/div/header/div/div[1]/img
[2022-01-26 16:55:44,971] - Logs.py] - INFO: 点击登陆成功
[2022-01-26 16:55:45,021] - Logs.py] - INFO: 保存页面截图成功
[2022-01-26 16:55:46,891] - Logs.py] - INFO: 点击登陆成功
[2022-01-26 16:55:48,908] - Logs.py] - ERROR: 找不到该元素/html/body/div[1]/div[1]/div/header/div/div[1]/img
[2022-01-26 16:55:48,908] - Logs.py] - INFO: 点击登陆成功
[2022-01-26 16:55:48,944] - Logs.py] - INFO: 保存页面截图成功
[2022-01-26 16:55:50,800] - Logs.py] - INFO: 点击登陆成功
[2022-01-26 16:55:52,818] - Logs.py] - ERROR: 找不到该元素/html/body/div[1]/div[1]/div/header/div/div[1]/img
[2022-01-26 16:55:52,818] - Logs.py] - INFO: 点击登陆成功
[2022-01-26 16:55:52,860] - Logs.py] - INFO: 保存页面截图成功
[2022-01-26 16:55:54,739] - Logs.py] - INFO: 点击登陆成功
[2022-01-26 16:55:56,761] - Logs.py] - ERROR: 找不到该元素/html/body/div[1]/div[1]/div/header/div/div[1]/img
[2022-01-26 16:55:56,761] - Logs.py] - INFO: 点击登陆成功
[2022-01-26 16:55:56,803] - Logs.py] - INFO: 保存页面截图成功
[2022-01-26 16:55:58,681] - Logs.py] - INFO: 点击登陆成功
[2022-01-26 16:56:00,704] - Logs.py] - ERROR: 找不到该元素/html/body/div[1]/div[1]/div/header/div/div[1]/img
[2022-01-26 16:56:00,705] - Logs.py] - INFO: 点击登陆成功
[2022-01-26 16:56:00,746] - Logs.py] - INFO: 保存页面截图成功
[2022-01-26 16:56:02,627] - Logs.py] - INFO: 点击登陆成功
[2022-01-26 16:56:04,639] - Logs.py] - ERROR: 找不到该元素/html/body/div[1]/div[1]/div/header/div/div[1]/img
[2022-01-26 16:56:04,640] - Logs.py] - INFO: 点击登陆成功
[2022-01-26 16:56:04,686] - Logs.py] - INFO: 保存页面截图成功
[2022-01-26 16:56:06,564] - Logs.py] - INFO: 点击登陆成功
[2022-01-26 16:56:08,570] - Logs.py] - ERROR: 找不到该元素/html/body/div[1]/div[1]/div/header/div/div[1]/img
[2022-01-26 16:56:08,570] - Logs.py] - INFO: 点击登陆成功
[2022-01-26 16:56:08,617] - Logs.py] - INFO: 保存页面截图成功
[2022-01-26 16:56:10,502] - Logs.py] - INFO: 点击登陆成功
[2022-01-26 16:56:12,509] - Logs.py] - ERROR: 找不到该元素/html/body/div[1]/div[1]/div/header/div/div[1]/img
[2022-01-26 16:56:12,510] - Logs.py] - INFO: 点击登陆成功
[2022-01-26 16:56:12,552] - Logs.py] - INFO: 保存页面截图成功
[2022-01-26 16:56:14,413] - Logs.py] - INFO: 点击登陆成功
[2022-01-26 16:56:16,425] - Logs.py] - ERROR: 找不到该元素/html/body/div[1]/div[1]/div/header/div/div[1]/img
[2022-01-26 16:56:16,425] - Logs.py] - INFO: 点击登陆成功
[2022-01-26 16:56:18,436] - Logs.py] - ERROR: 元素点击操作，找不到该元素
[2022-01-26 16:56:18,436] - Logs.py] - ERROR: 点击/html/body/div[1]/div[1]/div/nav/div[1]/div[2]/div[2]/div[1]/div[2]/div异常
[2022-01-26 16:56:38,034] - Logs.py] - INFO: 打开浏览器成功
[2022-01-26 16:56:38,060] - Logs.py] - INFO: 输入账号成功
[2022-01-26 16:56:38,074] - Logs.py] - INFO: 输入密码成功
[2022-01-26 16:56:38,133] - Logs.py] - INFO: 保存页面截图成功
[2022-01-26 16:56:39,550] - Logs.py] - INFO: 点击登陆成功
[2022-01-26 16:56:44,575] - Logs.py] - ERROR: 找不到该元素/html/body/div[1]/div[1]/div/header/div/div[1]/img
[2022-01-26 16:56:44,575] - Logs.py] - INFO: 点击登陆成功
[2022-01-26 16:56:44,622] - Logs.py] - INFO: 保存页面截图成功
[2022-01-26 16:56:46,016] - Logs.py] - INFO: 点击登陆成功
[2022-01-26 16:56:51,035] - Logs.py] - ERROR: 找不到该元素/html/body/div[1]/div[1]/div/header/div/div[1]/img
[2022-01-26 16:56:51,036] - Logs.py] - INFO: 点击登陆成功
[2022-01-26 16:56:51,091] - Logs.py] - INFO: 保存页面截图成功
[2022-01-26 16:56:52,459] - Logs.py] - INFO: 点击登陆成功
[2022-01-26 16:56:57,496] - Logs.py] - ERROR: 找不到该元素/html/body/div[1]/div[1]/div/header/div/div[1]/img
[2022-01-26 16:56:57,496] - Logs.py] - INFO: 点击登陆成功
[2022-01-26 16:56:57,544] - Logs.py] - INFO: 保存页面截图成功
[2022-01-26 16:56:58,919] - Logs.py] - INFO: 点击登陆成功
[2022-01-26 16:57:03,950] - Logs.py] - ERROR: 找不到该元素/html/body/div[1]/div[1]/div/header/div/div[1]/img
[2022-01-26 16:57:03,951] - Logs.py] - INFO: 点击登陆成功
[2022-01-26 16:57:04,020] - Logs.py] - INFO: 保存页面截图成功
[2022-01-26 16:57:05,644] - Logs.py] - INFO: 点击登陆成功
[2022-01-26 16:57:10,661] - Logs.py] - ERROR: 找不到该元素/html/body/div[1]/div[1]/div/header/div/div[1]/img
[2022-01-26 16:57:10,661] - Logs.py] - INFO: 点击登陆成功
[2022-01-26 16:57:10,713] - Logs.py] - INFO: 保存页面截图成功
[2022-01-26 16:57:12,120] - Logs.py] - INFO: 点击登陆成功
[2022-01-26 16:57:15,876] - Logs.py] - ERROR: 找不到该元素/html/body/div[1]/div[1]/div/header/div/div[1]/img
[2022-01-26 16:57:15,876] - Logs.py] - INFO: 点击登陆成功
[2022-01-26 16:57:15,885] - Logs.py] - ERROR: 保存验证码截图失败
[2022-01-26 16:57:15,987] - Logs.py] - ERROR: 元素操作异常+/html/body/div/div[1]/div/div[2]/div[2]/ul/div/li[1]/input
[2022-01-26 16:57:15,987] - Logs.py] - ERROR: 点击登陆异常
[2022-01-26 16:57:28,401] - Logs.py] - INFO: 打开浏览器成功
[2022-01-26 16:57:28,424] - Logs.py] - INFO: 输入账号成功
[2022-01-26 16:57:28,440] - Logs.py] - INFO: 输入密码成功
[2022-01-26 16:57:28,491] - Logs.py] - INFO: 保存页面截图成功
[2022-01-26 16:57:29,903] - Logs.py] - INFO: 点击登陆成功
[2022-01-26 16:57:36,931] - Logs.py] - ERROR: 找不到该元素/html/body/div[1]/div[1]/div/header/div/div[1]/img
[2022-01-26 16:57:36,931] - Logs.py] - INFO: 点击登陆成功
[2022-01-26 16:57:36,976] - Logs.py] - INFO: 保存页面截图成功
[2022-01-26 16:57:38,355] - Logs.py] - INFO: 点击登陆成功
[2022-01-26 16:57:45,372] - Logs.py] - ERROR: 找不到该元素/html/body/div[1]/div[1]/div/header/div/div[1]/img
[2022-01-26 16:57:45,372] - Logs.py] - INFO: 点击登陆成功
[2022-01-26 16:57:45,429] - Logs.py] - INFO: 保存页面截图成功
[2022-01-26 16:57:46,802] - Logs.py] - INFO: 点击登陆成功
[2022-01-26 16:58:58,980] - Logs.py] - INFO: 打开浏览器成功
[2022-01-26 16:58:58,986] - Logs.py] - INFO: 输入账号成功
[2022-01-26 16:58:59,001] - Logs.py] - INFO: 输入密码成功
[2022-01-26 16:58:59,064] - Logs.py] - INFO: 保存页面截图成功
[2022-01-26 16:58:59,231] - Logs.py] - INFO: 点击登陆成功
[2022-01-26 16:59:01,484] - Logs.py] - INFO: 点击登陆成功
[2022-01-26 16:59:03,510] - Logs.py] - ERROR: 找不到该元素/html/body/div[1]/div[1]/div/header/div/div[1]/img
[2022-01-26 16:59:03,510] - Logs.py] - INFO: 点击登陆成功
[2022-01-26 16:59:03,557] - Logs.py] - INFO: 保存页面截图成功
[2022-01-26 16:59:03,711] - Logs.py] - INFO: 点击登陆成功
[2022-01-26 16:59:05,979] - Logs.py] - INFO: 点击登陆成功
[2022-01-26 16:59:08,002] - Logs.py] - ERROR: 找不到该元素/html/body/div[1]/div[1]/div/header/div/div[1]/img
[2022-01-26 16:59:08,002] - Logs.py] - INFO: 点击登陆成功
[2022-01-26 16:59:08,053] - Logs.py] - INFO: 保存页面截图成功
[2022-01-26 16:59:08,204] - Logs.py] - INFO: 点击登陆成功
[2022-01-26 16:59:10,469] - Logs.py] - INFO: 点击登陆成功
[2022-01-26 16:59:12,479] - Logs.py] - ERROR: 找不到该元素/html/body/div[1]/div[1]/div/header/div/div[1]/img
[2022-01-26 16:59:12,479] - Logs.py] - INFO: 点击登陆成功
[2022-01-26 16:59:12,526] - Logs.py] - INFO: 保存页面截图成功
[2022-01-26 16:59:12,666] - Logs.py] - INFO: 点击登陆成功
[2022-01-26 16:59:14,916] - Logs.py] - INFO: 点击登陆成功
[2022-01-26 16:59:16,923] - Logs.py] - ERROR: 找不到该元素/html/body/div[1]/div[1]/div/header/div/div[1]/img
[2022-01-26 16:59:16,924] - Logs.py] - INFO: 点击登陆成功
[2022-01-26 16:59:16,977] - Logs.py] - INFO: 保存页面截图成功
[2022-01-26 16:59:17,146] - Logs.py] - INFO: 点击登陆成功
[2022-01-26 16:59:19,387] - Logs.py] - INFO: 点击登陆成功
[2022-01-26 16:59:21,407] - Logs.py] - ERROR: 找不到该元素/html/body/div[1]/div[1]/div/header/div/div[1]/img
[2022-01-26 16:59:21,408] - Logs.py] - INFO: 点击登陆成功
[2022-01-26 16:59:21,454] - Logs.py] - INFO: 保存页面截图成功
[2022-01-26 16:59:21,588] - Logs.py] - INFO: 点击登陆成功
[2022-01-26 16:59:23,816] - Logs.py] - INFO: 点击登陆成功
[2022-01-26 16:59:25,838] - Logs.py] - ERROR: 找不到该元素/html/body/div[1]/div[1]/div/header/div/div[1]/img
[2022-01-26 16:59:25,838] - Logs.py] - INFO: 点击登陆成功
[2022-01-26 16:59:25,887] - Logs.py] - INFO: 保存页面截图成功
[2022-01-26 16:59:26,032] - Logs.py] - INFO: 点击登陆成功
[2022-01-26 16:59:28,272] - Logs.py] - INFO: 点击登陆成功
[2022-01-26 16:59:30,282] - Logs.py] - ERROR: 找不到该元素/html/body/div[1]/div[1]/div/header/div/div[1]/img
[2022-01-26 16:59:30,283] - Logs.py] - INFO: 点击登陆成功
[2022-01-26 16:59:30,334] - Logs.py] - INFO: 保存页面截图成功
[2022-01-26 16:59:30,478] - Logs.py] - INFO: 点击登陆成功
[2022-01-26 16:59:32,734] - Logs.py] - INFO: 点击登陆成功
[2022-01-26 16:59:34,761] - Logs.py] - ERROR: 找不到该元素/html/body/div[1]/div[1]/div/header/div/div[1]/img
[2022-01-26 16:59:34,762] - Logs.py] - INFO: 点击登陆成功
[2022-01-26 16:59:34,795] - Logs.py] - INFO: 保存页面截图成功
[2022-01-26 16:59:34,942] - Logs.py] - INFO: 点击登陆成功
[2022-01-26 16:59:37,214] - Logs.py] - INFO: 点击登陆成功
[2022-01-26 16:59:39,227] - Logs.py] - ERROR: 找不到该元素/html/body/div[1]/div[1]/div/header/div/div[1]/img
[2022-01-26 16:59:39,227] - Logs.py] - INFO: 点击登陆成功
[2022-01-26 16:59:39,277] - Logs.py] - INFO: 保存页面截图成功
[2022-01-26 16:59:39,416] - Logs.py] - INFO: 点击登陆成功
[2022-01-26 16:59:41,676] - Logs.py] - INFO: 点击登陆成功
[2022-01-26 16:59:43,686] - Logs.py] - ERROR: 找不到该元素/html/body/div[1]/div[1]/div/header/div/div[1]/img
[2022-01-26 16:59:43,687] - Logs.py] - INFO: 点击登陆成功
[2022-01-26 16:59:43,736] - Logs.py] - INFO: 保存页面截图成功
[2022-01-26 16:59:43,870] - Logs.py] - INFO: 点击登陆成功
[2022-01-26 16:59:46,105] - Logs.py] - INFO: 点击登陆成功
[2022-01-26 16:59:48,113] - Logs.py] - ERROR: 找不到该元素/html/body/div[1]/div[1]/div/header/div/div[1]/img
[2022-01-26 16:59:48,114] - Logs.py] - INFO: 点击登陆成功
[2022-01-26 16:59:48,168] - Logs.py] - INFO: 保存页面截图成功
[2022-01-26 16:59:48,351] - Logs.py] - INFO: 点击登陆成功
[2022-01-26 16:59:50,589] - Logs.py] - INFO: 点击登陆成功
[2022-01-26 16:59:52,604] - Logs.py] - ERROR: 找不到该元素/html/body/div[1]/div[1]/div/header/div/div[1]/img
[2022-01-26 16:59:52,605] - Logs.py] - INFO: 点击登陆成功
[2022-01-26 16:59:52,656] - Logs.py] - INFO: 保存页面截图成功
[2022-01-26 16:59:52,796] - Logs.py] - INFO: 点击登陆成功
[2022-01-26 16:59:55,545] - Logs.py] - INFO: 点击登陆成功
[2022-01-26 16:59:57,566] - Logs.py] - ERROR: 找不到该元素/html/body/div[1]/div[1]/div/header/div/div[1]/img
[2022-01-26 16:59:57,567] - Logs.py] - INFO: 点击登陆成功
[2022-01-26 16:59:57,616] - Logs.py] - INFO: 保存页面截图成功
[2022-01-26 16:59:57,758] - Logs.py] - INFO: 点击登陆成功
[2022-01-26 17:00:00,501] - Logs.py] - INFO: 点击登陆成功
[2022-01-26 17:00:02,516] - Logs.py] - ERROR: 找不到该元素/html/body/div[1]/div[1]/div/header/div/div[1]/img
[2022-01-26 17:00:02,516] - Logs.py] - INFO: 点击登陆成功
[2022-01-26 17:00:02,570] - Logs.py] - INFO: 保存页面截图成功
[2022-01-26 17:00:02,709] - Logs.py] - INFO: 点击登陆成功
[2022-01-26 17:00:05,457] - Logs.py] - INFO: 点击登陆成功
[2022-01-26 17:00:07,473] - Logs.py] - ERROR: 找不到该元素/html/body/div[1]/div[1]/div/header/div/div[1]/img
[2022-01-26 17:00:07,474] - Logs.py] - INFO: 点击登陆成功
[2022-01-26 17:00:07,526] - Logs.py] - INFO: 保存页面截图成功
[2022-01-26 17:00:07,670] - Logs.py] - INFO: 点击登陆成功
[2022-01-26 17:00:09,920] - Logs.py] - INFO: 点击登陆成功
[2022-01-26 17:00:11,927] - Logs.py] - ERROR: 找不到该元素/html/body/div[1]/div[1]/div/header/div/div[1]/img
[2022-01-26 17:00:11,928] - Logs.py] - INFO: 点击登陆成功
[2022-01-26 17:00:11,975] - Logs.py] - INFO: 保存页面截图成功
[2022-01-26 17:00:12,227] - Logs.py] - ERROR: 元素操作异常+/html/body/div/div[1]/div/div[2]/div[2]/ul/div/li[1]/input
[2022-01-26 17:00:12,227] - Logs.py] - ERROR: 点击登陆异常
[2022-01-26 17:00:13,244] - Logs.py] - ERROR: 元素点击操作，找不到该元素
[2022-01-26 17:00:13,244] - Logs.py] - ERROR: 点击登陆异常
[2022-01-26 17:01:28,980] - Logs.py] - INFO: 打开浏览器成功
[2022-01-26 17:01:29,003] - Logs.py] - INFO: 输入账号成功
[2022-01-26 17:01:29,018] - Logs.py] - INFO: 输入密码成功
[2022-01-26 17:01:29,070] - Logs.py] - INFO: 保存页面截图成功
[2022-01-26 17:01:29,075] - Logs.py] - ERROR: 保存验证码截图失败
[2022-01-26 17:01:30,316] - Logs.py] - INFO: 点击登陆成功
[2022-01-26 17:01:30,365] - Logs.py] - INFO: 保存页面截图成功
[2022-01-26 17:01:30,369] - Logs.py] - ERROR: 保存验证码截图失败
[2022-01-26 17:01:31,610] - Logs.py] - INFO: 点击登陆成功
[2022-01-26 17:01:31,659] - Logs.py] - INFO: 保存页面截图成功
[2022-01-26 17:01:31,664] - Logs.py] - ERROR: 保存验证码截图失败
[2022-01-26 17:01:32,891] - Logs.py] - INFO: 点击登陆成功
[2022-01-26 17:01:32,940] - Logs.py] - INFO: 保存页面截图成功
[2022-01-26 17:01:32,945] - Logs.py] - ERROR: 保存验证码截图失败
[2022-01-26 17:01:34,166] - Logs.py] - INFO: 点击登陆成功
[2022-01-26 17:01:34,219] - Logs.py] - INFO: 保存页面截图成功
[2022-01-26 17:01:34,225] - Logs.py] - ERROR: 保存验证码截图失败
[2022-01-26 17:01:35,457] - Logs.py] - INFO: 点击登陆成功
[2022-01-26 17:01:35,505] - Logs.py] - INFO: 保存页面截图成功
[2022-01-26 17:01:35,510] - Logs.py] - ERROR: 保存验证码截图失败
[2022-01-26 17:01:36,747] - Logs.py] - INFO: 点击登陆成功
[2022-01-26 17:01:36,795] - Logs.py] - INFO: 保存页面截图成功
[2022-01-26 17:01:36,800] - Logs.py] - ERROR: 保存验证码截图失败
[2022-01-26 17:01:38,031] - Logs.py] - INFO: 点击登陆成功
[2022-01-26 17:01:38,080] - Logs.py] - INFO: 保存页面截图成功
[2022-01-26 17:01:38,085] - Logs.py] - ERROR: 保存验证码截图失败
[2022-01-26 17:01:39,166] - Logs.py] - ERROR: 元素点击操作，找不到该元素
[2022-01-26 17:01:39,166] - Logs.py] - ERROR: 点击登陆异常
[2022-01-26 17:02:22,962] - Logs.py] - INFO: 打开浏览器成功
[2022-01-26 17:02:22,977] - Logs.py] - INFO: 输入账号成功
[2022-01-26 17:02:22,993] - Logs.py] - INFO: 输入密码成功
[2022-01-26 17:02:23,046] - Logs.py] - INFO: 保存页面截图成功
[2022-01-26 17:02:23,046] - Logs.py] - ERROR: 保存验证码截图失败
[2022-01-26 17:02:24,287] - Logs.py] - INFO: 点击登陆成功
[2022-01-26 17:02:24,335] - Logs.py] - INFO: 保存页面截图成功
[2022-01-26 17:02:24,341] - Logs.py] - ERROR: 保存验证码截图失败
[2022-01-26 17:02:25,577] - Logs.py] - INFO: 点击登陆成功
[2022-01-26 17:02:25,624] - Logs.py] - INFO: 保存页面截图成功
[2022-01-26 17:02:25,630] - Logs.py] - ERROR: 保存验证码截图失败
[2022-01-26 17:02:26,858] - Logs.py] - INFO: 点击登陆成功
[2022-01-26 17:02:26,907] - Logs.py] - INFO: 保存页面截图成功
[2022-01-26 17:02:26,913] - Logs.py] - ERROR: 保存验证码截图失败
[2022-01-26 17:02:28,137] - Logs.py] - INFO: 点击登陆成功
[2022-01-26 17:02:28,187] - Logs.py] - INFO: 保存页面截图成功
[2022-01-26 17:02:28,192] - Logs.py] - ERROR: 保存验证码截图失败
[2022-01-26 17:02:29,436] - Logs.py] - INFO: 点击登陆成功
[2022-01-26 17:02:29,485] - Logs.py] - INFO: 保存页面截图成功
[2022-01-26 17:02:29,489] - Logs.py] - ERROR: 保存验证码截图失败
[2022-01-26 17:02:30,711] - Logs.py] - INFO: 点击登陆成功
[2022-01-26 17:02:30,761] - Logs.py] - INFO: 保存页面截图成功
[2022-01-26 17:02:30,767] - Logs.py] - ERROR: 保存验证码截图失败
[2022-01-26 17:02:31,843] - Logs.py] - ERROR: 元素点击操作，找不到该元素
[2022-01-26 17:02:31,843] - Logs.py] - ERROR: 点击登陆异常
[2022-01-26 17:02:58,952] - Logs.py] - INFO: 打开浏览器成功
[2022-01-26 17:02:58,968] - Logs.py] - INFO: 输入账号成功
[2022-01-26 17:02:58,984] - Logs.py] - INFO: 输入密码成功
[2022-01-26 17:02:59,037] - Logs.py] - INFO: 保存页面截图成功
[2022-01-26 17:02:59,205] - Logs.py] - INFO: 清理成功
[2022-01-26 17:03:02,482] - Logs.py] - INFO: 点击登陆成功
[2022-01-26 17:03:02,488] - Logs.py] - INFO: 点击登陆成功
[2022-01-26 17:03:02,765] - Logs.py] - INFO: 点击成功
[2022-01-26 17:03:04,073] - Logs.py] - INFO: 点击成功
[2022-01-26 17:03:06,100] - Logs.py] - ERROR: 对输入框元素进行操作,未找到该元素!
[2022-01-26 17:03:06,100] - Logs.py] - ERROR: 点击//*[@id="input-13"]异常
[2022-01-26 17:03:21,926] - Logs.py] - INFO: 打开浏览器成功
[2022-01-26 17:03:21,952] - Logs.py] - INFO: 输入账号成功
[2022-01-26 17:03:21,968] - Logs.py] - INFO: 输入密码成功
[2022-01-26 17:03:22,022] - Logs.py] - INFO: 保存页面截图成功
[2022-01-26 17:03:22,188] - Logs.py] - INFO: 清理成功
[2022-01-26 17:03:25,468] - Logs.py] - INFO: 点击登陆成功
[2022-01-26 17:03:27,488] - Logs.py] - ERROR: 找不到该元素/html/body/div[1]/div[1]/div/header/div/div[1]/img
[2022-01-26 17:03:27,488] - Logs.py] - INFO: 点击登陆成功
[2022-01-26 17:03:27,526] - Logs.py] - INFO: 保存页面截图成功
[2022-01-26 17:03:27,695] - Logs.py] - INFO: 清理成功
[2022-01-26 17:03:30,968] - Logs.py] - INFO: 点击登陆成功
[2022-01-26 17:03:32,984] - Logs.py] - ERROR: 找不到该元素/html/body/div[1]/div[1]/div/header/div/div[1]/img
[2022-01-26 17:03:32,985] - Logs.py] - INFO: 点击登陆成功
[2022-01-26 17:03:33,038] - Logs.py] - INFO: 保存页面截图成功
[2022-01-26 17:03:33,186] - Logs.py] - INFO: 清理成功
[2022-01-26 17:03:36,452] - Logs.py] - INFO: 点击登陆成功
[2022-01-26 17:03:38,465] - Logs.py] - ERROR: 找不到该元素/html/body/div[1]/div[1]/div/header/div/div[1]/img
[2022-01-26 17:03:38,465] - Logs.py] - INFO: 点击登陆成功
[2022-01-26 17:03:38,515] - Logs.py] - INFO: 保存页面截图成功
[2022-01-26 17:03:38,647] - Logs.py] - INFO: 清理成功
[2022-01-26 17:03:41,916] - Logs.py] - INFO: 点击登陆成功
[2022-01-26 17:03:43,938] - Logs.py] - ERROR: 找不到该元素/html/body/div[1]/div[1]/div/header/div/div[1]/img
[2022-01-26 17:03:43,938] - Logs.py] - INFO: 点击登陆成功
[2022-01-26 17:03:43,985] - Logs.py] - INFO: 保存页面截图成功
[2022-01-26 17:03:44,121] - Logs.py] - INFO: 清理成功
[2022-01-26 17:03:47,370] - Logs.py] - INFO: 点击登陆成功
[2022-01-26 17:03:49,380] - Logs.py] - ERROR: 找不到该元素/html/body/div[1]/div[1]/div/header/div/div[1]/img
[2022-01-26 17:03:49,380] - Logs.py] - INFO: 点击登陆成功
[2022-01-26 17:03:49,434] - Logs.py] - INFO: 保存页面截图成功
[2022-01-26 17:03:49,577] - Logs.py] - INFO: 清理成功
[2022-01-26 17:03:52,692] - Logs.py] - ERROR: 元素点击操作，找不到该元素
[2022-01-26 17:03:52,693] - Logs.py] - ERROR: 点击登陆异常
[2022-01-26 17:04:28,945] - Logs.py] - INFO: 打开浏览器成功
[2022-01-26 17:04:28,969] - Logs.py] - INFO: 输入账号成功
[2022-01-26 17:04:28,983] - Logs.py] - INFO: 输入密码成功
[2022-01-26 17:04:29,036] - Logs.py] - INFO: 保存页面截图成功
[2022-01-26 17:04:29,200] - Logs.py] - INFO: 清理成功
[2022-01-26 17:04:32,491] - Logs.py] - INFO: 点击登陆成功
[2022-01-26 17:04:34,505] - Logs.py] - ERROR: 找不到该元素/html/body/div[1]/div[1]/div/header/div/div[1]/img
[2022-01-26 17:04:34,506] - Logs.py] - INFO: 点击登陆成功
[2022-01-26 17:04:34,554] - Logs.py] - INFO: 保存页面截图成功
[2022-01-26 17:04:34,683] - Logs.py] - INFO: 清理成功
[2022-01-26 17:04:37,955] - Logs.py] - INFO: 点击登陆成功
[2022-01-26 17:04:37,974] - Logs.py] - INFO: 点击登陆成功
[2022-01-26 17:04:38,202] - Logs.py] - INFO: 点击成功
[2022-01-26 17:04:39,511] - Logs.py] - INFO: 点击成功
[2022-01-26 17:04:41,329] - Logs.py] - ERROR: 点击/html/body/div[1]/div[1]/div/main/div/div/iframe异常
[2022-01-26 17:04:49,664] - Logs.py] - INFO: 打开浏览器成功
[2022-01-26 17:04:49,690] - Logs.py] - INFO: 输入账号成功
[2022-01-26 17:04:49,708] - Logs.py] - INFO: 输入密码成功
[2022-01-26 17:04:49,766] - Logs.py] - INFO: 保存页面截图成功
[2022-01-26 17:04:49,952] - Logs.py] - INFO: 清理成功
[2022-01-26 17:04:53,231] - Logs.py] - INFO: 点击登陆成功
[2022-01-26 17:04:53,264] - Logs.py] - INFO: 点击登陆成功
[2022-01-26 17:04:53,495] - Logs.py] - INFO: 点击成功
[2022-01-26 17:04:54,796] - Logs.py] - INFO: 点击成功
[2022-01-26 17:05:03,372] - Logs.py] - INFO: 打开浏览器成功
[2022-01-26 17:05:03,387] - Logs.py] - INFO: 输入账号成功
[2022-01-26 17:05:03,403] - Logs.py] - INFO: 输入密码成功
[2022-01-26 17:05:03,456] - Logs.py] - INFO: 保存页面截图成功
[2022-01-26 17:05:03,656] - Logs.py] - INFO: 清理成功
[2022-01-26 17:05:06,940] - Logs.py] - INFO: 点击登陆成功
[2022-01-26 17:05:08,956] - Logs.py] - ERROR: 找不到该元素/html/body/div[1]/div[1]/div/header/div/div[1]/img
[2022-01-26 17:05:08,956] - Logs.py] - INFO: 点击登陆成功
[2022-01-26 17:05:09,006] - Logs.py] - INFO: 保存页面截图成功
[2022-01-26 17:05:09,150] - Logs.py] - INFO: 清理成功
[2022-01-26 17:05:12,418] - Logs.py] - INFO: 点击登陆成功
[2022-01-26 17:05:14,430] - Logs.py] - ERROR: 找不到该元素/html/body/div[1]/div[1]/div/header/div/div[1]/img
[2022-01-26 17:05:14,431] - Logs.py] - INFO: 点击登陆成功
[2022-01-26 17:05:14,484] - Logs.py] - INFO: 保存页面截图成功
[2022-01-26 17:05:14,624] - Logs.py] - INFO: 清理成功
[2022-01-26 17:05:17,896] - Logs.py] - INFO: 点击登陆成功
[2022-01-26 17:05:19,906] - Logs.py] - ERROR: 找不到该元素/html/body/div[1]/div[1]/div/header/div/div[1]/img
[2022-01-26 17:05:19,907] - Logs.py] - INFO: 点击登陆成功
[2022-01-26 17:05:19,956] - Logs.py] - INFO: 保存页面截图成功
[2022-01-26 17:05:20,094] - Logs.py] - INFO: 清理成功
[2022-01-26 17:05:23,379] - Logs.py] - INFO: 点击登陆成功
[2022-01-26 17:05:25,386] - Logs.py] - ERROR: 找不到该元素/html/body/div[1]/div[1]/div/header/div/div[1]/img
[2022-01-26 17:05:25,386] - Logs.py] - INFO: 点击登陆成功
[2022-01-26 17:05:25,439] - Logs.py] - INFO: 保存页面截图成功
[2022-01-26 17:05:25,587] - Logs.py] - INFO: 清理成功
[2022-01-26 17:05:28,857] - Logs.py] - INFO: 点击登陆成功
[2022-01-26 17:05:30,877] - Logs.py] - ERROR: 找不到该元素/html/body/div[1]/div[1]/div/header/div/div[1]/img
[2022-01-26 17:05:30,877] - Logs.py] - INFO: 点击登陆成功
[2022-01-26 17:05:30,924] - Logs.py] - INFO: 保存页面截图成功
[2022-01-26 17:05:31,058] - Logs.py] - INFO: 清理成功
[2022-01-26 17:05:34,349] - Logs.py] - INFO: 点击登陆成功
[2022-01-26 17:05:36,368] - Logs.py] - ERROR: 找不到该元素/html/body/div[1]/div[1]/div/header/div/div[1]/img
[2022-01-26 17:05:36,369] - Logs.py] - INFO: 点击登陆成功
[2022-01-26 17:05:36,419] - Logs.py] - INFO: 保存页面截图成功
[2022-01-26 17:05:36,562] - Logs.py] - INFO: 清理成功
[2022-01-26 17:05:39,837] - Logs.py] - INFO: 点击登陆成功
[2022-01-26 17:05:41,846] - Logs.py] - ERROR: 找不到该元素/html/body/div[1]/div[1]/div/header/div/div[1]/img
[2022-01-26 17:05:41,846] - Logs.py] - INFO: 点击登陆成功
[2022-01-26 17:05:41,903] - Logs.py] - INFO: 保存页面截图成功
[2022-01-26 17:05:42,029] - Logs.py] - INFO: 清理成功
[2022-01-26 17:05:45,312] - Logs.py] - INFO: 点击登陆成功
[2022-01-26 17:05:47,321] - Logs.py] - ERROR: 找不到该元素/html/body/div[1]/div[1]/div/header/div/div[1]/img
[2022-01-26 17:05:47,322] - Logs.py] - INFO: 点击登陆成功
[2022-01-26 17:05:47,373] - Logs.py] - INFO: 保存页面截图成功
[2022-01-26 17:05:47,513] - Logs.py] - INFO: 清理成功
[2022-01-26 17:05:50,782] - Logs.py] - INFO: 点击登陆成功
[2022-01-26 17:05:52,799] - Logs.py] - ERROR: 找不到该元素/html/body/div[1]/div[1]/div/header/div/div[1]/img
[2022-01-26 17:05:52,799] - Logs.py] - INFO: 点击登陆成功
[2022-01-26 17:05:52,847] - Logs.py] - INFO: 保存页面截图成功
[2022-01-26 17:05:52,992] - Logs.py] - INFO: 清理成功
[2022-01-26 17:05:56,280] - Logs.py] - INFO: 点击登陆成功
[2022-01-26 17:05:58,304] - Logs.py] - ERROR: 找不到该元素/html/body/div[1]/div[1]/div/header/div/div[1]/img
[2022-01-26 17:05:58,305] - Logs.py] - INFO: 点击登陆成功
[2022-01-26 17:05:58,354] - Logs.py] - INFO: 保存页面截图成功
[2022-01-26 17:05:58,510] - Logs.py] - INFO: 清理成功
[2022-01-26 17:06:01,771] - Logs.py] - INFO: 点击登陆成功
[2022-01-26 17:06:03,779] - Logs.py] - ERROR: 找不到该元素/html/body/div[1]/div[1]/div/header/div/div[1]/img
[2022-01-26 17:06:03,779] - Logs.py] - INFO: 点击登陆成功
[2022-01-26 17:06:03,820] - Logs.py] - INFO: 保存页面截图成功
[2022-01-26 17:06:03,973] - Logs.py] - INFO: 清理成功
[2022-01-26 17:06:07,237] - Logs.py] - INFO: 点击登陆成功
[2022-01-26 17:06:07,259] - Logs.py] - INFO: 点击登陆成功
[2022-01-26 17:06:07,566] - Logs.py] - INFO: 点击成功
[2022-01-26 17:06:08,864] - Logs.py] - INFO: 点击成功
[2022-01-26 17:06:11,176] - Logs.py] - INFO: 点击成功
[2022-01-26 17:06:26,348] - Logs.py] - INFO: 打开浏览器成功
[2022-01-26 17:06:26,373] - Logs.py] - INFO: 输入账号成功
[2022-01-26 17:06:26,387] - Logs.py] - INFO: 输入密码成功
[2022-01-26 17:06:26,437] - Logs.py] - INFO: 保存页面截图成功
[2022-01-26 17:06:26,606] - Logs.py] - INFO: 清理成功
[2022-01-26 17:06:29,876] - Logs.py] - INFO: 点击登陆成功
[2022-01-26 17:06:31,894] - Logs.py] - ERROR: 找不到该元素/html/body/div[1]/div[1]/div/header/div/div[1]/img
[2022-01-26 17:06:31,894] - Logs.py] - INFO: 点击登陆成功
[2022-01-26 17:06:31,943] - Logs.py] - INFO: 保存页面截图成功
[2022-01-26 17:06:32,085] - Logs.py] - INFO: 清理成功
[2022-01-26 17:06:35,367] - Logs.py] - INFO: 点击登陆成功
[2022-01-26 17:06:35,374] - Logs.py] - INFO: 点击登陆成功
[2022-01-26 17:06:35,631] - Logs.py] - INFO: 点击成功
[2022-01-26 17:06:36,921] - Logs.py] - INFO: 点击成功
[2022-01-26 17:06:38,950] - Logs.py] - ERROR: 对输入框元素进行操作,未找到该元素!
[2022-01-26 17:06:38,951] - Logs.py] - ERROR: 点击//*[@id="input-13"]异常
[2022-01-26 17:06:58,954] - Logs.py] - INFO: 打开浏览器成功
[2022-01-26 17:06:58,975] - Logs.py] - INFO: 输入账号成功
[2022-01-26 17:06:58,990] - Logs.py] - INFO: 输入密码成功
[2022-01-26 17:06:59,037] - Logs.py] - INFO: 保存页面截图成功
[2022-01-26 17:06:59,194] - Logs.py] - INFO: 清理成功
[2022-01-26 17:07:02,487] - Logs.py] - INFO: 点击登陆成功
[2022-01-26 17:07:04,509] - Logs.py] - ERROR: 找不到该元素/html/body/div[1]/div[1]/div/header/div/div[1]/img
[2022-01-26 17:07:04,509] - Logs.py] - INFO: 点击登陆成功
[2022-01-26 17:07:04,560] - Logs.py] - INFO: 保存页面截图成功
[2022-01-26 17:07:04,700] - Logs.py] - INFO: 清理成功
[2022-01-26 17:07:07,967] - Logs.py] - INFO: 点击登陆成功
[2022-01-26 17:07:09,981] - Logs.py] - ERROR: 找不到该元素/html/body/div[1]/div[1]/div/header/div/div[1]/img
[2022-01-26 17:07:09,981] - Logs.py] - INFO: 点击登陆成功
[2022-01-26 17:07:10,031] - Logs.py] - INFO: 保存页面截图成功
[2022-01-26 17:07:10,170] - Logs.py] - INFO: 清理成功
[2022-01-26 17:07:13,452] - Logs.py] - INFO: 点击登陆成功
[2022-01-26 17:07:15,457] - Logs.py] - ERROR: 找不到该元素/html/body/div[1]/div[1]/div/header/div/div[1]/img
[2022-01-26 17:07:15,457] - Logs.py] - INFO: 点击登陆成功
[2022-01-26 17:07:15,503] - Logs.py] - INFO: 保存页面截图成功
[2022-01-26 17:07:15,641] - Logs.py] - INFO: 清理成功
[2022-01-26 17:07:18,914] - Logs.py] - INFO: 点击登陆成功
[2022-01-26 17:07:20,936] - Logs.py] - ERROR: 找不到该元素/html/body/div[1]/div[1]/div/header/div/div[1]/img
[2022-01-26 17:07:20,937] - Logs.py] - INFO: 点击登陆成功
[2022-01-26 17:07:20,984] - Logs.py] - INFO: 保存页面截图成功
[2022-01-26 17:07:21,121] - Logs.py] - INFO: 清理成功
[2022-01-26 17:07:24,386] - Logs.py] - INFO: 点击登陆成功
[2022-01-26 17:07:26,397] - Logs.py] - ERROR: 找不到该元素/html/body/div[1]/div[1]/div/header/div/div[1]/img
[2022-01-26 17:07:26,398] - Logs.py] - INFO: 点击登陆成功
[2022-01-26 17:07:26,446] - Logs.py] - INFO: 保存页面截图成功
[2022-01-26 17:07:26,587] - Logs.py] - INFO: 清理成功
[2022-01-26 17:07:29,858] - Logs.py] - INFO: 点击登陆成功
[2022-01-26 17:07:31,878] - Logs.py] - ERROR: 找不到该元素/html/body/div[1]/div[1]/div/header/div/div[1]/img
[2022-01-26 17:07:31,879] - Logs.py] - INFO: 点击登陆成功
[2022-01-26 17:07:31,930] - Logs.py] - INFO: 保存页面截图成功
[2022-01-26 17:07:32,068] - Logs.py] - INFO: 清理成功
[2022-01-26 17:07:35,336] - Logs.py] - INFO: 点击登陆成功
[2022-01-26 17:07:37,353] - Logs.py] - ERROR: 找不到该元素/html/body/div[1]/div[1]/div/header/div/div[1]/img
[2022-01-26 17:07:37,353] - Logs.py] - INFO: 点击登陆成功
[2022-01-26 17:07:37,390] - Logs.py] - INFO: 保存页面截图成功
[2022-01-26 17:07:37,558] - Logs.py] - INFO: 清理成功
[2022-01-26 17:07:40,819] - Logs.py] - INFO: 点击登陆成功
[2022-01-26 17:07:42,833] - Logs.py] - ERROR: 找不到该元素/html/body/div[1]/div[1]/div/header/div/div[1]/img
[2022-01-26 17:07:42,834] - Logs.py] - INFO: 点击登陆成功
[2022-01-26 17:07:42,887] - Logs.py] - INFO: 保存页面截图成功
[2022-01-26 17:07:43,024] - Logs.py] - INFO: 清理成功
[2022-01-26 17:07:46,302] - Logs.py] - INFO: 点击登陆成功
[2022-01-26 17:07:48,323] - Logs.py] - ERROR: 找不到该元素/html/body/div[1]/div[1]/div/header/div/div[1]/img
[2022-01-26 17:07:48,324] - Logs.py] - INFO: 点击登陆成功
[2022-01-26 17:07:48,373] - Logs.py] - INFO: 保存页面截图成功
[2022-01-26 17:07:48,514] - Logs.py] - INFO: 清理成功
[2022-01-26 17:07:51,787] - Logs.py] - INFO: 点击登陆成功
[2022-01-26 17:07:53,812] - Logs.py] - ERROR: 找不到该元素/html/body/div[1]/div[1]/div/header/div/div[1]/img
[2022-01-26 17:07:53,812] - Logs.py] - INFO: 点击登陆成功
[2022-01-26 17:07:53,859] - Logs.py] - INFO: 保存页面截图成功
[2022-01-26 17:07:54,013] - Logs.py] - INFO: 清理成功
[2022-01-26 17:07:57,304] - Logs.py] - INFO: 点击登陆成功
[2022-01-26 17:07:59,318] - Logs.py] - ERROR: 找不到该元素/html/body/div[1]/div[1]/div/header/div/div[1]/img
[2022-01-26 17:07:59,319] - Logs.py] - INFO: 点击登陆成功
[2022-01-26 17:07:59,366] - Logs.py] - INFO: 保存页面截图成功
[2022-01-26 17:07:59,499] - Logs.py] - INFO: 清理成功
[2022-01-26 17:08:02,785] - Logs.py] - INFO: 点击登陆成功
[2022-01-26 17:08:04,807] - Logs.py] - ERROR: 找不到该元素/html/body/div[1]/div[1]/div/header/div/div[1]/img
[2022-01-26 17:08:04,808] - Logs.py] - INFO: 点击登陆成功
[2022-01-26 17:08:04,858] - Logs.py] - INFO: 保存页面截图成功
[2022-01-26 17:08:05,000] - Logs.py] - INFO: 清理成功
[2022-01-26 17:08:08,263] - Logs.py] - INFO: 点击登陆成功
[2022-01-26 17:08:10,284] - Logs.py] - ERROR: 找不到该元素/html/body/div[1]/div[1]/div/header/div/div[1]/img
[2022-01-26 17:08:10,285] - Logs.py] - INFO: 点击登陆成功
[2022-01-26 17:08:10,334] - Logs.py] - INFO: 保存页面截图成功
[2022-01-26 17:08:10,486] - Logs.py] - INFO: 清理成功
[2022-01-26 17:08:13,754] - Logs.py] - INFO: 点击登陆成功
[2022-01-26 17:08:15,762] - Logs.py] - ERROR: 找不到该元素/html/body/div[1]/div[1]/div/header/div/div[1]/img
[2022-01-26 17:08:15,762] - Logs.py] - INFO: 点击登陆成功
[2022-01-26 17:08:15,809] - Logs.py] - INFO: 保存页面截图成功
[2022-01-26 17:08:15,958] - Logs.py] - INFO: 清理成功
[2022-01-26 17:08:19,250] - Logs.py] - INFO: 点击登陆成功
[2022-01-26 17:08:21,261] - Logs.py] - ERROR: 找不到该元素/html/body/div[1]/div[1]/div/header/div/div[1]/img
[2022-01-26 17:08:21,261] - Logs.py] - INFO: 点击登陆成功
[2022-01-26 17:08:21,310] - Logs.py] - INFO: 保存页面截图成功
[2022-01-26 17:08:21,444] - Logs.py] - INFO: 清理成功
[2022-01-26 17:08:24,719] - Logs.py] - INFO: 点击登陆成功
[2022-01-26 17:08:26,732] - Logs.py] - ERROR: 找不到该元素/html/body/div[1]/div[1]/div/header/div/div[1]/img
[2022-01-26 17:08:26,733] - Logs.py] - INFO: 点击登陆成功
[2022-01-26 17:08:26,782] - Logs.py] - INFO: 保存页面截图成功
[2022-01-26 17:08:26,915] - Logs.py] - INFO: 清理成功
[2022-01-26 17:08:30,197] - Logs.py] - INFO: 点击登陆成功
[2022-01-26 17:08:32,216] - Logs.py] - ERROR: 找不到该元素/html/body/div[1]/div[1]/div/header/div/div[1]/img
[2022-01-26 17:08:32,216] - Logs.py] - INFO: 点击登陆成功
[2022-01-26 17:08:32,268] - Logs.py] - INFO: 保存页面截图成功
[2022-01-26 17:08:32,416] - Logs.py] - INFO: 清理成功
[2022-01-26 17:08:35,693] - Logs.py] - INFO: 点击登陆成功
[2022-01-26 17:08:37,706] - Logs.py] - ERROR: 找不到该元素/html/body/div[1]/div[1]/div/header/div/div[1]/img
[2022-01-26 17:08:37,707] - Logs.py] - INFO: 点击登陆成功
[2022-01-26 17:08:37,753] - Logs.py] - INFO: 保存页面截图成功
[2022-01-26 17:08:37,887] - Logs.py] - INFO: 清理成功
[2022-01-26 17:08:41,177] - Logs.py] - INFO: 点击登陆成功
[2022-01-26 17:08:43,190] - Logs.py] - ERROR: 找不到该元素/html/body/div[1]/div[1]/div/header/div/div[1]/img
[2022-01-26 17:08:43,191] - Logs.py] - INFO: 点击登陆成功
[2022-01-26 17:08:43,238] - Logs.py] - INFO: 保存页面截图成功
[2022-01-26 17:08:43,377] - Logs.py] - INFO: 清理成功
[2022-01-26 17:08:46,628] - Logs.py] - INFO: 点击登陆成功
[2022-01-26 17:08:48,652] - Logs.py] - ERROR: 找不到该元素/html/body/div[1]/div[1]/div/header/div/div[1]/img
[2022-01-26 17:08:48,652] - Logs.py] - INFO: 点击登陆成功
[2022-01-26 17:08:50,666] - Logs.py] - ERROR: 元素点击操作，找不到该元素
[2022-01-26 17:08:50,667] - Logs.py] - ERROR: 点击/html/body/div[1]/div[1]/div/nav/div[1]/div[2]/div[2]/div[1]/div[2]/div异常
[2022-01-26 17:09:25,689] - Logs.py] - INFO: 打开浏览器成功
[2022-01-26 17:09:25,716] - Logs.py] - INFO: 输入账号成功
[2022-01-26 17:09:25,730] - Logs.py] - INFO: 输入密码成功
[2022-01-26 17:09:25,784] - Logs.py] - INFO: 保存页面截图成功
[2022-01-26 17:09:25,947] - Logs.py] - INFO: 清理成功
[2022-01-26 17:09:28,212] - Logs.py] - INFO: 点击登陆成功
[2022-01-26 17:09:30,221] - Logs.py] - ERROR: 找不到该元素/html/body/div[1]/div[1]/div/header/div/div[1]/img
[2022-01-26 17:09:30,221] - Logs.py] - INFO: 点击登陆成功
[2022-01-26 17:09:30,282] - Logs.py] - INFO: 保存页面截图成功
[2022-01-26 17:09:30,444] - Logs.py] - INFO: 清理成功
[2022-01-26 17:09:32,730] - Logs.py] - INFO: 点击登陆成功
[2022-01-26 17:09:34,753] - Logs.py] - ERROR: 找不到该元素/html/body/div[1]/div[1]/div/header/div/div[1]/img
[2022-01-26 17:09:34,753] - Logs.py] - INFO: 点击登陆成功
[2022-01-26 17:09:34,800] - Logs.py] - INFO: 保存页面截图成功
[2022-01-26 17:09:34,953] - Logs.py] - INFO: 清理成功
[2022-01-26 17:09:37,220] - Logs.py] - INFO: 点击登陆成功
[2022-01-26 17:09:39,248] - Logs.py] - ERROR: 找不到该元素/html/body/div[1]/div[1]/div/header/div/div[1]/img
[2022-01-26 17:09:39,248] - Logs.py] - INFO: 点击登陆成功
[2022-01-26 17:09:39,300] - Logs.py] - INFO: 保存页面截图成功
[2022-01-26 17:09:39,442] - Logs.py] - INFO: 清理成功
[2022-01-26 17:09:41,713] - Logs.py] - INFO: 点击登陆成功
[2022-01-26 17:09:43,732] - Logs.py] - ERROR: 找不到该元素/html/body/div[1]/div[1]/div/header/div/div[1]/img
[2022-01-26 17:09:43,732] - Logs.py] - INFO: 点击登陆成功
[2022-01-26 17:09:43,781] - Logs.py] - INFO: 保存页面截图成功
[2022-01-26 17:09:43,922] - Logs.py] - INFO: 清理成功
[2022-01-26 17:09:46,177] - Logs.py] - INFO: 点击登陆成功
[2022-01-26 17:09:48,194] - Logs.py] - ERROR: 找不到该元素/html/body/div[1]/div[1]/div/header/div/div[1]/img
[2022-01-26 17:09:48,194] - Logs.py] - INFO: 点击登陆成功
[2022-01-26 17:09:48,248] - Logs.py] - INFO: 保存页面截图成功
[2022-01-26 17:09:48,397] - Logs.py] - INFO: 清理成功
[2022-01-26 17:09:50,656] - Logs.py] - INFO: 点击登陆成功
[2022-01-26 17:09:52,670] - Logs.py] - ERROR: 找不到该元素/html/body/div[1]/div[1]/div/header/div/div[1]/img
[2022-01-26 17:09:52,670] - Logs.py] - INFO: 点击登陆成功
[2022-01-26 17:09:52,732] - Logs.py] - INFO: 保存页面截图成功
[2022-01-26 17:09:52,883] - Logs.py] - INFO: 清理成功
[2022-01-26 17:09:55,151] - Logs.py] - INFO: 点击登陆成功
[2022-01-26 17:09:57,167] - Logs.py] - ERROR: 找不到该元素/html/body/div[1]/div[1]/div/header/div/div[1]/img
[2022-01-26 17:09:57,168] - Logs.py] - INFO: 点击登陆成功
[2022-01-26 17:09:57,218] - Logs.py] - INFO: 保存页面截图成功
[2022-01-26 17:09:57,360] - Logs.py] - INFO: 清理成功
[2022-01-26 17:09:59,614] - Logs.py] - INFO: 点击登陆成功
[2022-01-26 17:09:59,655] - Logs.py] - INFO: 点击登陆成功
[2022-01-26 17:09:59,890] - Logs.py] - INFO: 点击成功
[2022-01-26 17:10:01,171] - Logs.py] - INFO: 点击成功
[2022-01-26 17:10:03,460] - Logs.py] - INFO: 点击成功
[2022-01-26 17:17:04,569] - Logs.py] - INFO: 打开浏览器成功
[2022-01-26 17:17:04,596] - Logs.py] - INFO: 输入账号成功
[2022-01-26 17:17:04,610] - Logs.py] - INFO: 输入密码成功
[2022-01-26 17:17:04,661] - Logs.py] - INFO: 保存页面截图成功
[2022-01-26 17:17:05,093] - Logs.py] - INFO: 清理成功
[2022-01-26 17:17:07,374] - Logs.py] - INFO: 点击登陆成功
[2022-01-26 17:17:09,393] - Logs.py] - ERROR: 找不到该元素/html/body/div[1]/div[1]/div/header/div/div[1]/img
[2022-01-26 17:17:09,394] - Logs.py] - INFO: 点击登陆成功
[2022-01-26 17:17:09,443] - Logs.py] - INFO: 保存页面截图成功
[2022-01-26 17:17:09,585] - Logs.py] - INFO: 清理成功
[2022-01-26 17:17:11,858] - Logs.py] - INFO: 点击登陆成功
[2022-01-26 17:17:13,878] - Logs.py] - ERROR: 找不到该元素/html/body/div[1]/div[1]/div/header/div/div[1]/img
[2022-01-26 17:17:13,879] - Logs.py] - INFO: 点击登陆成功
[2022-01-26 17:17:13,928] - Logs.py] - INFO: 保存页面截图成功
[2022-01-26 17:17:14,071] - Logs.py] - INFO: 清理成功
[2022-01-26 17:17:16,335] - Logs.py] - INFO: 点击登陆成功
[2022-01-26 17:17:18,350] - Logs.py] - ERROR: 找不到该元素/html/body/div[1]/div[1]/div/header/div/div[1]/img
[2022-01-26 17:17:18,350] - Logs.py] - INFO: 点击登陆成功
[2022-01-26 17:17:18,402] - Logs.py] - INFO: 保存页面截图成功
[2022-01-26 17:17:18,547] - Logs.py] - INFO: 清理成功
[2022-01-26 17:17:20,818] - Logs.py] - INFO: 点击登陆成功
[2022-01-26 17:17:22,840] - Logs.py] - ERROR: 找不到该元素/html/body/div[1]/div[1]/div/header/div/div[1]/img
[2022-01-26 17:17:22,841] - Logs.py] - INFO: 点击登陆成功
[2022-01-26 17:17:22,879] - Logs.py] - INFO: 保存页面截图成功
[2022-01-26 17:17:23,069] - Logs.py] - INFO: 清理成功
[2022-01-26 17:17:25,319] - Logs.py] - INFO: 点击登陆成功
[2022-01-26 17:17:27,337] - Logs.py] - ERROR: 找不到该元素/html/body/div[1]/div[1]/div/header/div/div[1]/img
[2022-01-26 17:17:27,338] - Logs.py] - INFO: 点击登陆成功
[2022-01-26 17:17:27,377] - Logs.py] - INFO: 保存页面截图成功
[2022-01-26 17:17:27,523] - Logs.py] - INFO: 清理成功
[2022-01-26 17:17:29,777] - Logs.py] - INFO: 点击登陆成功
[2022-01-26 17:17:31,787] - Logs.py] - ERROR: 找不到该元素/html/body/div[1]/div[1]/div/header/div/div[1]/img
[2022-01-26 17:17:31,787] - Logs.py] - INFO: 点击登陆成功
[2022-01-26 17:17:31,834] - Logs.py] - INFO: 保存页面截图成功
[2022-01-26 17:17:31,972] - Logs.py] - INFO: 清理成功
[2022-01-26 17:17:34,223] - Logs.py] - INFO: 点击登陆成功
[2022-01-26 17:17:36,232] - Logs.py] - ERROR: 找不到该元素/html/body/div[1]/div[1]/div/header/div/div[1]/img
[2022-01-26 17:17:36,233] - Logs.py] - INFO: 点击登陆成功
[2022-01-26 17:17:36,282] - Logs.py] - INFO: 保存页面截图成功
[2022-01-26 17:17:36,418] - Logs.py] - INFO: 清理成功
[2022-01-26 17:17:38,658] - Logs.py] - INFO: 点击登陆成功
[2022-01-26 17:17:40,674] - Logs.py] - ERROR: 找不到该元素/html/body/div[1]/div[1]/div/header/div/div[1]/img
[2022-01-26 17:17:40,674] - Logs.py] - INFO: 点击登陆成功
[2022-01-26 17:17:40,722] - Logs.py] - INFO: 保存页面截图成功
[2022-01-26 17:17:40,862] - Logs.py] - INFO: 清理成功
[2022-01-26 17:17:43,109] - Logs.py] - INFO: 点击登陆成功
[2022-01-26 17:17:45,131] - Logs.py] - ERROR: 找不到该元素/html/body/div[1]/div[1]/div/header/div/div[1]/img
[2022-01-26 17:17:45,132] - Logs.py] - INFO: 点击登陆成功
[2022-01-26 17:17:45,179] - Logs.py] - INFO: 保存页面截图成功
[2022-01-26 17:17:45,327] - Logs.py] - INFO: 清理成功
[2022-01-26 17:17:47,584] - Logs.py] - INFO: 点击登陆成功
[2022-01-26 17:17:47,591] - Logs.py] - INFO: 点击登陆成功
[2022-01-26 17:17:47,861] - Logs.py] - INFO: 点击成功
[2022-01-26 17:17:49,146] - Logs.py] - INFO: 点击成功
[2022-01-26 17:17:51,445] - Logs.py] - INFO: 点击成功
[2022-01-26 17:28:23,843] - Logs.py] - INFO: 打开浏览器成功
[2022-01-26 17:28:23,867] - Logs.py] - INFO: 输入账号成功
[2022-01-26 17:28:23,881] - Logs.py] - INFO: 输入密码成功
[2022-01-26 17:28:23,932] - Logs.py] - INFO: 保存页面截图成功
[2022-01-26 17:28:24,356] - Logs.py] - INFO: 清理成功
[2022-01-26 17:28:26,626] - Logs.py] - INFO: 点击登陆成功
[2022-01-26 17:28:28,637] - Logs.py] - ERROR: 找不到该元素/html/body/div[1]/div[1]/div/header/div/div[1]/img
[2022-01-26 17:28:28,638] - Logs.py] - INFO: 点击登陆成功
[2022-01-26 17:28:28,689] - Logs.py] - INFO: 保存页面截图成功
[2022-01-26 17:28:28,840] - Logs.py] - INFO: 清理成功
[2022-01-26 17:28:31,106] - Logs.py] - INFO: 点击登陆成功
[2022-01-26 17:28:33,118] - Logs.py] - ERROR: 找不到该元素/html/body/div[1]/div[1]/div/header/div/div[1]/img
[2022-01-26 17:28:33,118] - Logs.py] - INFO: 点击登陆成功
[2022-01-26 17:28:33,167] - Logs.py] - INFO: 保存页面截图成功
[2022-01-26 17:28:33,328] - Logs.py] - INFO: 清理成功
[2022-01-26 17:28:35,592] - Logs.py] - INFO: 点击登陆成功
[2022-01-26 17:28:37,612] - Logs.py] - ERROR: 找不到该元素/html/body/div[1]/div[1]/div/header/div/div[1]/img
[2022-01-26 17:28:37,613] - Logs.py] - INFO: 点击登陆成功
[2022-01-26 17:28:37,663] - Logs.py] - INFO: 保存页面截图成功
[2022-01-26 17:28:37,804] - Logs.py] - INFO: 清理成功
[2022-01-26 17:28:40,063] - Logs.py] - INFO: 点击登陆成功
[2022-01-26 17:28:42,086] - Logs.py] - ERROR: 找不到该元素/html/body/div[1]/div[1]/div/header/div/div[1]/img
[2022-01-26 17:28:42,087] - Logs.py] - INFO: 点击登陆成功
[2022-01-26 17:28:42,130] - Logs.py] - INFO: 保存页面截图成功
[2022-01-26 17:28:42,279] - Logs.py] - INFO: 清理成功
[2022-01-26 17:28:44,560] - Logs.py] - INFO: 点击登陆成功
[2022-01-26 17:28:46,603] - Logs.py] - ERROR: 找不到该元素/html/body/div[1]/div[1]/div/header/div/div[1]/img
[2022-01-26 17:28:46,603] - Logs.py] - INFO: 点击登陆成功
[2022-01-26 17:28:46,645] - Logs.py] - INFO: 保存页面截图成功
[2022-01-26 17:28:46,793] - Logs.py] - INFO: 清理成功
[2022-01-26 17:28:49,044] - Logs.py] - INFO: 点击登陆成功
[2022-01-26 17:28:51,068] - Logs.py] - ERROR: 找不到该元素/html/body/div[1]/div[1]/div/header/div/div[1]/img
[2022-01-26 17:28:51,069] - Logs.py] - INFO: 点击登陆成功
[2022-01-26 17:28:51,119] - Logs.py] - INFO: 保存页面截图成功
[2022-01-26 17:28:51,265] - Logs.py] - INFO: 清理成功
[2022-01-26 17:28:53,533] - Logs.py] - INFO: 点击登陆成功
[2022-01-26 17:28:55,552] - Logs.py] - ERROR: 找不到该元素/html/body/div[1]/div[1]/div/header/div/div[1]/img
[2022-01-26 17:28:55,553] - Logs.py] - INFO: 点击登陆成功
[2022-01-26 17:28:55,601] - Logs.py] - INFO: 保存页面截图成功
[2022-01-26 17:28:55,741] - Logs.py] - INFO: 清理成功
[2022-01-26 17:28:58,019] - Logs.py] - INFO: 点击登陆成功
[2022-01-26 17:29:00,037] - Logs.py] - ERROR: 找不到该元素/html/body/div[1]/div[1]/div/header/div/div[1]/img
[2022-01-26 17:29:00,038] - Logs.py] - INFO: 点击登陆成功
[2022-01-26 17:29:00,092] - Logs.py] - INFO: 保存页面截图成功
[2022-01-26 17:29:00,240] - Logs.py] - INFO: 清理成功
[2022-01-26 17:29:02,497] - Logs.py] - INFO: 点击登陆成功
[2022-01-26 17:29:04,513] - Logs.py] - ERROR: 找不到该元素/html/body/div[1]/div[1]/div/header/div/div[1]/img
[2022-01-26 17:29:04,513] - Logs.py] - INFO: 点击登陆成功
[2022-01-26 17:29:04,564] - Logs.py] - INFO: 保存页面截图成功
[2022-01-26 17:29:04,731] - Logs.py] - INFO: 清理成功
[2022-01-26 17:29:07,010] - Logs.py] - INFO: 点击登陆成功
[2022-01-26 17:29:09,029] - Logs.py] - ERROR: 找不到该元素/html/body/div[1]/div[1]/div/header/div/div[1]/img
[2022-01-26 17:29:09,030] - Logs.py] - INFO: 点击登陆成功
[2022-01-26 17:29:09,078] - Logs.py] - INFO: 保存页面截图成功
[2022-01-26 17:29:09,223] - Logs.py] - INFO: 清理成功
[2022-01-26 17:29:11,489] - Logs.py] - INFO: 点击登陆成功
[2022-01-26 17:29:13,511] - Logs.py] - ERROR: 找不到该元素/html/body/div[1]/div[1]/div/header/div/div[1]/img
[2022-01-26 17:29:13,511] - Logs.py] - INFO: 点击登陆成功
[2022-01-26 17:29:13,558] - Logs.py] - INFO: 保存页面截图成功
[2022-01-26 17:29:13,700] - Logs.py] - INFO: 清理成功
[2022-01-26 17:29:15,961] - Logs.py] - INFO: 点击登陆成功
[2022-01-26 17:29:15,982] - Logs.py] - INFO: 点击登陆成功
[2022-01-26 17:29:16,225] - Logs.py] - INFO: 点击成功
[2022-01-26 17:29:17,521] - Logs.py] - INFO: 点击成功
[2022-01-26 17:29:19,815] - Logs.py] - INFO: 点击成功
