[2022-03-15 16:35:31,025] - Logs.py] - INFO: 打开浏览器成功
[2022-03-15 16:35:31,129] - Logs.py] - ERROR: 对输入框元素进行操作,未找到该元素!
[2022-03-15 16:35:31,130] - Logs.py] - ERROR: 输入账号异常
[2022-03-15 17:27:12,680] - Logs.py] - INFO: 打开浏览器成功
[2022-03-15 17:27:12,773] - Logs.py] - ERROR: 对输入框元素进行操作,未找到该元素!
[2022-03-15 17:27:12,773] - Logs.py] - ERROR: 输入账号异常
[2022-03-15 17:27:42,454] - Logs.py] - INFO: 打开浏览器成功
[2022-03-15 17:27:42,526] - Logs.py] - ERROR: 对输入框元素进行操作,未找到该元素!
[2022-03-15 17:27:42,526] - Logs.py] - ERROR: 输入账号异常
[2022-03-15 17:28:12,424] - Logs.py] - INFO: 打开浏览器成功
[2022-03-15 17:28:12,516] - Logs.py] - ERROR: 对输入框元素进行操作,未找到该元素!
[2022-03-15 17:28:12,517] - Logs.py] - ERROR: 输入账号异常
[2022-03-15 17:44:18,502] - Logs.py] - INFO: 打开浏览器成功
[2022-03-15 17:44:18,531] - Logs.py] - INFO: 输入账号成功
[2022-03-15 17:44:18,549] - Logs.py] - INFO: 输入密码成功
[2022-03-15 17:44:18,632] - Logs.py] - INFO: 保存页面截图成功
[2022-03-15 17:44:19,711] - Logs.py] - INFO: 清理成功
[2022-03-15 17:44:21,965] - Logs.py] - INFO: 点击登陆成功
[2022-03-15 17:44:23,978] - Logs.py] - ERROR: 找不到该元素/html/body/div[1]/div[1]/div/header/div/div[1]/img
[2022-03-15 17:44:23,979] - Logs.py] - INFO: 点击登陆成功
[2022-03-15 17:44:24,030] - Logs.py] - INFO: 保存页面截图成功
[2022-03-15 17:44:24,172] - Logs.py] - INFO: 清理成功
[2022-03-15 17:44:26,428] - Logs.py] - INFO: 点击登陆成功
[2022-03-15 17:44:28,439] - Logs.py] - ERROR: 找不到该元素/html/body/div[1]/div[1]/div/header/div/div[1]/img
[2022-03-15 17:44:28,439] - Logs.py] - INFO: 点击登陆成功
[2022-03-15 17:44:28,497] - Logs.py] - INFO: 保存页面截图成功
[2022-03-15 17:44:28,648] - Logs.py] - INFO: 清理成功
[2022-03-15 17:44:31,107] - Logs.py] - INFO: 点击登陆成功
[2022-03-15 17:44:33,114] - Logs.py] - ERROR: 找不到该元素/html/body/div[1]/div[1]/div/header/div/div[1]/img
[2022-03-15 17:44:33,115] - Logs.py] - INFO: 点击登陆成功
[2022-03-15 17:44:33,170] - Logs.py] - INFO: 保存页面截图成功
[2022-03-15 17:44:33,336] - Logs.py] - INFO: 清理成功
[2022-03-15 17:44:36,089] - Logs.py] - INFO: 点击登陆成功
[2022-03-15 17:44:38,105] - Logs.py] - ERROR: 找不到该元素/html/body/div[1]/div[1]/div/header/div/div[1]/img
[2022-03-15 17:44:38,106] - Logs.py] - INFO: 点击登陆成功
[2022-03-15 17:44:38,157] - Logs.py] - INFO: 保存页面截图成功
[2022-03-15 17:44:38,299] - Logs.py] - INFO: 清理成功
[2022-03-15 17:44:41,046] - Logs.py] - INFO: 点击登陆成功
[2022-03-15 17:44:43,063] - Logs.py] - ERROR: 找不到该元素/html/body/div[1]/div[1]/div/header/div/div[1]/img
[2022-03-15 17:44:43,064] - Logs.py] - INFO: 点击登陆成功
[2022-03-15 17:44:43,117] - Logs.py] - INFO: 保存页面截图成功
[2022-03-15 17:44:43,262] - Logs.py] - INFO: 清理成功
[2022-03-15 17:44:45,514] - Logs.py] - INFO: 点击登陆成功
[2022-03-15 17:44:45,532] - Logs.py] - INFO: 点击登陆成功
[2022-03-15 17:44:45,789] - Logs.py] - INFO: 点击成功
[2022-03-15 17:44:47,083] - Logs.py] - INFO: 点击成功
[2022-03-15 17:44:49,377] - Logs.py] - INFO: 点击成功
