[2022-01-27 11:35:59,699] - Logs.py] - INFO: 打开浏览器成功
[2022-01-27 11:35:59,726] - Logs.py] - INFO: 输入账号成功
[2022-01-27 11:35:59,740] - Logs.py] - INFO: 输入密码成功
[2022-01-27 11:35:59,804] - Logs.py] - INFO: 保存页面截图成功
[2022-01-27 11:36:09,415] - Logs.py] - INFO: 清理成功
[2022-01-27 11:36:11,690] - Logs.py] - INFO: 点击登陆成功
[2022-01-27 11:36:13,710] - Logs.py] - ERROR: 找不到该元素/html/body/div[1]/div[1]/div/header/div/div[1]/img
[2022-01-27 11:36:13,712] - Logs.py] - INFO: 点击登陆成功
[2022-01-27 11:36:13,762] - Logs.py] - INFO: 保存页面截图成功
[2022-01-27 11:36:13,911] - Logs.py] - INFO: 清理成功
[2022-01-27 11:36:16,176] - Logs.py] - INFO: 点击登陆成功
[2022-01-27 11:36:16,183] - Logs.py] - INFO: 点击登陆成功
[2022-01-27 11:36:16,515] - Logs.py] - INFO: 点击成功
[2022-01-27 11:36:17,799] - Logs.py] - INFO: 点击成功
[2022-01-27 11:36:20,111] - Logs.py] - INFO: 点击成功
[2022-01-27 11:37:14,101] - Logs.py] - INFO: 打开浏览器成功
[2022-01-27 11:37:14,126] - Logs.py] - INFO: 输入账号成功
[2022-01-27 11:37:14,139] - Logs.py] - INFO: 输入密码成功
[2022-01-27 11:37:14,188] - Logs.py] - INFO: 保存页面截图成功
[2022-01-27 11:37:14,366] - Logs.py] - INFO: 清理成功
[2022-01-27 11:37:16,642] - Logs.py] - INFO: 点击登陆成功
[2022-01-27 11:37:18,655] - Logs.py] - ERROR: 找不到该元素/html/body/div[1]/div[1]/div/header/div/div[1]/img
[2022-01-27 11:37:18,655] - Logs.py] - INFO: 点击登陆成功
[2022-01-27 11:37:18,703] - Logs.py] - INFO: 保存页面截图成功
[2022-01-27 11:37:18,854] - Logs.py] - INFO: 清理成功
[2022-01-27 11:37:21,132] - Logs.py] - INFO: 点击登陆成功
[2022-01-27 11:37:23,140] - Logs.py] - ERROR: 找不到该元素/html/body/div[1]/div[1]/div/header/div/div[1]/img
[2022-01-27 11:37:23,141] - Logs.py] - INFO: 点击登陆成功
[2022-01-27 11:37:23,194] - Logs.py] - INFO: 保存页面截图成功
[2022-01-27 11:37:23,346] - Logs.py] - INFO: 清理成功
[2022-01-27 11:37:25,633] - Logs.py] - INFO: 点击登陆成功
[2022-01-27 11:37:27,653] - Logs.py] - ERROR: 找不到该元素/html/body/div[1]/div[1]/div/header/div/div[1]/img
[2022-01-27 11:37:27,654] - Logs.py] - INFO: 点击登陆成功
[2022-01-27 11:37:27,708] - Logs.py] - INFO: 保存页面截图成功
[2022-01-27 11:37:27,858] - Logs.py] - INFO: 清理成功
[2022-01-27 11:37:30,116] - Logs.py] - INFO: 点击登陆成功
[2022-01-27 11:37:32,133] - Logs.py] - ERROR: 找不到该元素/html/body/div[1]/div[1]/div/header/div/div[1]/img
[2022-01-27 11:37:32,135] - Logs.py] - INFO: 点击登陆成功
[2022-01-27 11:37:32,184] - Logs.py] - INFO: 保存页面截图成功
[2022-01-27 11:37:32,334] - Logs.py] - INFO: 清理成功
[2022-01-27 11:37:34,599] - Logs.py] - INFO: 点击登陆成功
[2022-01-27 11:37:36,619] - Logs.py] - ERROR: 找不到该元素/html/body/div[1]/div[1]/div/header/div/div[1]/img
[2022-01-27 11:37:36,619] - Logs.py] - INFO: 点击登陆成功
[2022-01-27 11:37:36,666] - Logs.py] - INFO: 保存页面截图成功
[2022-01-27 11:37:36,818] - Logs.py] - INFO: 清理成功
[2022-01-27 11:37:39,087] - Logs.py] - INFO: 点击登陆成功
[2022-01-27 11:37:41,102] - Logs.py] - ERROR: 找不到该元素/html/body/div[1]/div[1]/div/header/div/div[1]/img
[2022-01-27 11:37:41,102] - Logs.py] - INFO: 点击登陆成功
[2022-01-27 11:37:41,149] - Logs.py] - INFO: 保存页面截图成功
[2022-01-27 11:37:41,287] - Logs.py] - INFO: 清理成功
[2022-01-27 11:37:43,557] - Logs.py] - INFO: 点击登陆成功
[2022-01-27 11:37:45,578] - Logs.py] - ERROR: 找不到该元素/html/body/div[1]/div[1]/div/header/div/div[1]/img
[2022-01-27 11:37:45,580] - Logs.py] - INFO: 点击登陆成功
[2022-01-27 11:37:45,622] - Logs.py] - INFO: 保存页面截图成功
[2022-01-27 11:37:45,762] - Logs.py] - INFO: 清理成功
[2022-01-27 11:37:48,021] - Logs.py] - INFO: 点击登陆成功
[2022-01-27 11:37:48,021] - Logs.py] - INFO: 点击登陆成功
[2022-01-27 11:37:48,322] - Logs.py] - INFO: 点击成功
[2022-01-27 11:37:49,609] - Logs.py] - INFO: 点击成功
[2022-01-27 11:37:51,851] - Logs.py] - INFO: 点击成功
